   0.000000E+00   0.000000E+00   0.145129E-02  -0.145129E-02   0.000000E+00  -0.410151E-02   0.437487E-03   0.420721E-02  -0.886383E-03   0.410151E-02  -0.420721E-02  -0.437487E-03   0.886383E-03   0.000000E+00  -0.145129E-02   0.145129E-02   0.000000E+00
   0.500000E-02   0.000000E+00   0.145788E-02  -0.145788E-02   0.000000E+00  -0.408632E-02  -0.775116E-02   0.423473E-02  -0.877752E-03   0.408632E-02  -0.423473E-02   0.775116E-02   0.877752E-03   0.000000E+00  -0.145788E-02   0.145788E-02   0.000000E+00
   0.100000E-01   0.000000E+00   0.146456E-02  -0.146456E-02   0.000000E+00  -0.407249E-02  -0.159237E-01   0.426010E-02  -0.871855E-03   0.407249E-02  -0.426010E-02   0.159237E-01   0.871855E-03   0.000000E+00  -0.146456E-02   0.146456E-02   0.000000E+00
   0.150000E-01   0.000000E+00   0.147108E-02  -0.147108E-02   0.000000E+00  -0.406291E-02  -0.240653E-01   0.428327E-02  -0.871101E-03   0.406291E-02  -0.428327E-02   0.240653E-01   0.871101E-03   0.000000E+00  -0.147108E-02   0.147108E-02   0.000000E+00
   0.200000E-01   0.000000E+00   0.147791E-02  -0.147791E-02   0.000000E+00  -0.405837E-02  -0.321618E-01   0.430407E-02  -0.878369E-03   0.405837E-02  -0.430407E-02   0.321618E-01   0.878369E-03   0.000000E+00  -0.147791E-02   0.147791E-02   0.000000E+00
   0.250000E-01   0.000000E+00   0.148444E-02  -0.148444E-02   0.000000E+00  -0.406265E-02  -0.401969E-01   0.432304E-02  -0.893911E-03   0.406265E-02  -0.432304E-02   0.401969E-01   0.893911E-03   0.000000E+00  -0.148444E-02   0.148444E-02   0.000000E+00
   0.300000E-01  -0.112569-103   0.149104E-02  -0.149104E-02   0.000000E+00  -0.407785E-02  -0.481576E-01   0.433951E-02  -0.921684E-03   0.407785E-02  -0.433951E-02   0.481576E-01   0.921684E-03   0.112569-103  -0.149104E-02   0.149104E-02   0.000000E+00
   0.350000E-01  -0.608678-101   0.149833E-02  -0.149833E-02   0.000000E+00  -0.410515E-02  -0.560294E-01   0.435392E-02  -0.964557E-03   0.410515E-02  -0.435392E-02   0.560294E-01   0.964557E-03   0.608678-101  -0.149833E-02   0.149833E-02   0.000000E+00
   0.400000E-01  -0.154071E-98   0.150468E-02  -0.150468E-02   0.000000E+00  -0.414793E-02  -0.637964E-01   0.436648E-02  -0.102321E-02   0.414793E-02  -0.436648E-02   0.637964E-01   0.102321E-02   0.154071E-98  -0.150468E-02   0.150468E-02   0.000000E+00
   0.450000E-01  -0.242442E-96   0.151115E-02  -0.151115E-02   0.000000E+00  -0.420750E-02  -0.714443E-01   0.437680E-02  -0.109943E-02   0.420750E-02  -0.437680E-02   0.714443E-01   0.109943E-02   0.242442E-96  -0.151115E-02   0.151115E-02   0.000000E+00
   0.500000E-01  -0.265618E-94   0.151825E-02  -0.151825E-02   0.000000E+00  -0.428609E-02  -0.789611E-01   0.438494E-02  -0.119721E-02   0.428609E-02  -0.438494E-02   0.789611E-01   0.119721E-02   0.265618E-94  -0.151825E-02   0.151825E-02   0.000000E+00
   0.550000E-01  -0.215058E-92   0.152529E-02  -0.152529E-02   0.000000E+00  -0.438644E-02  -0.863358E-01   0.439206E-02  -0.131715E-02   0.438644E-02  -0.439206E-02   0.863358E-01   0.131715E-02   0.215058E-92  -0.152529E-02   0.152529E-02   0.000000E+00
   0.600000E-01  -0.133311E-90   0.153108E-02  -0.153108E-02   0.433681E-20  -0.450928E-02  -0.935510E-01   0.439602E-02  -0.146183E-02   0.450928E-02  -0.439602E-02   0.935510E-01   0.146183E-02   0.133311E-90  -0.153108E-02   0.153108E-02  -0.433681E-20
   0.650000E-01  -0.646912E-89   0.153827E-02  -0.153827E-02   0.228824E-24  -0.465670E-02  -0.100593E+00   0.439860E-02  -0.163163E-02   0.465670E-02  -0.439860E-02   0.100593E+00   0.163163E-02   0.646912E-89  -0.153827E-02   0.153827E-02  -0.228824E-24
   0.700000E-01  -0.249263E-87   0.154532E-02  -0.154532E-02   0.445716E-24  -0.483140E-02  -0.107446E+00   0.439918E-02  -0.182947E-02   0.483140E-02  -0.439918E-02   0.107446E+00   0.182947E-02   0.249263E-87  -0.154532E-02   0.154532E-02  -0.445716E-24
   0.750000E-01  -0.769518E-86   0.155168E-02  -0.155168E-02   0.662529E-24  -0.503308E-02  -0.114115E+00   0.439848E-02  -0.205715E-02   0.503308E-02  -0.439848E-02   0.114115E+00   0.205715E-02   0.769518E-86  -0.155168E-02   0.155168E-02  -0.662529E-24
   0.800000E-01  -0.191419E-84   0.155768E-02  -0.155768E-02   0.879226E-24  -0.526474E-02  -0.120574E+00   0.439694E-02  -0.231551E-02   0.526474E-02  -0.439694E-02   0.120574E+00   0.231551E-02   0.191419E-84  -0.155768E-02   0.155768E-02  -0.879226E-24
   0.850000E-01  -0.385149E-83   0.156351E-02  -0.156351E-02   0.109577E-23  -0.552932E-02  -0.126822E+00   0.439326E-02  -0.260555E-02   0.552932E-02  -0.439326E-02   0.126822E+00   0.260555E-02   0.385149E-83  -0.156351E-02   0.156351E-02  -0.109577E-23
   0.900000E-01  -0.629124E-82   0.157038E-02  -0.157038E-02   0.131213E-23  -0.582477E-02  -0.132835E+00   0.438801E-02  -0.292933E-02   0.582477E-02  -0.438801E-02   0.132835E+00   0.292933E-02   0.629124E-82  -0.157038E-02   0.157038E-02  -0.131213E-23
   0.950000E-01  -0.838688E-81   0.157532E-02  -0.157532E-02   0.152826E-23  -0.615416E-02  -0.138623E+00   0.438204E-02  -0.328794E-02   0.615416E-02  -0.438204E-02   0.138623E+00   0.328794E-02   0.838688E-81  -0.157532E-02   0.157532E-02  -0.152826E-23
   0.100000E+00  -0.920492E-80   0.158228E-02  -0.158228E-02   0.217015E-20  -0.651661E-02  -0.144161E+00   0.437409E-02  -0.368551E-02   0.651661E-02  -0.437409E-02   0.144161E+00   0.368551E-02   0.920492E-80  -0.158228E-02   0.158228E-02  -0.217015E-20
   0.105000E+00  -0.186182E-78   0.158917E-02  -0.158917E-02   0.207412E-23  -0.691722E-02  -0.149453E+00   0.436681E-02  -0.411629E-02   0.691722E-02  -0.436681E-02   0.149453E+00   0.411629E-02   0.186182E-78  -0.158917E-02   0.158917E-02  -0.207412E-23
   0.110000E+00  -0.398650E-76   0.159571E-02  -0.159571E-02   0.239779E-23  -0.735326E-02  -0.154482E+00   0.435600E-02  -0.458653E-02   0.735326E-02  -0.435600E-02   0.154482E+00   0.458653E-02   0.398650E-76  -0.159571E-02   0.159571E-02  -0.239779E-23
   0.115000E+00  -0.687033E-74   0.160048E-02  -0.160048E-02   0.272107E-23  -0.782610E-02  -0.159239E+00   0.434759E-02  -0.509358E-02   0.782610E-02  -0.434759E-02   0.159239E+00   0.509358E-02   0.687033E-74  -0.160048E-02   0.160048E-02  -0.272107E-23
   0.120000E+00  -0.723280E-72   0.160407E-02  -0.160407E-02   0.304386E-23  -0.833916E-02  -0.163727E+00   0.433440E-02  -0.563703E-02   0.833916E-02  -0.433440E-02   0.163727E+00   0.563703E-02   0.723280E-72  -0.160407E-02   0.160407E-02  -0.304386E-23
   0.125000E+00  -0.510510E-70   0.161284E-02  -0.161284E-02   0.336614E-23  -0.888690E-02  -0.167938E+00   0.432232E-02  -0.622836E-02   0.888690E-02  -0.432232E-02   0.167938E+00   0.622836E-02   0.510510E-70  -0.161284E-02   0.161284E-02  -0.336614E-23
   0.130000E+00  -0.254593E-68   0.161809E-02  -0.161809E-02   0.368785E-23  -0.947186E-02  -0.171860E+00   0.431123E-02  -0.685711E-02   0.947186E-02  -0.431123E-02   0.171860E+00   0.685711E-02   0.254593E-68  -0.161809E-02   0.161809E-02  -0.368785E-23
   0.135000E+00  -0.922109E-67   0.162300E-02  -0.162300E-02   0.400891E-23  -0.100947E-01  -0.175505E+00   0.429835E-02  -0.752198E-02   0.100947E-01  -0.429835E-02   0.175505E+00   0.752198E-02   0.922109E-67  -0.162300E-02   0.162300E-02  -0.400891E-23
   0.140000E+00  -0.245816E-65   0.163164E-02  -0.163164E-02   0.217274E-20  -0.107632E-01  -0.178849E+00   0.428239E-02  -0.822479E-02   0.107632E-01  -0.428239E-02   0.178849E+00   0.822479E-02   0.245816E-65  -0.163164E-02   0.163164E-02  -0.217274E-20
   0.145000E+00  -0.484865E-64   0.162989E-02  -0.162989E-02   0.476335E-23  -0.114691E-01  -0.181908E+00   0.426865E-02  -0.897339E-02   0.114691E-01  -0.426865E-02   0.181908E+00   0.897339E-02   0.484865E-64  -0.162989E-02   0.162989E-02  -0.476335E-23
   0.150000E+00  -0.709640E-63   0.164254E-02  -0.164254E-02   0.519066E-23  -0.122002E-01  -0.184667E+00   0.425505E-02  -0.975972E-02   0.122002E-01  -0.425505E-02   0.184667E+00   0.975972E-02   0.709640E-63  -0.164254E-02   0.164254E-02  -0.519066E-23
   0.155000E+00  -0.776996E-62   0.164431E-02  -0.164431E-02   0.217402E-20  -0.129746E-01  -0.187132E+00   0.423985E-02  -0.105858E-01   0.129746E-01  -0.423985E-02   0.187132E+00   0.105858E-01   0.776996E-62  -0.164431E-02   0.164431E-02  -0.217402E-20
   0.160000E+00  -0.651525E-61   0.164967E-02  -0.164967E-02  -0.866747E-20  -0.138022E-01  -0.189289E+00   0.422606E-02  -0.114517E-01   0.138022E-01  -0.422606E-02   0.189289E+00   0.114517E-01   0.651525E-61  -0.164967E-02   0.164967E-02   0.866747E-20
   0.165000E+00  -0.435575E-60   0.165102E-02  -0.165102E-02   0.623214E-23  -0.146424E-01  -0.191168E+00   0.420990E-02  -0.123486E-01   0.146424E-01  -0.420990E-02   0.191168E+00   0.123486E-01   0.435575E-60  -0.165102E-02   0.165102E-02  -0.623214E-23
   0.170000E+00  -0.241541E-59   0.166064E-02  -0.166064E-02   0.633006E-23  -0.155353E-01  -0.192739E+00   0.419771E-02  -0.132867E-01   0.155353E-01  -0.419771E-02   0.192739E+00   0.132867E-01   0.241541E-59  -0.166064E-02   0.166064E-02  -0.633006E-23
   0.175000E+00  -0.114800E-58   0.166871E-02  -0.166871E-02   0.642691E-23  -0.164561E-01  -0.194013E+00   0.418070E-02  -0.142614E-01   0.164561E-01  -0.418070E-02   0.194013E+00   0.142614E-01   0.114800E-58  -0.166871E-02   0.166871E-02  -0.642691E-23
   0.180000E+00  -0.479733E-58   0.167026E-02  -0.167026E-02   0.652268E-23  -0.174162E-01  -0.194981E+00   0.416810E-02  -0.152720E-01   0.174162E-01  -0.416810E-02   0.194981E+00   0.152720E-01   0.479733E-58  -0.167026E-02   0.167026E-02  -0.652268E-23
   0.185000E+00  -0.178619E-57   0.167115E-02  -0.167115E-02   0.661733E-23  -0.184111E-01  -0.195685E+00   0.415234E-02  -0.163242E-01   0.184111E-01  -0.415234E-02   0.195685E+00   0.163242E-01   0.178619E-57  -0.167115E-02   0.167115E-02  -0.661733E-23
   0.190000E+00  -0.541443E-57   0.167910E-02  -0.167910E-02   0.217512E-20  -0.194313E-01  -0.196082E+00   0.413865E-02  -0.173985E-01   0.194313E-01  -0.413865E-02   0.196082E+00   0.173985E-01   0.541443E-57  -0.167910E-02   0.167910E-02  -0.217512E-20
   0.195000E+00  -0.229954E-54   0.168676E-02  -0.168676E-02   0.691765E-23  -0.204854E-01  -0.196205E+00   0.412545E-02  -0.185074E-01   0.204854E-01  -0.412545E-02   0.196205E+00   0.185074E-01   0.229954E-54  -0.168676E-02   0.168676E-02  -0.691765E-23
   0.200000E+00  -0.536456E-52   0.168472E-02  -0.168472E-02   0.711733E-23  -0.215600E-01  -0.196059E+00   0.411020E-02  -0.196559E-01   0.215600E-01  -0.411020E-02   0.196059E+00   0.196559E-01   0.536456E-52  -0.168472E-02   0.168472E-02  -0.711733E-23
   0.205000E+00  -0.533131E-50   0.169433E-02  -0.169433E-02   0.731580E-23  -0.226661E-01  -0.195627E+00   0.409640E-02  -0.208245E-01   0.226661E-01  -0.409640E-02   0.195627E+00   0.208245E-01   0.533131E-50  -0.169433E-02   0.169433E-02  -0.731580E-23
   0.210000E+00  -0.293424E-48   0.169081E-02  -0.169081E-02  -0.866612E-20  -0.238023E-01  -0.194934E+00   0.408453E-02  -0.220163E-01   0.238023E-01  -0.408453E-02   0.194934E+00   0.220163E-01   0.293424E-48  -0.169081E-02   0.169081E-02   0.866612E-20
   0.215000E+00  -0.974449E-47   0.170332E-02  -0.170332E-02   0.725131E-23  -0.249467E-01  -0.193981E+00   0.407102E-02  -0.232452E-01   0.249467E-01  -0.407102E-02   0.193981E+00   0.232452E-01   0.974449E-47  -0.170332E-02   0.170332E-02  -0.725131E-23
   0.220000E+00  -0.200091E-45   0.170690E-02  -0.170690E-02   0.701219E-23  -0.261381E-01  -0.192762E+00   0.405748E-02  -0.244941E-01   0.261381E-01  -0.405748E-02   0.192762E+00   0.244941E-01   0.200091E-45  -0.170690E-02   0.170690E-02  -0.701219E-23
   0.225000E+00   0.693890E-19   0.170845E-02  -0.170845E-02   0.677187E-23  -0.273265E-01  -0.191310E+00   0.404544E-02  -0.257652E-01   0.273265E-01  -0.404544E-02   0.191310E+00   0.257652E-01  -0.693890E-19  -0.170845E-02   0.170845E-02  -0.677187E-23
   0.230000E+00   0.366118E-23   0.171372E-02  -0.171372E-02   0.653040E-23  -0.285410E-01  -0.189625E+00   0.403349E-02  -0.270615E-01   0.285410E-01  -0.403349E-02   0.189625E+00   0.270615E-01  -0.366118E-23  -0.171372E-02   0.171372E-02  -0.653040E-23
   0.235000E+00   0.868076E-20   0.170739E-02  -0.170739E-02   0.217470E-20  -0.297810E-01  -0.187690E+00   0.402229E-02  -0.283562E-01   0.297810E-01  -0.402229E-02   0.187690E+00   0.283562E-01  -0.868076E-20  -0.170739E-02   0.170739E-02  -0.217470E-20
   0.240000E+00  -0.346835E-19   0.171906E-02  -0.171906E-02   0.615867E-23  -0.310253E-01  -0.185546E+00   0.401042E-02  -0.296926E-01   0.310253E-01  -0.401042E-02   0.185546E+00   0.296926E-01   0.346835E-19  -0.171906E-02   0.171906E-02  -0.615867E-23
   0.245000E+00   0.131285E-22   0.172019E-02  -0.172019E-02   0.217443E-20  -0.322834E-01  -0.183184E+00   0.399958E-02  -0.310240E-01   0.322834E-01  -0.399958E-02   0.183184E+00   0.310240E-01  -0.131285E-22  -0.172019E-02   0.172019E-02  -0.217443E-20
   0.250000E+00   0.152917E-22   0.171712E-02  -0.171712E-02   0.599969E-23  -0.335654E-01  -0.180605E+00   0.398949E-02  -0.323727E-01   0.335654E-01  -0.398949E-02   0.180605E+00   0.323727E-01  -0.152917E-22  -0.171712E-02   0.171712E-02  -0.599969E-23
   0.255000E+00   0.174523E-22   0.172711E-02  -0.172711E-02   0.596996E-23  -0.348399E-01  -0.177839E+00   0.397885E-02  -0.337330E-01   0.348399E-01  -0.397885E-02   0.177839E+00   0.337330E-01  -0.174523E-22  -0.172711E-02   0.172711E-02  -0.596996E-23
   0.260000E+00   0.196100E-22   0.173132E-02  -0.173132E-02   0.593924E-23  -0.361281E-01  -0.174894E+00   0.396934E-02  -0.350964E-01   0.361281E-01  -0.396934E-02   0.174894E+00   0.350964E-01  -0.196100E-22  -0.173132E-02   0.173132E-02  -0.593924E-23
   0.265000E+00   0.217642E-22   0.172680E-02  -0.172680E-02   0.590754E-23  -0.374175E-01  -0.171773E+00   0.395770E-02  -0.364783E-01   0.374175E-01  -0.395770E-02   0.171773E+00   0.364783E-01  -0.217642E-22  -0.172680E-02   0.172680E-02  -0.590754E-23
   0.270000E+00   0.239147E-22   0.173854E-02  -0.173854E-02   0.217428E-20  -0.387005E-01  -0.168486E+00   0.395068E-02  -0.378594E-01   0.387005E-01  -0.395068E-02   0.168486E+00   0.378594E-01  -0.239147E-22  -0.173854E-02   0.173854E-02  -0.217428E-20
   0.275000E+00   0.260611E-22   0.173744E-02  -0.173744E-02   0.595564E-23  -0.399947E-01  -0.165038E+00   0.394006E-02  -0.392350E-01   0.399947E-01  -0.394006E-02   0.165038E+00   0.392350E-01  -0.260611E-22  -0.173744E-02   0.173744E-02  -0.595564E-23
   0.280000E+00  -0.346663E-19   0.174038E-02  -0.174038E-02   0.602943E-23  -0.412815E-01  -0.161452E+00   0.393163E-02  -0.406067E-01   0.412815E-01  -0.393163E-02   0.161452E+00   0.406067E-01   0.346663E-19  -0.174038E-02   0.174038E-02  -0.602943E-23
   0.285000E+00   0.285096E-22   0.174110E-02  -0.174110E-02   0.610225E-23  -0.425594E-01  -0.157725E+00   0.392214E-02  -0.419792E-01   0.425594E-01  -0.392214E-02   0.157725E+00   0.419792E-01  -0.285096E-22  -0.174110E-02   0.174110E-02  -0.610225E-23
   0.290000E+00   0.289065E-22   0.174120E-02  -0.174120E-02   0.693952E-19  -0.438401E-01  -0.153896E+00   0.391442E-02  -0.433539E-01   0.438401E-01  -0.391442E-02   0.153896E+00   0.433539E-01  -0.289065E-22  -0.174120E-02   0.174120E-02  -0.693952E-19
   0.295000E+00   0.292983E-22   0.174525E-02  -0.174525E-02   0.138788E-18  -0.451031E-01  -0.149942E+00   0.390628E-02  -0.447146E-01   0.451031E-01  -0.390628E-02   0.149942E+00   0.447146E-01  -0.292983E-22  -0.174525E-02   0.174525E-02  -0.138788E-18
   0.300000E+00   0.870331E-20   0.174580E-02  -0.174580E-02   0.130125E-18  -0.463571E-01  -0.145893E+00   0.389647E-02  -0.460758E-01   0.463571E-01  -0.389647E-02   0.145893E+00   0.460758E-01  -0.870331E-20  -0.174580E-02   0.174580E-02  -0.130125E-18
   0.305000E+00   0.305246E-22   0.174638E-02  -0.174638E-02   0.138816E-18  -0.476046E-01  -0.141735E+00   0.388883E-02  -0.474081E-01   0.476046E-01  -0.388883E-02   0.141735E+00   0.474081E-01  -0.305246E-22  -0.174638E-02   0.174638E-02  -0.138816E-18
   0.310000E+00   0.313351E-22   0.175133E-02  -0.175133E-02   0.138840E-18  -0.488343E-01  -0.137517E+00   0.388115E-02  -0.487363E-01   0.488343E-01  -0.388115E-02   0.137517E+00   0.487363E-01  -0.313351E-22  -0.175133E-02   0.175133E-02  -0.138840E-18
   0.315000E+00   0.321404E-22   0.175104E-02  -0.175104E-02   0.138872E-18  -0.500567E-01  -0.133217E+00   0.387319E-02  -0.500429E-01   0.500567E-01  -0.387319E-02   0.133217E+00   0.500429E-01  -0.321404E-22  -0.175104E-02   0.175104E-02  -0.138872E-18
   0.320000E+00   0.329401E-22   0.175677E-02  -0.175677E-02   0.138910E-18  -0.512425E-01  -0.128860E+00   0.386578E-02  -0.513406E-01   0.512425E-01  -0.386578E-02   0.128860E+00   0.513406E-01  -0.329401E-22  -0.175677E-02   0.175677E-02  -0.138910E-18
   0.325000E+00   0.337343E-22   0.175380E-02  -0.175380E-02   0.138955E-18  -0.524202E-01  -0.124466E+00   0.385670E-02  -0.526239E-01   0.524202E-01  -0.385670E-02   0.124466E+00   0.526239E-01  -0.337343E-22  -0.175380E-02   0.175380E-02  -0.138955E-18
   0.330000E+00   0.345225E-22   0.175439E-02  -0.175439E-02   0.121660E-18  -0.535725E-01  -0.120040E+00   0.384870E-02  -0.538836E-01   0.535725E-01  -0.384870E-02   0.120040E+00   0.538836E-01  -0.345225E-22  -0.175439E-02   0.175439E-02  -0.121660E-18
   0.335000E+00   0.353049E-22   0.175871E-02  -0.175871E-02   0.696759E-19  -0.547089E-01  -0.115579E+00   0.384053E-02  -0.551132E-01   0.547089E-01  -0.384053E-02   0.115579E+00   0.551132E-01  -0.353049E-22  -0.175871E-02   0.175871E-02  -0.696759E-19
   0.340000E+00   0.360812E-22   0.175889E-02  -0.175889E-02   0.277904E-18  -0.558100E-01  -0.111101E+00   0.383297E-02  -0.563253E-01   0.558100E-01  -0.383297E-02   0.111101E+00   0.563253E-01  -0.360812E-22  -0.175889E-02   0.175889E-02  -0.277904E-18
   0.345000E+00   0.368516E-22   0.175606E-02  -0.175606E-02   0.277980E-18  -0.568853E-01  -0.106614E+00   0.382575E-02  -0.575135E-01   0.568853E-01  -0.382575E-02   0.106614E+00   0.575135E-01  -0.368516E-22  -0.175606E-02   0.175606E-02  -0.277980E-18
   0.350000E+00   0.694266E-19   0.176431E-02  -0.176431E-02   0.278069E-18  -0.579454E-01  -0.102131E+00   0.381663E-02  -0.586803E-01   0.579454E-01  -0.381663E-02   0.102131E+00   0.586803E-01  -0.694266E-19  -0.176431E-02   0.176431E-02  -0.278069E-18
   0.355000E+00   0.871566E-20   0.176073E-02  -0.176073E-02   0.279257E-18  -0.589718E-01  -0.976497E-01   0.380831E-02  -0.597973E-01   0.589718E-01  -0.380831E-02   0.976497E-01   0.597973E-01  -0.871566E-20  -0.176073E-02   0.176073E-02  -0.279257E-18
   0.360000E+00   0.467137E-22   0.176137E-02  -0.176137E-02   0.278290E-18  -0.599740E-01  -0.931985E-01   0.380047E-02  -0.608980E-01   0.599740E-01  -0.380047E-02   0.931985E-01   0.608980E-01  -0.467137E-22  -0.176137E-02   0.176137E-02  -0.278290E-18
   0.365000E+00  -0.346432E-19   0.176426E-02  -0.176426E-02   0.331547E-18  -0.609324E-01  -0.887723E-01   0.379176E-02  -0.619748E-01   0.609324E-01  -0.379176E-02   0.887723E-01   0.619748E-01   0.346432E-19  -0.176426E-02   0.176426E-02  -0.331547E-18
   0.370000E+00  -0.303035E-19   0.176043E-02  -0.176043E-02   0.140874E-18  -0.618674E-01  -0.843981E-01   0.378283E-02  -0.630201E-01   0.618674E-01  -0.378283E-02   0.843981E-01   0.630201E-01   0.303035E-19  -0.176043E-02   0.176043E-02  -0.140874E-18
   0.375000E+00   0.554615E-22   0.176391E-02  -0.176391E-02   0.139944E-18  -0.627705E-01  -0.800402E-01   0.377329E-02  -0.640253E-01   0.627705E-01  -0.377329E-02   0.800402E-01   0.640253E-01  -0.554615E-22  -0.176391E-02   0.176391E-02  -0.139944E-18
   0.380000E+00   0.568274E-22   0.177072E-02  -0.177072E-02   0.132589E-20  -0.636418E-01  -0.757475E-01   0.376575E-02  -0.650029E-01   0.636418E-01  -0.376575E-02   0.757475E-01   0.650029E-01  -0.568274E-22  -0.177072E-02   0.177072E-02  -0.132589E-20
   0.385000E+00   0.439500E-20   0.176589E-02  -0.176589E-02   0.148571E-20  -0.644808E-01  -0.715254E-01   0.375676E-02  -0.659461E-01   0.644808E-01  -0.375676E-02   0.715254E-01   0.659461E-01  -0.439500E-20  -0.176589E-02   0.176589E-02  -0.148571E-20
   0.390000E+00  -0.346348E-19   0.176542E-02  -0.176542E-02  -0.200388E-19  -0.652788E-01  -0.673688E-01   0.374688E-02  -0.668661E-01   0.652788E-01  -0.374688E-02   0.673688E-01   0.668661E-01   0.346348E-19  -0.176542E-02   0.176542E-02   0.200388E-19
   0.395000E+00   0.439630E-20   0.176434E-02  -0.176434E-02   0.180340E-20  -0.660558E-01  -0.632751E-01   0.373663E-02  -0.677353E-01   0.660558E-01  -0.373663E-02   0.632751E-01   0.677353E-01  -0.439630E-20  -0.176434E-02   0.176434E-02  -0.180340E-20
   0.400000E+00   0.595192E-22   0.176871E-02  -0.176871E-02   0.140739E-18  -0.667922E-01  -0.592707E-01   0.372546E-02  -0.685857E-01   0.667922E-01  -0.372546E-02   0.592707E-01   0.685857E-01  -0.595192E-22  -0.176871E-02   0.176871E-02  -0.140739E-18
   0.405000E+00   0.390909E-19   0.177454E-02  -0.177454E-02   0.212615E-20  -0.674999E-01  -0.553317E-01   0.371686E-02  -0.693876E-01   0.674999E-01  -0.371686E-02   0.553317E-01   0.693876E-01  -0.390909E-19  -0.177454E-02   0.177454E-02  -0.212615E-20
   0.410000E+00   0.439841E-20   0.177491E-02  -0.177491E-02  -0.962330E-21  -0.681672E-01  -0.514937E-01   0.370523E-02  -0.701549E-01   0.681672E-01  -0.370523E-02   0.514937E-01   0.701549E-01  -0.439841E-20  -0.177491E-02   0.177491E-02   0.962330E-21
   0.415000E+00   0.390951E-19   0.177290E-02  -0.177290E-02  -0.135240E-18  -0.687969E-01  -0.477531E-01   0.369597E-02  -0.708968E-01   0.687969E-01  -0.369597E-02   0.477531E-01   0.708968E-01  -0.390951E-19  -0.177290E-02   0.177290E-02   0.135240E-18
   0.420000E+00   0.138846E-18   0.177160E-02  -0.177160E-02  -0.147375E-19  -0.693972E-01  -0.441074E-01   0.368543E-02  -0.716072E-01   0.693972E-01  -0.368543E-02   0.441074E-01   0.716072E-01  -0.138846E-18  -0.177160E-02   0.177160E-02   0.147375E-19
   0.425000E+00  -0.302783E-19   0.177314E-02  -0.177314E-02   0.276464E-20  -0.699698E-01  -0.405504E-01   0.367398E-02  -0.722661E-01   0.699698E-01  -0.367398E-02   0.405504E-01   0.722661E-01   0.302783E-19  -0.177314E-02   0.177314E-02  -0.276464E-20
   0.430000E+00  -0.346057E-19   0.177565E-02  -0.177565E-02   0.291912E-20  -0.705047E-01  -0.371208E-01   0.366288E-02  -0.729052E-01   0.705047E-01  -0.366288E-02   0.371208E-01   0.729052E-01   0.346057E-19  -0.177565E-02   0.177565E-02  -0.291912E-20
   0.435000E+00   0.443330E-20   0.177429E-02  -0.177429E-02  -0.204010E-18  -0.710017E-01  -0.337943E-01   0.365043E-02  -0.735166E-01   0.710017E-01  -0.365043E-02   0.337943E-01   0.735166E-01  -0.443330E-20  -0.177429E-02   0.177429E-02   0.204010E-18
   0.440000E+00   0.391358E-19   0.176825E-02  -0.176825E-02  -0.135895E-19  -0.714725E-01  -0.305858E-01   0.363783E-02  -0.740898E-01   0.714725E-01  -0.363783E-02   0.305858E-01   0.740898E-01  -0.391358E-19  -0.176825E-02   0.176825E-02   0.135895E-19
   0.445000E+00   0.391458E-19   0.176876E-02  -0.176876E-02   0.142677E-18  -0.719179E-01  -0.274734E-01   0.362734E-02  -0.746256E-01   0.719179E-01  -0.362734E-02   0.274734E-01   0.746256E-01  -0.391458E-19  -0.176876E-02   0.176876E-02  -0.142677E-18
   0.450000E+00   0.177936E-18   0.177505E-02  -0.177505E-02   0.124937E-18  -0.723155E-01  -0.244932E-01   0.361311E-02  -0.751378E-01   0.723155E-01  -0.361311E-02   0.244932E-01   0.751378E-01  -0.177936E-18  -0.177505E-02   0.177505E-02  -0.124937E-18
   0.455000E+00   0.448437E-20   0.177540E-02  -0.177540E-02  -0.657293E-19  -0.726989E-01  -0.216312E-01   0.360129E-02  -0.756137E-01   0.726989E-01  -0.360129E-02   0.216312E-01   0.756137E-01  -0.448437E-20  -0.177540E-02   0.177540E-02   0.657293E-19
   0.460000E+00   0.717259E-19   0.177013E-02  -0.177013E-02   0.435111E-20  -0.730466E-01  -0.188658E-01   0.359001E-02  -0.760562E-01   0.730466E-01  -0.359001E-02   0.188658E-01   0.760562E-01  -0.717259E-19  -0.177013E-02   0.177013E-02  -0.435111E-20
   0.465000E+00   0.739189E-19   0.176659E-02  -0.176659E-02   0.163172E-21  -0.733691E-01  -0.162405E-01   0.357636E-02  -0.764855E-01   0.733691E-01  -0.357636E-02   0.162405E-01   0.764855E-01  -0.739189E-19  -0.176659E-02   0.176659E-02  -0.163172E-21
   0.470000E+00   0.455820E-20   0.177516E-02  -0.177516E-02   0.740370E-19  -0.736669E-01  -0.137147E-01   0.356342E-02  -0.768822E-01   0.736669E-01  -0.356342E-02   0.137147E-01   0.768822E-01  -0.455820E-20  -0.177516E-02   0.177516E-02  -0.740370E-19
   0.475000E+00   0.371126E-19   0.177625E-02  -0.177625E-02  -0.130904E-19  -0.739394E-01  -0.113231E-01   0.354721E-02  -0.772476E-01   0.739394E-01  -0.354721E-02   0.113231E-01   0.772476E-01  -0.371126E-19  -0.177625E-02   0.177625E-02   0.130904E-19
   0.480000E+00  -0.148990E-19   0.177732E-02  -0.177732E-02  -0.133830E-18  -0.741888E-01  -0.903430E-02   0.353376E-02  -0.775902E-01   0.741888E-01  -0.353376E-02   0.903430E-02   0.775902E-01   0.148990E-19  -0.177732E-02   0.177732E-02   0.133830E-18
   0.485000E+00   0.464588E-20   0.177486E-02  -0.177486E-02  -0.203078E-18  -0.744045E-01  -0.687422E-02   0.352007E-02  -0.779111E-01   0.744045E-01  -0.352007E-02   0.687422E-02   0.779111E-01  -0.464588E-20  -0.177486E-02   0.177486E-02   0.203078E-18
   0.490000E+00   0.158632E-18   0.177239E-02  -0.177239E-02  -0.134101E-18  -0.746167E-01  -0.482076E-02   0.350710E-02  -0.782006E-01   0.746167E-01  -0.350710E-02   0.482076E-02   0.782006E-01  -0.158632E-18  -0.177239E-02   0.177239E-02   0.134101E-18
   0.495000E+00  -0.148026E-19   0.177547E-02  -0.177547E-02  -0.205536E-18  -0.747945E-01  -0.289894E-02   0.349083E-02  -0.784799E-01   0.747945E-01  -0.349083E-02   0.289894E-02   0.784799E-01   0.148026E-19  -0.177547E-02   0.177547E-02   0.205536E-18
   0.500000E+00   0.719701E-19   0.177072E-02  -0.177072E-02  -0.342035E-18  -0.749601E-01  -0.106693E-02   0.347617E-02  -0.787371E-01   0.749601E-01  -0.347617E-02   0.106693E-02   0.787371E-01  -0.719701E-19  -0.177072E-02   0.177072E-02   0.342035E-18
   0.505000E+00   0.141399E-18   0.177376E-02  -0.177376E-02  -0.317548E-18  -0.751026E-01   0.647041E-03   0.346204E-02  -0.789734E-01   0.751026E-01  -0.346204E-02  -0.647041E-03   0.789734E-01  -0.141399E-18  -0.177376E-02   0.177376E-02   0.317548E-18
   0.510000E+00   0.108921E-18   0.176527E-02  -0.176527E-02  -0.100632E-18  -0.752321E-01   0.223762E-02   0.344633E-02  -0.792087E-01   0.752321E-01  -0.344633E-02  -0.223762E-02   0.792087E-01  -0.108921E-18  -0.176527E-02   0.176527E-02   0.100632E-18
   0.515000E+00   0.272121E-20   0.176896E-02  -0.176896E-02  -0.419860E-18  -0.753494E-01   0.374737E-02   0.343094E-02  -0.794122E-01   0.753494E-01  -0.343094E-02  -0.374737E-02   0.794122E-01  -0.272121E-20  -0.176896E-02   0.176896E-02   0.419860E-18
   0.520000E+00   0.374699E-19   0.177158E-02  -0.177158E-02  -0.445292E-18  -0.754446E-01   0.513874E-02   0.341573E-02  -0.796037E-01   0.754446E-01  -0.341573E-02  -0.513874E-02   0.796037E-01  -0.374699E-19  -0.177158E-02   0.177158E-02   0.445292E-18
   0.525000E+00   0.283494E-20   0.177193E-02  -0.177193E-02  -0.549895E-18  -0.755467E-01   0.645407E-02   0.339858E-02  -0.797841E-01   0.755467E-01  -0.339858E-02  -0.645407E-02   0.797841E-01  -0.283494E-20  -0.177193E-02   0.177193E-02   0.549895E-18
   0.530000E+00   0.918025E-19   0.176683E-02  -0.176683E-02  -0.552069E-18  -0.756283E-01   0.765766E-02   0.338333E-02  -0.799604E-01   0.756283E-01  -0.338333E-02  -0.765766E-02   0.799604E-01  -0.918025E-19  -0.176683E-02   0.176683E-02   0.552069E-18
   0.535000E+00   0.296890E-20   0.177513E-02  -0.177513E-02  -0.523372E-18  -0.756965E-01   0.876966E-02   0.336583E-02  -0.801154E-01   0.756965E-01  -0.336583E-02  -0.876966E-02   0.801154E-01  -0.296890E-20  -0.177513E-02   0.177513E-02   0.523372E-18
   0.540000E+00  -0.143040E-19   0.177573E-02  -0.177573E-02  -0.411760E-18  -0.757641E-01   0.980416E-02   0.334990E-02  -0.802760E-01   0.757641E-01  -0.334990E-02  -0.980416E-02   0.802760E-01   0.143040E-19  -0.177573E-02   0.177573E-02   0.411760E-18
   0.545000E+00   0.312359E-20   0.177357E-02  -0.177357E-02  -0.351670E-18  -0.758106E-01   0.107242E-01   0.333441E-02  -0.804318E-01   0.758106E-01  -0.333441E-02  -0.107242E-01   0.804318E-01  -0.312359E-20  -0.177357E-02   0.177357E-02   0.351670E-18
   0.550000E+00   0.379018E-19   0.176960E-02  -0.176960E-02  -0.377250E-18  -0.758651E-01   0.115916E-01   0.331715E-02  -0.805737E-01   0.758651E-01  -0.331715E-02  -0.115916E-01   0.805737E-01  -0.379018E-19  -0.176960E-02   0.176960E-02   0.377250E-18
   0.555000E+00  -0.118826E-19   0.177382E-02  -0.177382E-02  -0.481455E-18  -0.759180E-01   0.123883E-01   0.329999E-02  -0.807104E-01   0.759180E-01  -0.329999E-02  -0.123883E-01   0.807104E-01   0.118826E-19  -0.177382E-02   0.177382E-02   0.481455E-18
   0.560000E+00  -0.746750E-19   0.176926E-02  -0.176926E-02  -0.412209E-18  -0.759712E-01   0.130980E-01   0.328474E-02  -0.808496E-01   0.759712E-01  -0.328474E-02  -0.130980E-01   0.808496E-01   0.746750E-19  -0.176926E-02   0.176926E-02   0.412209E-18
   0.565000E+00   0.837094E-19   0.176399E-02  -0.176399E-02  -0.723533E-18  -0.760223E-01   0.137524E-01   0.326723E-02  -0.809830E-01   0.760223E-01  -0.326723E-02  -0.137524E-01   0.809830E-01  -0.837094E-19  -0.176399E-02   0.176399E-02   0.723533E-18
   0.570000E+00  -0.224439E-19   0.177009E-02  -0.177009E-02  -0.519891E-18  -0.760629E-01   0.143242E-01   0.325029E-02  -0.811282E-01   0.760629E-01  -0.325029E-02  -0.143242E-01   0.811282E-01   0.224439E-19  -0.177009E-02   0.177009E-02   0.519891E-18
   0.575000E+00  -0.743817E-19   0.176869E-02  -0.176869E-02  -0.589467E-18  -0.761237E-01   0.148569E-01   0.323379E-02  -0.812639E-01   0.761237E-01  -0.323379E-02  -0.148569E-01   0.812639E-01   0.743817E-19  -0.176869E-02   0.176869E-02   0.589467E-18
   0.580000E+00  -0.143660E-18   0.176492E-02  -0.176492E-02  -0.663980E-18  -0.761732E-01   0.153309E-01   0.321655E-02  -0.814006E-01   0.761732E-01  -0.321655E-02  -0.153309E-01   0.814006E-01   0.143660E-18  -0.176492E-02   0.176492E-02   0.663980E-18
   0.585000E+00  -0.741546E-19   0.176798E-02  -0.176798E-02  -0.451727E-18  -0.762230E-01   0.157409E-01   0.319945E-02  -0.815560E-01   0.762230E-01  -0.319945E-02  -0.157409E-01   0.815560E-01   0.741546E-19  -0.176798E-02   0.176798E-02   0.451727E-18
   0.590000E+00  -0.245329E-18   0.177203E-02  -0.177203E-02  -0.665035E-18  -0.762827E-01   0.161160E-01   0.318433E-02  -0.817097E-01   0.762827E-01  -0.318433E-02  -0.161160E-01   0.817097E-01   0.245329E-18  -0.177203E-02   0.177203E-02   0.665035E-18
   0.595000E+00  -0.104255E-18   0.177133E-02  -0.177133E-02  -0.551480E-18  -0.763518E-01   0.164528E-01   0.316606E-02  -0.818612E-01   0.763518E-01  -0.316606E-02  -0.164528E-01   0.818612E-01   0.104255E-18  -0.177133E-02   0.177133E-02   0.551480E-18
   0.600000E+00   0.194764E-19   0.177413E-02  -0.177413E-02  -0.796813E-18  -0.764320E-01   0.167504E-01   0.315055E-02  -0.820180E-01   0.764320E-01  -0.315055E-02  -0.167504E-01   0.820180E-01  -0.194764E-19  -0.177413E-02   0.177413E-02   0.796813E-18
   0.605000E+00  -0.138672E-18   0.176369E-02  -0.176369E-02  -0.520130E-18  -0.765027E-01   0.170041E-01   0.313366E-02  -0.821899E-01   0.765027E-01  -0.313366E-02  -0.170041E-01   0.821899E-01   0.138672E-18  -0.176369E-02   0.176369E-02   0.520130E-18
   0.610000E+00  -0.103833E-18   0.177330E-02  -0.177330E-02  -0.730813E-18  -0.765834E-01   0.172242E-01   0.311631E-02  -0.823762E-01   0.765834E-01  -0.311631E-02  -0.172242E-01   0.823762E-01   0.103833E-18  -0.177330E-02   0.177330E-02   0.730813E-18
   0.615000E+00  -0.327032E-18   0.176526E-02  -0.176526E-02  -0.659634E-18  -0.766857E-01   0.174439E-01   0.310042E-02  -0.825545E-01   0.766857E-01  -0.310042E-02  -0.174439E-01   0.825545E-01   0.327032E-18  -0.176526E-02   0.176526E-02   0.659634E-18
   0.620000E+00  -0.198959E-18   0.176692E-02  -0.176692E-02  -0.557036E-18  -0.767891E-01   0.176151E-01   0.308493E-02  -0.827544E-01   0.767891E-01  -0.308493E-02  -0.176151E-01   0.827544E-01   0.198959E-18  -0.176692E-02   0.176692E-02   0.557036E-18
   0.625000E+00  -0.428670E-18   0.176766E-02  -0.176766E-02  -0.592156E-18  -0.769040E-01   0.177911E-01   0.306979E-02  -0.829444E-01   0.769040E-01  -0.306979E-02  -0.177911E-01   0.829444E-01   0.428670E-18  -0.176766E-02   0.176766E-02   0.592156E-18
   0.630000E+00  -0.620758E-19   0.177079E-02  -0.177079E-02  -0.852811E-18  -0.770312E-01   0.179441E-01   0.305594E-02  -0.831630E-01   0.770312E-01  -0.305594E-02  -0.179441E-01   0.831630E-01   0.620758E-19  -0.177079E-02   0.177079E-02   0.852811E-18
   0.635000E+00  -0.220230E-18   0.176471E-02  -0.176471E-02  -0.767631E-18  -0.771599E-01   0.180879E-01   0.304037E-02  -0.833798E-01   0.771599E-01  -0.304037E-02  -0.180879E-01   0.833798E-01   0.220230E-18  -0.176471E-02   0.176471E-02   0.767631E-18
   0.640000E+00  -0.105171E-18   0.176782E-02  -0.176782E-02  -0.681393E-18  -0.772908E-01   0.181938E-01   0.302505E-02  -0.836133E-01   0.772908E-01  -0.302505E-02  -0.181938E-01   0.836133E-01   0.105171E-18  -0.176782E-02   0.176782E-02   0.681393E-18
   0.645000E+00  -0.165751E-18   0.176252E-02  -0.176252E-02  -0.766489E-18  -0.774443E-01   0.183237E-01   0.301099E-02  -0.838520E-01   0.774443E-01  -0.301099E-02  -0.183237E-01   0.838520E-01   0.165751E-18  -0.176252E-02   0.176252E-02   0.766489E-18
   0.650000E+00  -0.269691E-18   0.176726E-02  -0.176726E-02  -0.436354E-18  -0.776020E-01   0.184526E-01   0.299822E-02  -0.840935E-01   0.776020E-01  -0.299822E-02  -0.184526E-01   0.840935E-01   0.269691E-18  -0.176726E-02   0.176726E-02   0.436354E-18
   0.655000E+00  -0.221847E-18   0.177045E-02  -0.177045E-02  -0.628834E-18  -0.777724E-01   0.185715E-01   0.298477E-02  -0.843584E-01   0.777724E-01  -0.298477E-02  -0.185715E-01   0.843584E-01   0.221847E-18  -0.177045E-02   0.177045E-02   0.628834E-18
   0.660000E+00  -0.612451E-19   0.176454E-02  -0.176454E-02  -0.354039E-18  -0.779471E-01   0.187035E-01   0.297269E-02  -0.846141E-01   0.779471E-01  -0.297269E-02  -0.187035E-01   0.846141E-01   0.612451E-19  -0.176454E-02   0.176454E-02   0.354039E-18
   0.665000E+00  -0.139157E-18   0.176800E-02  -0.176800E-02  -0.421871E-18  -0.781355E-01   0.188325E-01   0.295904E-02  -0.848802E-01   0.781355E-01  -0.295904E-02  -0.188325E-01   0.848802E-01   0.139157E-18  -0.176800E-02   0.176800E-02   0.421871E-18
   0.670000E+00  -0.219002E-19   0.176329E-02  -0.176329E-02  -0.788946E-18  -0.783303E-01   0.189695E-01   0.294989E-02  -0.851532E-01   0.783303E-01  -0.294989E-02  -0.189695E-01   0.851532E-01   0.219002E-19  -0.176329E-02   0.176329E-02   0.788946E-18
   0.675000E+00  -0.173510E-18   0.177086E-02  -0.177086E-02  -0.478416E-18  -0.785190E-01   0.190985E-01   0.293834E-02  -0.854449E-01   0.785190E-01  -0.293834E-02  -0.190985E-01   0.854449E-01   0.173510E-18  -0.177086E-02   0.177086E-02   0.478416E-18
   0.680000E+00  -0.168991E-18   0.176416E-02  -0.176416E-02  -0.667711E-18  -0.787342E-01   0.192725E-01   0.292847E-02  -0.857317E-01   0.787342E-01  -0.292847E-02  -0.192725E-01   0.857317E-01   0.168991E-18  -0.176416E-02   0.176416E-02   0.667711E-18
   0.685000E+00  -0.359627E-18   0.176969E-02  -0.176969E-02  -0.617411E-18  -0.789354E-01   0.194155E-01   0.291740E-02  -0.860332E-01   0.789354E-01  -0.291740E-02  -0.194155E-01   0.860332E-01   0.359627E-18  -0.176969E-02   0.176969E-02   0.617411E-18
   0.690000E+00  -0.775385E-19   0.176195E-02  -0.176195E-02  -0.908650E-18  -0.791442E-01   0.195985E-01   0.290924E-02  -0.863270E-01   0.791442E-01  -0.290924E-02  -0.195985E-01   0.863270E-01   0.775385E-19  -0.176195E-02   0.176195E-02   0.908650E-18
   0.695000E+00   0.505875E-20   0.176843E-02  -0.176843E-02  -0.865973E-18  -0.793702E-01   0.197963E-01   0.290015E-02  -0.866227E-01   0.793702E-01  -0.290015E-02  -0.197963E-01   0.866227E-01  -0.505875E-20  -0.176843E-02   0.176843E-02   0.865973E-18
   0.700000E+00  -0.207493E-19   0.176262E-02  -0.176262E-02  -0.687790E-18  -0.795950E-01   0.200011E-01   0.289325E-02  -0.869179E-01   0.795950E-01  -0.289325E-02  -0.200011E-01   0.869179E-01   0.207493E-19  -0.176262E-02   0.176262E-02   0.687790E-18
   0.705000E+00  -0.102928E-18   0.176201E-02  -0.176201E-02  -0.601787E-18  -0.798083E-01   0.202158E-01   0.288670E-02  -0.872223E-01   0.798083E-01  -0.288670E-02  -0.202158E-01   0.872223E-01   0.102928E-18  -0.176201E-02   0.176201E-02   0.601787E-18
   0.710000E+00  -0.330767E-19   0.176914E-02  -0.176914E-02  -0.485440E-18  -0.800317E-01   0.204554E-01   0.288066E-02  -0.875134E-01   0.800317E-01  -0.288066E-02  -0.204554E-01   0.875134E-01   0.330767E-19  -0.176914E-02   0.176914E-02   0.485440E-18
   0.715000E+00  -0.330708E-19   0.176151E-02  -0.176151E-02  -0.652078E-18  -0.802558E-01   0.206918E-01   0.287631E-02  -0.878198E-01   0.802558E-01  -0.287631E-02  -0.206918E-01   0.878198E-01   0.330708E-19  -0.176151E-02   0.176151E-02   0.652078E-18
   0.720000E+00  -0.501680E-19   0.176560E-02  -0.176560E-02  -0.748268E-18  -0.804701E-01   0.209581E-01   0.287178E-02  -0.881113E-01   0.804701E-01  -0.287178E-02  -0.209581E-01   0.881113E-01   0.501680E-19  -0.176560E-02   0.176560E-02   0.748268E-18
   0.725000E+00   0.107953E-19   0.176193E-02  -0.176193E-02  -0.881352E-18  -0.806975E-01   0.212393E-01   0.286924E-02  -0.883845E-01   0.806975E-01  -0.286924E-02  -0.212393E-01   0.883845E-01  -0.107953E-19  -0.176193E-02   0.176193E-02   0.881352E-18
   0.730000E+00   0.158501E-18   0.176802E-02  -0.176802E-02  -0.455023E-18  -0.808966E-01   0.215183E-01   0.286487E-02  -0.886701E-01   0.808966E-01  -0.286487E-02  -0.215183E-01   0.886701E-01  -0.158501E-18  -0.176802E-02   0.176802E-02   0.455023E-18
   0.735000E+00   0.106720E-18   0.176938E-02  -0.176938E-02  -0.412521E-18  -0.810999E-01   0.218272E-01   0.286387E-02  -0.889446E-01   0.810999E-01  -0.286387E-02  -0.218272E-01   0.889446E-01  -0.106720E-18  -0.176938E-02   0.176938E-02   0.412521E-18
   0.740000E+00  -0.317882E-19   0.175952E-02  -0.175952E-02  -0.482797E-18  -0.812974E-01   0.221420E-01   0.286145E-02  -0.891977E-01   0.812974E-01  -0.286145E-02  -0.221420E-01   0.891977E-01   0.317882E-19  -0.175952E-02   0.175952E-02   0.482797E-18
   0.745000E+00   0.189652E-18   0.176493E-02  -0.176493E-02  -0.379625E-18  -0.814905E-01   0.224637E-01   0.286173E-02  -0.894471E-01   0.814905E-01  -0.286173E-02  -0.224637E-01   0.894471E-01  -0.189652E-18  -0.176493E-02   0.176493E-02   0.379625E-18
   0.750000E+00   0.276652E-18   0.176821E-02  -0.176821E-02  -0.571374E-18  -0.816599E-01   0.227982E-01   0.286190E-02  -0.896716E-01   0.816599E-01  -0.286190E-02  -0.227982E-01   0.896716E-01  -0.276652E-18  -0.176821E-02   0.176821E-02   0.571374E-18
   0.755000E+00   0.103447E-18   0.176484E-02  -0.176484E-02  -0.485593E-18  -0.818264E-01   0.231477E-01   0.286320E-02  -0.898898E-01   0.818264E-01  -0.286320E-02  -0.231477E-01   0.898898E-01  -0.103447E-18  -0.176484E-02   0.176484E-02   0.485593E-18
   0.760000E+00   0.429991E-19   0.176030E-02  -0.176030E-02  -0.469231E-18  -0.819718E-01   0.234871E-01   0.286575E-02  -0.900992E-01   0.819718E-01  -0.286575E-02  -0.234871E-01   0.900992E-01  -0.429991E-19  -0.176030E-02   0.176030E-02   0.469231E-18
   0.765000E+00  -0.112864E-18   0.176710E-02  -0.176710E-02  -0.326588E-18  -0.821066E-01   0.238494E-01   0.286969E-02  -0.902685E-01   0.821066E-01  -0.286969E-02  -0.238494E-01   0.902685E-01   0.112864E-18  -0.176710E-02   0.176710E-02   0.326588E-18
   0.770000E+00  -0.605706E-19   0.175977E-02  -0.175977E-02  -0.488197E-18  -0.822216E-01   0.241887E-01   0.287418E-02  -0.904365E-01   0.822216E-01  -0.287418E-02  -0.241887E-01   0.904365E-01   0.605706E-19  -0.175977E-02   0.175977E-02   0.488197E-18
   0.775000E+00   0.113151E-18   0.176488E-02  -0.176488E-02  -0.427914E-18  -0.823176E-01   0.245488E-01   0.287842E-02  -0.905717E-01   0.823176E-01  -0.287842E-02  -0.245488E-01   0.905717E-01  -0.113151E-18  -0.176488E-02   0.176488E-02   0.427914E-18
   0.780000E+00  -0.340375E-19   0.176495E-02  -0.176495E-02  -0.598707E-18  -0.823862E-01   0.248928E-01   0.288457E-02  -0.906920E-01   0.823862E-01  -0.288457E-02  -0.248928E-01   0.906920E-01   0.340375E-19  -0.176495E-02   0.176495E-02   0.598707E-18
   0.785000E+00   0.183062E-18   0.176352E-02  -0.176352E-02  -0.508794E-18  -0.824481E-01   0.252456E-01   0.289076E-02  -0.907760E-01   0.824481E-01  -0.289076E-02  -0.252456E-01   0.907760E-01  -0.183062E-18  -0.176352E-02   0.176352E-02   0.508794E-18
   0.790000E+00   0.235356E-18   0.176610E-02  -0.176610E-02  -0.594027E-18  -0.824750E-01   0.255921E-01   0.289705E-02  -0.908412E-01   0.824750E-01  -0.289705E-02  -0.255921E-01   0.908412E-01  -0.235356E-18  -0.176610E-02   0.176610E-02   0.594027E-18
   0.795000E+00   0.114185E-18   0.176528E-02  -0.176528E-02  -0.653595E-18  -0.824776E-01   0.259332E-01   0.290566E-02  -0.908664E-01   0.824776E-01  -0.290566E-02  -0.259332E-01   0.908664E-01  -0.114185E-18  -0.176528E-02   0.176528E-02   0.653595E-18
   0.800000E+00  -0.937300E-19   0.175759E-02  -0.175759E-02  -0.406859E-18  -0.824576E-01   0.262559E-01   0.291468E-02  -0.908692E-01   0.824576E-01  -0.291468E-02  -0.262559E-01   0.908692E-01   0.937300E-19  -0.175759E-02   0.175759E-02   0.406859E-18
   0.805000E+00  -0.414502E-19   0.176347E-02  -0.176347E-02  -0.788905E-18  -0.824057E-01   0.265832E-01   0.292414E-02  -0.908381E-01   0.824057E-01  -0.292414E-02  -0.265832E-01   0.908381E-01   0.414502E-19  -0.176347E-02   0.176347E-02   0.788905E-18
   0.810000E+00  -0.238773E-19   0.175851E-02  -0.175851E-02  -0.562775E-18  -0.823226E-01   0.268879E-01   0.293417E-02  -0.907817E-01   0.823226E-01  -0.293417E-02  -0.268879E-01   0.907817E-01   0.238773E-19  -0.175851E-02   0.175851E-02   0.562775E-18
   0.815000E+00  -0.756967E-19   0.175728E-02  -0.175728E-02  -0.480483E-18  -0.822210E-01   0.271759E-01   0.294589E-02  -0.906768E-01   0.822210E-01  -0.294589E-02  -0.271759E-01   0.906768E-01   0.756967E-19  -0.175728E-02   0.175728E-02   0.480483E-18
   0.820000E+00   0.285963E-19   0.176135E-02  -0.176135E-02  -0.638793E-18  -0.820806E-01   0.274489E-01   0.295829E-02  -0.905429E-01   0.820806E-01  -0.295829E-02  -0.274489E-01   0.905429E-01  -0.285963E-19  -0.176135E-02   0.176135E-02   0.638793E-18
   0.825000E+00  -0.405848E-19   0.175827E-02  -0.175827E-02  -0.621787E-18  -0.818929E-01   0.276927E-01   0.297036E-02  -0.903776E-01   0.818929E-01  -0.297036E-02  -0.276927E-01   0.903776E-01   0.405848E-19  -0.175827E-02   0.175827E-02   0.621787E-18
   0.830000E+00   0.637177E-19   0.176653E-02  -0.176653E-02  -0.851614E-18  -0.816897E-01   0.279213E-01   0.298317E-02  -0.901584E-01   0.816897E-01  -0.298317E-02  -0.279213E-01   0.901584E-01  -0.637177E-19  -0.176653E-02   0.176653E-02   0.851614E-18
   0.835000E+00   0.899500E-19   0.176282E-02  -0.176282E-02  -0.749165E-18  -0.814525E-01   0.281373E-01   0.299884E-02  -0.899029E-01   0.814525E-01  -0.299884E-02  -0.281373E-01   0.899029E-01  -0.899500E-19  -0.176282E-02   0.176282E-02   0.749165E-18
   0.840000E+00   0.467993E-19   0.175969E-02  -0.175969E-02  -0.906479E-18  -0.811710E-01   0.282963E-01   0.301227E-02  -0.896106E-01   0.811710E-01  -0.301227E-02  -0.282963E-01   0.896106E-01  -0.467993E-19  -0.175969E-02   0.175969E-02   0.906479E-18
   0.845000E+00  -0.657402E-19   0.175968E-02  -0.175968E-02  -0.821908E-18  -0.808477E-01   0.284421E-01   0.302640E-02  -0.892881E-01   0.808477E-01  -0.302640E-02  -0.284421E-01   0.892881E-01   0.657402E-19  -0.175968E-02   0.175968E-02   0.821908E-18
   0.850000E+00   0.220710E-18   0.176034E-02  -0.176034E-02  -0.373017E-18  -0.804943E-01   0.285783E-01   0.304213E-02  -0.889027E-01   0.804943E-01  -0.304213E-02  -0.285783E-01   0.889027E-01  -0.220710E-18  -0.176034E-02   0.176034E-02   0.373017E-18
   0.855000E+00   0.377058E-18   0.176127E-02  -0.176127E-02  -0.667093E-18  -0.801005E-01   0.286576E-01   0.305745E-02  -0.884840E-01   0.801005E-01  -0.305745E-02  -0.286576E-01   0.884840E-01  -0.377058E-18  -0.176127E-02   0.176127E-02   0.667093E-18
   0.860000E+00   0.476986E-19   0.175615E-02  -0.175615E-02  -0.107112E-17  -0.796696E-01   0.287054E-01   0.307527E-02  -0.880274E-01   0.796696E-01  -0.307527E-02  -0.287054E-01   0.880274E-01  -0.476986E-19  -0.175615E-02   0.175615E-02   0.107112E-17
   0.865000E+00   0.117193E-18   0.175859E-02  -0.175859E-02  -0.794840E-18  -0.792001E-01   0.287143E-01   0.309150E-02  -0.875234E-01   0.792001E-01  -0.309150E-02  -0.287143E-01   0.875234E-01  -0.117193E-18  -0.175859E-02   0.175859E-02   0.794840E-18
   0.870000E+00   0.412480E-18   0.176218E-02  -0.176218E-02  -0.691656E-18  -0.786858E-01   0.286898E-01   0.310897E-02  -0.869774E-01   0.786858E-01  -0.310897E-02  -0.286898E-01   0.869774E-01  -0.412480E-18  -0.176218E-02   0.176218E-02   0.691656E-18
   0.875000E+00   0.474672E-18   0.176060E-02  -0.176060E-02  -0.979626E-18  -0.781369E-01   0.286342E-01   0.312763E-02  -0.863778E-01   0.781369E-01  -0.312763E-02  -0.286342E-01   0.863778E-01  -0.474672E-18  -0.176060E-02   0.176060E-02   0.979626E-18
   0.880000E+00   0.465583E-18   0.175548E-02  -0.175548E-02  -0.128565E-17  -0.775440E-01   0.285239E-01   0.314320E-02  -0.857428E-01   0.775440E-01  -0.314320E-02  -0.285239E-01   0.857428E-01  -0.465583E-18  -0.175548E-02   0.175548E-02   0.128565E-17
   0.885000E+00   0.578331E-18   0.176143E-02  -0.176143E-02  -0.127024E-17  -0.769096E-01   0.283893E-01   0.316151E-02  -0.850589E-01   0.769096E-01  -0.316151E-02  -0.283893E-01   0.850589E-01  -0.578331E-18  -0.176143E-02   0.176143E-02   0.127024E-17
   0.890000E+00   0.604626E-18   0.176311E-02  -0.176311E-02  -0.134165E-17  -0.762371E-01   0.282098E-01   0.318135E-02  -0.843313E-01   0.762371E-01  -0.318135E-02  -0.282098E-01   0.843313E-01  -0.604626E-18  -0.176311E-02   0.176311E-02   0.134165E-17
   0.895000E+00   0.361795E-18   0.175922E-02  -0.175922E-02  -0.120593E-17  -0.755218E-01   0.279804E-01   0.319956E-02  -0.835632E-01   0.755218E-01  -0.319956E-02  -0.279804E-01   0.835632E-01  -0.361795E-18  -0.175922E-02   0.175922E-02   0.120593E-17
   0.900000E+00   0.292686E-18   0.175648E-02  -0.175648E-02  -0.120947E-17  -0.747722E-01   0.277164E-01   0.321874E-02  -0.827451E-01   0.747722E-01  -0.321874E-02  -0.277164E-01   0.827451E-01  -0.292686E-18  -0.175648E-02   0.175648E-02   0.120947E-17
   0.905000E+00   0.293599E-18   0.175554E-02  -0.175554E-02  -0.161284E-17  -0.739825E-01   0.274099E-01   0.323665E-02  -0.818911E-01   0.739825E-01  -0.323665E-02  -0.274099E-01   0.818911E-01  -0.293599E-18  -0.175554E-02   0.175554E-02   0.161284E-17
   0.910000E+00   0.128542E-18   0.176211E-02  -0.176211E-02  -0.165073E-17  -0.731513E-01   0.270569E-01   0.325496E-02  -0.809915E-01   0.731513E-01  -0.325496E-02  -0.270569E-01   0.809915E-01  -0.128542E-18  -0.176211E-02   0.176211E-02   0.165073E-17
   0.915000E+00   0.476448E-18   0.175790E-02  -0.175790E-02  -0.195071E-17  -0.722836E-01   0.266687E-01   0.327445E-02  -0.800493E-01   0.722836E-01  -0.327445E-02  -0.266687E-01   0.800493E-01  -0.476448E-18  -0.175790E-02   0.175790E-02   0.195071E-17
   0.920000E+00   0.468002E-18   0.175665E-02  -0.175665E-02  -0.165990E-17  -0.713870E-01   0.262332E-01   0.329278E-02  -0.790658E-01   0.713870E-01  -0.329278E-02  -0.262332E-01   0.790658E-01  -0.468002E-18  -0.175665E-02   0.175665E-02   0.165990E-17
   0.925000E+00   0.433800E-18   0.175712E-02  -0.175712E-02  -0.178568E-17  -0.704455E-01   0.257581E-01   0.331139E-02  -0.780452E-01   0.704455E-01  -0.331139E-02  -0.257581E-01   0.780452E-01  -0.433800E-18  -0.175712E-02   0.175712E-02   0.178568E-17
   0.930000E+00   0.399201E-18   0.175706E-02  -0.175706E-02  -0.183958E-17  -0.694675E-01   0.252315E-01   0.333009E-02  -0.769875E-01   0.694675E-01  -0.333009E-02  -0.252315E-01   0.769875E-01  -0.399201E-18  -0.175706E-02   0.175706E-02   0.183958E-17
   0.935000E+00   0.434535E-18   0.176020E-02  -0.176020E-02  -0.175322E-17  -0.684582E-01   0.246763E-01   0.334729E-02  -0.758858E-01   0.684582E-01  -0.334729E-02  -0.246763E-01   0.758858E-01  -0.434535E-18  -0.176020E-02   0.176020E-02   0.175322E-17
   0.940000E+00   0.226607E-18   0.175734E-02  -0.175734E-02  -0.198229E-17  -0.674248E-01   0.240751E-01   0.336573E-02  -0.747542E-01   0.674248E-01  -0.336573E-02  -0.240751E-01   0.747542E-01  -0.226607E-18  -0.175734E-02   0.175734E-02   0.198229E-17
   0.945000E+00   0.157999E-18   0.175830E-02  -0.175830E-02  -0.181038E-17  -0.663514E-01   0.234317E-01   0.338481E-02  -0.735858E-01   0.663514E-01  -0.338481E-02  -0.234317E-01   0.735858E-01  -0.157999E-18  -0.175830E-02   0.175830E-02   0.181038E-17
   0.950000E+00   0.158242E-18   0.175785E-02  -0.175785E-02  -0.174168E-17  -0.652482E-01   0.227487E-01   0.340097E-02  -0.723866E-01   0.652482E-01  -0.340097E-02  -0.227487E-01   0.723866E-01  -0.158242E-18  -0.175785E-02   0.175785E-02   0.174168E-17
   0.955000E+00  -0.236515E-19   0.175883E-02  -0.175883E-02  -0.158641E-17  -0.641194E-01   0.220409E-01   0.341889E-02  -0.711536E-01   0.641194E-01  -0.341889E-02  -0.220409E-01   0.711536E-01   0.236515E-19  -0.175883E-02   0.175883E-02   0.158641E-17
   0.960000E+00   0.892944E-19   0.175808E-02  -0.175808E-02  -0.167995E-17  -0.629620E-01   0.212887E-01   0.343499E-02  -0.698937E-01   0.629620E-01  -0.343499E-02  -0.212887E-01   0.698937E-01  -0.892944E-19  -0.175808E-02   0.175808E-02   0.167995E-17
   0.965000E+00   0.265001E-18   0.175740E-02  -0.175740E-02  -0.182323E-17  -0.617811E-01   0.205108E-01   0.345168E-02  -0.686040E-01   0.617811E-01  -0.345168E-02  -0.205108E-01   0.686040E-01  -0.265001E-18  -0.175740E-02   0.175740E-02   0.182323E-17
   0.970000E+00   0.281434E-18   0.175765E-02  -0.175765E-02  -0.173571E-17  -0.605768E-01   0.196947E-01   0.346637E-02  -0.672904E-01   0.605768E-01  -0.346637E-02  -0.196947E-01   0.672904E-01  -0.281434E-18  -0.175765E-02   0.175765E-02   0.173571E-17
   0.975000E+00   0.214045E-18   0.175675E-02  -0.175675E-02  -0.149796E-17  -0.593513E-01   0.188439E-01   0.348259E-02  -0.659539E-01   0.593513E-01  -0.348259E-02  -0.188439E-01   0.659539E-01  -0.214045E-18  -0.175675E-02   0.175675E-02   0.149796E-17
   0.980000E+00   0.212821E-18   0.175857E-02  -0.175857E-02  -0.149207E-17  -0.581064E-01   0.179756E-01   0.349559E-02  -0.645954E-01   0.581064E-01  -0.349559E-02  -0.179756E-01   0.645954E-01  -0.212821E-18  -0.175857E-02   0.175857E-02   0.149207E-17
   0.985000E+00   0.386150E-18   0.175699E-02  -0.175699E-02  -0.160888E-17  -0.568454E-01   0.170773E-01   0.351083E-02  -0.632179E-01   0.568454E-01  -0.351083E-02  -0.170773E-01   0.632179E-01  -0.386150E-18  -0.175699E-02   0.175699E-02   0.160888E-17
   0.990000E+00   0.229610E-18   0.175789E-02  -0.175789E-02  -0.159165E-17  -0.555690E-01   0.161635E-01   0.352364E-02  -0.618231E-01   0.555690E-01  -0.352364E-02  -0.161635E-01   0.618231E-01  -0.229610E-18  -0.175789E-02   0.175789E-02   0.159165E-17
   0.995000E+00   0.368433E-18   0.175614E-02  -0.175614E-02  -0.127707E-17  -0.542785E-01   0.152223E-01   0.353527E-02  -0.604161E-01   0.542785E-01  -0.353527E-02  -0.152223E-01   0.604161E-01  -0.368433E-18  -0.175614E-02   0.175614E-02   0.127707E-17
   0.100000E+01   0.335306E-18   0.175772E-02  -0.175772E-02  -0.123690E-17  -0.529787E-01   0.142642E-01   0.354724E-02  -0.589957E-01   0.529787E-01  -0.354724E-02  -0.142642E-01   0.589957E-01  -0.335306E-18  -0.175772E-02   0.175772E-02   0.123690E-17
