   0.000000E+00   0.233600E-02   0.874000E-03   0.874000E-03  -0.856000E-03  -0.305653E-02   0.816960E+00  -0.222694E-02   0.416530E-03  -0.305653E-02  -0.222694E-02   0.816960E+00   0.416530E-03  -0.233600E-02  -0.874000E-03  -0.874000E-03   0.856000E-03
   0.500000E-02   0.233541E-02   0.864521E-03   0.864521E-03  -0.854875E-03  -0.299584E-02   0.816671E+00  -0.220471E-02   0.475230E-03  -0.299584E-02  -0.220471E-02   0.816671E+00   0.475230E-03  -0.233541E-02  -0.864521E-03  -0.864521E-03   0.854875E-03
   0.100000E-01   0.233751E-02   0.861723E-03   0.861723E-03  -0.855809E-03  -0.277581E-02   0.815810E+00  -0.221218E-02   0.693911E-03  -0.277581E-02  -0.221218E-02   0.815810E+00   0.693911E-03  -0.233751E-02  -0.861723E-03  -0.861723E-03   0.855809E-03
   0.150000E-01   0.232826E-02   0.859784E-03   0.859784E-03  -0.854863E-03  -0.241648E-02   0.814391E+00  -0.225206E-02   0.106274E-02  -0.241648E-02  -0.225206E-02   0.814391E+00   0.106274E-02  -0.232826E-02  -0.859784E-03  -0.859784E-03   0.854863E-03
   0.200000E-01   0.232957E-02   0.867000E-03   0.867000E-03  -0.864137E-03  -0.189791E-02   0.812402E+00  -0.234401E-02   0.158194E-02  -0.189791E-02  -0.234401E-02   0.812402E+00   0.158194E-02  -0.232957E-02  -0.867000E-03  -0.867000E-03   0.864137E-03
   0.250000E-01   0.233133E-02   0.863798E-03   0.863798E-03  -0.863765E-03  -0.123003E-02   0.809849E+00  -0.247475E-02   0.226172E-02  -0.123003E-02  -0.247475E-02   0.809849E+00   0.226172E-02  -0.233133E-02  -0.863798E-03  -0.863798E-03   0.863765E-03
   0.300000E-01   0.233140E-02   0.862725E-03   0.862725E-03  -0.861915E-03  -0.412777E-03   0.806723E+00  -0.263491E-02   0.308238E-02  -0.412777E-03  -0.263491E-02   0.806723E+00   0.308238E-02  -0.233140E-02  -0.862725E-03  -0.862725E-03   0.861915E-03
   0.350000E-01   0.232957E-02   0.854445E-03   0.854445E-03  -0.858805E-03   0.573958E-03   0.803039E+00  -0.284210E-02   0.403425E-02   0.573958E-03  -0.284210E-02   0.803039E+00   0.403425E-02  -0.232957E-02  -0.854445E-03  -0.854445E-03   0.858805E-03
   0.400000E-01   0.233363E-02   0.851749E-03   0.851749E-03  -0.862680E-03   0.168036E-02   0.798826E+00  -0.308695E-02   0.515766E-02   0.168036E-02  -0.308695E-02   0.798826E+00   0.515766E-02  -0.233363E-02  -0.851749E-03  -0.851749E-03   0.862680E-03
   0.450000E-01   0.233330E-02   0.855552E-03   0.855552E-03  -0.863819E-03   0.294662E-02   0.794069E+00  -0.336603E-02   0.641300E-02   0.294662E-02  -0.336603E-02   0.794069E+00   0.641300E-02  -0.233330E-02  -0.855552E-03  -0.855552E-03   0.863819E-03
   0.500000E-01   0.233828E-02   0.856878E-03   0.856878E-03  -0.862540E-03   0.435299E-02   0.788765E+00  -0.367890E-02   0.781068E-02   0.435299E-02  -0.367890E-02   0.788765E+00   0.781068E-02  -0.233828E-02  -0.856878E-03  -0.856878E-03   0.862540E-03
   0.550000E-01   0.233425E-02   0.850863E-03   0.850863E-03  -0.855199E-03   0.588976E-02   0.782951E+00  -0.402412E-02   0.934116E-02   0.588976E-02  -0.402412E-02   0.782951E+00   0.934116E-02  -0.233425E-02  -0.850863E-03  -0.850863E-03   0.855199E-03
   0.600000E-01   0.233284E-02   0.846751E-03   0.846751E-03  -0.864178E-03   0.756728E-02   0.776621E+00  -0.439919E-02   0.110049E-01   0.756728E-02  -0.439919E-02   0.776621E+00   0.110049E-01  -0.233284E-02  -0.846751E-03  -0.846751E-03   0.864178E-03
   0.650000E-01   0.233765E-02   0.851915E-03   0.851915E-03  -0.863891E-03   0.936590E-02   0.769800E+00  -0.481161E-02   0.128025E-01   0.936590E-02  -0.481161E-02   0.769800E+00   0.128025E-01  -0.233765E-02  -0.851915E-03  -0.851915E-03   0.863891E-03
   0.700000E-01   0.233025E-02   0.845842E-03   0.845842E-03  -0.856777E-03   0.113060E-01   0.762485E+00  -0.526187E-02   0.147143E-01   0.113060E-01  -0.526187E-02   0.762485E+00   0.147143E-01  -0.233025E-02  -0.845842E-03  -0.845842E-03   0.856777E-03
   0.750000E-01   0.232818E-02   0.852090E-03   0.852090E-03  -0.861310E-03   0.133681E-01   0.754687E+00  -0.572544E-02   0.167611E-01   0.133681E-01  -0.572544E-02   0.754687E+00   0.167611E-01  -0.232818E-02  -0.852090E-03  -0.852090E-03   0.861310E-03
   0.800000E-01   0.233897E-02   0.844318E-03   0.844318E-03  -0.865993E-03   0.155426E-01   0.746442E+00  -0.622977E-02   0.189133E-01   0.155426E-01  -0.622977E-02   0.746442E+00   0.189133E-01  -0.233897E-02  -0.844318E-03  -0.844318E-03   0.865993E-03
   0.850000E-01   0.233810E-02   0.848290E-03   0.848290E-03  -0.857345E-03   0.178301E-01   0.737752E+00  -0.675229E-02   0.211916E-01   0.178301E-01  -0.675229E-02   0.737752E+00   0.211916E-01  -0.233810E-02  -0.848290E-03  -0.848290E-03   0.857345E-03
   0.900000E-01   0.233303E-02   0.847866E-03   0.847866E-03  -0.863911E-03   0.202211E-01   0.728613E+00  -0.730241E-02   0.235566E-01   0.202211E-01  -0.730241E-02   0.728613E+00   0.235566E-01  -0.233303E-02  -0.847866E-03  -0.847866E-03   0.863911E-03
   0.950000E-01   0.233520E-02   0.842983E-03   0.842983E-03  -0.858261E-03   0.227161E-01   0.719084E+00  -0.786454E-02   0.260389E-01   0.227161E-01  -0.786454E-02   0.719084E+00   0.260389E-01  -0.233520E-02  -0.842983E-03  -0.842983E-03   0.858261E-03
   0.100000E+00   0.233606E-02   0.843654E-03   0.843654E-03  -0.863000E-03   0.253158E-01   0.709142E+00  -0.845804E-02   0.286093E-01   0.253158E-01  -0.845804E-02   0.709142E+00   0.286093E-01  -0.233606E-02  -0.843654E-03  -0.843654E-03   0.863000E-03
   0.105000E+00   0.233500E-02   0.841982E-03   0.841982E-03  -0.858734E-03   0.280107E-01   0.698805E+00  -0.905831E-02   0.312683E-01   0.280107E-01  -0.905831E-02   0.698805E+00   0.312683E-01  -0.233500E-02  -0.841982E-03  -0.841982E-03   0.858734E-03
   0.110000E+00   0.232940E-02   0.842132E-03   0.842132E-03  -0.864077E-03   0.307816E-01   0.688137E+00  -0.968268E-02   0.340268E-01   0.307816E-01  -0.968268E-02   0.688137E+00   0.340268E-01  -0.232940E-02  -0.842132E-03  -0.842132E-03   0.864077E-03
   0.115000E+00   0.233464E-02   0.840367E-03   0.840367E-03  -0.865669E-03   0.336390E-01   0.677100E+00  -0.103175E-01   0.368454E-01   0.336390E-01  -0.103175E-01   0.677100E+00   0.368454E-01  -0.233464E-02  -0.840367E-03  -0.840367E-03   0.865669E-03
   0.120000E+00   0.233806E-02   0.840993E-03   0.840993E-03  -0.862142E-03   0.365737E-01   0.665744E+00  -0.109600E-01   0.397347E-01   0.365737E-01  -0.109600E-01   0.665744E+00   0.397347E-01  -0.233806E-02  -0.840993E-03  -0.840993E-03   0.862142E-03
   0.125000E+00   0.233504E-02   0.840357E-03   0.840357E-03  -0.860183E-03   0.395664E-01   0.654091E+00  -0.116157E-01   0.427056E-01   0.395664E-01  -0.116157E-01   0.654091E+00   0.427056E-01  -0.233504E-02  -0.840357E-03  -0.840357E-03   0.860183E-03
   0.130000E+00   0.233292E-02   0.842896E-03   0.842896E-03  -0.858493E-03   0.426277E-01   0.642141E+00  -0.122706E-01   0.457288E-01   0.426277E-01  -0.122706E-01   0.642141E+00   0.457288E-01  -0.233292E-02  -0.842896E-03  -0.842896E-03   0.858493E-03
   0.135000E+00   0.233906E-02   0.843063E-03   0.843063E-03  -0.865717E-03   0.457383E-01   0.629926E+00  -0.129322E-01   0.488050E-01   0.457383E-01  -0.129322E-01   0.629926E+00   0.488050E-01  -0.233906E-02  -0.843063E-03  -0.843063E-03   0.865717E-03
   0.140000E+00   0.233475E-02   0.841358E-03   0.841358E-03  -0.864506E-03   0.489091E-01   0.617444E+00  -0.136047E-01   0.519149E-01   0.489091E-01  -0.136047E-01   0.617444E+00   0.519149E-01  -0.233475E-02  -0.841358E-03  -0.841358E-03   0.864506E-03
   0.145000E+00   0.233130E-02   0.838332E-03   0.838332E-03  -0.857557E-03   0.521006E-01   0.604768E+00  -0.142653E-01   0.550893E-01   0.521006E-01  -0.142653E-01   0.604768E+00   0.550893E-01  -0.233130E-02  -0.838332E-03  -0.838332E-03   0.857557E-03
   0.150000E+00   0.233211E-02   0.842558E-03   0.842558E-03  -0.859573E-03   0.553437E-01   0.591856E+00  -0.149302E-01   0.582689E-01   0.553437E-01  -0.149302E-01   0.591856E+00   0.582689E-01  -0.233211E-02  -0.842558E-03  -0.842558E-03   0.859573E-03
   0.155000E+00   0.233254E-02   0.840644E-03   0.840644E-03  -0.857221E-03   0.586190E-01   0.578769E+00  -0.155838E-01   0.614943E-01   0.586190E-01  -0.155838E-01   0.578769E+00   0.614943E-01  -0.233254E-02  -0.840644E-03  -0.840644E-03   0.857221E-03
   0.160000E+00   0.232983E-02   0.837236E-03   0.837236E-03  -0.859182E-03   0.619072E-01   0.565515E+00  -0.162421E-01   0.647265E-01   0.619072E-01  -0.162421E-01   0.565515E+00   0.647265E-01  -0.232983E-02  -0.837236E-03  -0.837236E-03   0.859182E-03
   0.165000E+00   0.233736E-02   0.840951E-03   0.840951E-03  -0.860090E-03   0.651992E-01   0.552125E+00  -0.168803E-01   0.679860E-01   0.651992E-01  -0.168803E-01   0.552125E+00   0.679860E-01  -0.233736E-02  -0.840951E-03  -0.840951E-03   0.860090E-03
   0.170000E+00   0.233052E-02   0.838430E-03   0.838430E-03  -0.856585E-03   0.685155E-01   0.538608E+00  -0.175047E-01   0.712534E-01   0.685155E-01  -0.175047E-01   0.538608E+00   0.712534E-01  -0.233052E-02  -0.838430E-03  -0.838430E-03   0.856585E-03
   0.175000E+00   0.233863E-02   0.842361E-03   0.842361E-03  -0.859333E-03   0.718269E-01   0.524972E+00  -0.181195E-01   0.745096E-01   0.718269E-01  -0.181195E-01   0.524972E+00   0.745096E-01  -0.233863E-02  -0.842361E-03  -0.842361E-03   0.859333E-03
   0.180000E+00   0.233307E-02   0.843437E-03   0.843437E-03  -0.860967E-03   0.751441E-01   0.511259E+00  -0.187207E-01   0.777652E-01   0.751441E-01  -0.187207E-01   0.511259E+00   0.777652E-01  -0.233307E-02  -0.843437E-03  -0.843437E-03   0.860967E-03
   0.185000E+00   0.232920E-02   0.838286E-03   0.838286E-03  -0.858141E-03   0.784377E-01   0.497484E+00  -0.193014E-01   0.810009E-01   0.784377E-01  -0.193014E-01   0.497484E+00   0.810009E-01  -0.232920E-02  -0.838286E-03  -0.838286E-03   0.858141E-03
   0.190000E+00   0.233444E-02   0.841529E-03   0.841529E-03  -0.859436E-03   0.817184E-01   0.483670E+00  -0.198698E-01   0.842272E-01   0.817184E-01  -0.198698E-01   0.483670E+00   0.842272E-01  -0.233444E-02  -0.841529E-03  -0.841529E-03   0.859436E-03
   0.195000E+00   0.233225E-02   0.841837E-03   0.841837E-03  -0.859392E-03   0.849767E-01   0.469823E+00  -0.204071E-01   0.874248E-01   0.849767E-01  -0.204071E-01   0.469823E+00   0.874248E-01  -0.233225E-02  -0.841837E-03  -0.841837E-03   0.859392E-03
   0.200000E+00   0.232809E-02   0.845770E-03   0.845770E-03  -0.864627E-03   0.882034E-01   0.455954E+00  -0.209213E-01   0.905843E-01   0.882034E-01  -0.209213E-01   0.455954E+00   0.905843E-01  -0.232809E-02  -0.845770E-03  -0.845770E-03   0.864627E-03
   0.205000E+00   0.232744E-02   0.839922E-03   0.839922E-03  -0.861681E-03   0.913888E-01   0.442130E+00  -0.214045E-01   0.937163E-01   0.913888E-01  -0.214045E-01   0.442130E+00   0.937163E-01  -0.232744E-02  -0.839922E-03  -0.839922E-03   0.861681E-03
   0.210000E+00   0.233577E-02   0.840871E-03   0.840871E-03  -0.867004E-03   0.945437E-01   0.428321E+00  -0.218728E-01   0.967913E-01   0.945437E-01  -0.218728E-01   0.428321E+00   0.967913E-01  -0.233577E-02  -0.840871E-03  -0.840871E-03   0.867004E-03
   0.215000E+00   0.233664E-02   0.847130E-03   0.847130E-03  -0.865120E-03   0.976384E-01   0.414566E+00  -0.223003E-01   0.998298E-01   0.976384E-01  -0.223003E-01   0.414566E+00   0.998298E-01  -0.233664E-02  -0.847130E-03  -0.847130E-03   0.865120E-03
   0.220000E+00   0.233555E-02   0.845206E-03   0.845206E-03  -0.862529E-03   0.100694E+00   0.400873E+00  -0.227020E-01   0.102812E+00   0.100694E+00  -0.227020E-01   0.400873E+00   0.102812E+00  -0.233555E-02  -0.845206E-03  -0.845206E-03   0.862529E-03
   0.225000E+00   0.233608E-02   0.843543E-03   0.843543E-03  -0.863646E-03   0.103689E+00   0.387262E+00  -0.230819E-01   0.105729E+00   0.103689E+00  -0.230819E-01   0.387262E+00   0.105729E+00  -0.233608E-02  -0.843543E-03  -0.843543E-03   0.863646E-03
   0.230000E+00   0.233590E-02   0.846499E-03   0.846499E-03  -0.866899E-03   0.106607E+00   0.373770E+00  -0.234122E-01   0.108591E+00   0.106607E+00  -0.234122E-01   0.373770E+00   0.108591E+00  -0.233590E-02  -0.846499E-03  -0.846499E-03   0.866899E-03
   0.235000E+00   0.233656E-02   0.844454E-03   0.844454E-03  -0.864588E-03   0.109465E+00   0.360388E+00  -0.237207E-01   0.111378E+00   0.109465E+00  -0.237207E-01   0.360388E+00   0.111378E+00  -0.233656E-02  -0.844454E-03  -0.844454E-03   0.864588E-03
   0.240000E+00   0.233574E-02   0.851725E-03   0.851725E-03  -0.865083E-03   0.112256E+00   0.347123E+00  -0.239877E-01   0.114091E+00   0.112256E+00  -0.239877E-01   0.347123E+00   0.114091E+00  -0.233574E-02  -0.851725E-03  -0.851725E-03   0.865083E-03
   0.245000E+00   0.233716E-02   0.846535E-03   0.846535E-03  -0.862724E-03   0.114969E+00   0.334026E+00  -0.242210E-01   0.116730E+00   0.114969E+00  -0.242210E-01   0.334026E+00   0.116730E+00  -0.233716E-02  -0.846535E-03  -0.846535E-03   0.862724E-03
   0.250000E+00   0.233450E-02   0.847112E-03   0.847112E-03  -0.861715E-03   0.117595E+00   0.321085E+00  -0.244128E-01   0.119285E+00   0.117595E+00  -0.244128E-01   0.321085E+00   0.119285E+00  -0.233450E-02  -0.847112E-03  -0.847112E-03   0.861715E-03
   0.255000E+00   0.233352E-02   0.849595E-03   0.849595E-03  -0.868329E-03   0.120134E+00   0.308329E+00  -0.245661E-01   0.121756E+00   0.120134E+00  -0.245661E-01   0.308329E+00   0.121756E+00  -0.233352E-02  -0.849595E-03  -0.849595E-03   0.868329E-03
   0.260000E+00   0.233807E-02   0.852006E-03   0.852006E-03  -0.866758E-03   0.122596E+00   0.295750E+00  -0.246878E-01   0.124134E+00   0.122596E+00  -0.246878E-01   0.295750E+00   0.124134E+00  -0.233807E-02  -0.852006E-03  -0.852006E-03   0.866758E-03
   0.265000E+00   0.233195E-02   0.852323E-03   0.852323E-03  -0.861211E-03   0.124951E+00   0.283383E+00  -0.247680E-01   0.126419E+00   0.124951E+00  -0.247680E-01   0.283383E+00   0.126419E+00  -0.233195E-02  -0.852323E-03  -0.852323E-03   0.861211E-03
   0.270000E+00   0.233309E-02   0.854484E-03   0.854484E-03  -0.859861E-03   0.127219E+00   0.271219E+00  -0.248117E-01   0.128612E+00   0.127219E+00  -0.248117E-01   0.271219E+00   0.128612E+00  -0.233309E-02  -0.854484E-03  -0.854484E-03   0.859861E-03
   0.275000E+00   0.233338E-02   0.848362E-03   0.848362E-03  -0.864749E-03   0.129380E+00   0.259280E+00  -0.248150E-01   0.130701E+00   0.129380E+00  -0.248150E-01   0.259280E+00   0.130701E+00  -0.233338E-02  -0.848362E-03  -0.848362E-03   0.864749E-03
   0.280000E+00   0.232873E-02   0.849736E-03   0.849736E-03  -0.861884E-03   0.131455E+00   0.247555E+00  -0.247797E-01   0.132687E+00   0.131455E+00  -0.247797E-01   0.247555E+00   0.132687E+00  -0.232873E-02  -0.849736E-03  -0.849736E-03   0.861884E-03
   0.285000E+00   0.233317E-02   0.856321E-03   0.856321E-03  -0.865291E-03   0.133424E+00   0.236092E+00  -0.246991E-01   0.134570E+00   0.133424E+00  -0.246991E-01   0.236092E+00   0.134570E+00  -0.233317E-02  -0.856321E-03  -0.856321E-03   0.865291E-03
   0.290000E+00   0.233268E-02   0.853718E-03   0.853718E-03  -0.861009E-03   0.135275E+00   0.224894E+00  -0.245790E-01   0.136351E+00   0.135275E+00  -0.245790E-01   0.224894E+00   0.136351E+00  -0.233268E-02  -0.853718E-03  -0.853718E-03   0.861009E-03
   0.295000E+00   0.232933E-02   0.851467E-03   0.851467E-03  -0.860988E-03   0.137030E+00   0.213948E+00  -0.244295E-01   0.138029E+00   0.137030E+00  -0.244295E-01   0.213948E+00   0.138029E+00  -0.232933E-02  -0.851467E-03  -0.851467E-03   0.860988E-03
   0.300000E+00   0.232922E-02   0.855057E-03   0.855057E-03  -0.861152E-03   0.138669E+00   0.203256E+00  -0.242367E-01   0.139593E+00   0.138669E+00  -0.242367E-01   0.203256E+00   0.139593E+00  -0.232922E-02  -0.855057E-03  -0.855057E-03   0.861152E-03
   0.305000E+00   0.233846E-02   0.849921E-03   0.849921E-03  -0.867337E-03   0.140210E+00   0.192839E+00  -0.240046E-01   0.141045E+00   0.140210E+00  -0.240046E-01   0.192839E+00   0.141045E+00  -0.233846E-02  -0.849921E-03  -0.849921E-03   0.867337E-03
   0.310000E+00   0.232917E-02   0.855380E-03   0.855380E-03  -0.861337E-03   0.141624E+00   0.182717E+00  -0.237352E-01   0.142393E+00   0.141624E+00  -0.237352E-01   0.182717E+00   0.142393E+00  -0.232917E-02  -0.855380E-03  -0.855380E-03   0.861337E-03
   0.315000E+00   0.233754E-02   0.856663E-03   0.856663E-03  -0.858966E-03   0.142946E+00   0.172860E+00  -0.234316E-01   0.143617E+00   0.142946E+00  -0.234316E-01   0.172860E+00   0.143617E+00  -0.233754E-02  -0.856663E-03  -0.856663E-03   0.858966E-03
   0.320000E+00   0.233783E-02   0.850962E-03   0.850962E-03  -0.863999E-03   0.144139E+00   0.163311E+00  -0.230990E-01   0.144748E+00   0.144139E+00  -0.230990E-01   0.163311E+00   0.144748E+00  -0.233783E-02  -0.850962E-03  -0.850962E-03   0.863999E-03
   0.325000E+00   0.233434E-02   0.855322E-03   0.855322E-03  -0.860232E-03   0.145230E+00   0.154038E+00  -0.227193E-01   0.145764E+00   0.145230E+00  -0.227193E-01   0.154038E+00   0.145764E+00  -0.233434E-02  -0.855322E-03  -0.855322E-03   0.860232E-03
   0.330000E+00   0.233332E-02   0.854712E-03   0.854712E-03  -0.863368E-03   0.146210E+00   0.145056E+00  -0.223176E-01   0.146656E+00   0.146210E+00  -0.223176E-01   0.145056E+00   0.146656E+00  -0.233332E-02  -0.854712E-03  -0.854712E-03   0.863368E-03
   0.335000E+00   0.233709E-02   0.858065E-03   0.858065E-03  -0.865018E-03   0.147077E+00   0.136377E+00  -0.218782E-01   0.147443E+00   0.147077E+00  -0.218782E-01   0.136377E+00   0.147443E+00  -0.233709E-02  -0.858065E-03  -0.858065E-03   0.865018E-03
   0.340000E+00   0.233201E-02   0.858252E-03   0.858252E-03  -0.860806E-03   0.147835E+00   0.127995E+00  -0.214100E-01   0.148123E+00   0.147835E+00  -0.214100E-01   0.127995E+00   0.148123E+00  -0.233201E-02  -0.858252E-03  -0.858252E-03   0.860806E-03
   0.345000E+00   0.233254E-02   0.859050E-03   0.859050E-03  -0.864372E-03   0.148482E+00   0.119917E+00  -0.209113E-01   0.148702E+00   0.148482E+00  -0.209113E-01   0.119917E+00   0.148702E+00  -0.233254E-02  -0.859050E-03  -0.859050E-03   0.864372E-03
   0.350000E+00   0.233502E-02   0.858153E-03   0.858153E-03  -0.861321E-03   0.149022E+00   0.112130E+00  -0.203811E-01   0.149162E+00   0.149022E+00  -0.203811E-01   0.112130E+00   0.149162E+00  -0.233502E-02  -0.858153E-03  -0.858153E-03   0.861321E-03
   0.355000E+00   0.233187E-02   0.858197E-03   0.858197E-03  -0.862112E-03   0.149454E+00   0.104652E+00  -0.198267E-01   0.149515E+00   0.149454E+00  -0.198267E-01   0.104652E+00   0.149515E+00  -0.233187E-02  -0.858197E-03  -0.858197E-03   0.862112E-03
   0.360000E+00   0.233755E-02   0.858732E-03   0.858732E-03  -0.861217E-03   0.149782E+00   0.974557E-01  -0.192472E-01   0.149771E+00   0.149782E+00  -0.192472E-01   0.974557E-01   0.149771E+00  -0.233755E-02  -0.858732E-03  -0.858732E-03   0.861217E-03
   0.365000E+00   0.233661E-02   0.858224E-03   0.858224E-03  -0.862218E-03   0.150005E+00   0.905718E-01  -0.186458E-01   0.149923E+00   0.150005E+00  -0.186458E-01   0.905718E-01   0.149923E+00  -0.233661E-02  -0.858224E-03  -0.858224E-03   0.862218E-03
   0.370000E+00   0.233558E-02   0.860047E-03   0.860047E-03  -0.860612E-03   0.150129E+00   0.839665E-01  -0.180208E-01   0.149972E+00   0.150129E+00  -0.180208E-01   0.839665E-01   0.149972E+00  -0.233558E-02  -0.860047E-03  -0.860047E-03   0.860612E-03
   0.375000E+00   0.233696E-02   0.859577E-03   0.859577E-03  -0.860799E-03   0.150153E+00   0.776653E-01  -0.173773E-01   0.149925E+00   0.150153E+00  -0.173773E-01   0.776653E-01   0.149925E+00  -0.233696E-02  -0.859577E-03  -0.859577E-03   0.860799E-03
   0.380000E+00   0.233532E-02   0.861132E-03   0.861132E-03  -0.859182E-03   0.150081E+00   0.716360E-01  -0.167127E-01   0.149781E+00   0.150081E+00  -0.167127E-01   0.716360E-01   0.149781E+00  -0.233532E-02  -0.861132E-03  -0.861132E-03   0.859182E-03
   0.385000E+00   0.233622E-02   0.860865E-03   0.860865E-03  -0.859183E-03   0.149915E+00   0.659035E-01  -0.160343E-01   0.149546E+00   0.149915E+00  -0.160343E-01   0.659035E-01   0.149546E+00  -0.233622E-02  -0.860865E-03  -0.860865E-03   0.859183E-03
   0.390000E+00   0.233628E-02   0.860899E-03   0.860899E-03  -0.859231E-03   0.149657E+00   0.604458E-01  -0.153392E-01   0.149219E+00   0.149657E+00  -0.153392E-01   0.604458E-01   0.149219E+00  -0.233628E-02  -0.860899E-03  -0.860899E-03   0.859231E-03
   0.395000E+00   0.233811E-02   0.860346E-03   0.860346E-03  -0.859661E-03   0.149311E+00   0.552593E-01  -0.146328E-01   0.148806E+00   0.149311E+00  -0.146328E-01   0.552593E-01   0.148806E+00  -0.233811E-02  -0.860346E-03  -0.860346E-03   0.859661E-03
   0.400000E+00   0.233828E-02   0.860237E-03   0.860237E-03  -0.858818E-03   0.148881E+00   0.503413E-01  -0.139155E-01   0.148308E+00   0.148881E+00  -0.139155E-01   0.503413E-01   0.148308E+00  -0.233828E-02  -0.860237E-03  -0.860237E-03   0.858818E-03
   0.405000E+00   0.233845E-02   0.860579E-03   0.860579E-03  -0.859048E-03   0.148367E+00   0.456983E-01  -0.131877E-01   0.147730E+00   0.148367E+00  -0.131877E-01   0.456983E-01   0.147730E+00  -0.233845E-02  -0.860579E-03  -0.860579E-03   0.859048E-03
   0.410000E+00   0.233827E-02   0.861318E-03   0.861318E-03  -0.857604E-03   0.147777E+00   0.412979E-01  -0.124536E-01   0.147072E+00   0.147777E+00  -0.124536E-01   0.412979E-01   0.147072E+00  -0.233827E-02  -0.861318E-03  -0.861318E-03   0.857604E-03
   0.415000E+00   0.233946E-02   0.860295E-03   0.860295E-03  -0.858848E-03   0.147110E+00   0.371578E-01  -0.117128E-01   0.146342E+00   0.147110E+00  -0.117128E-01   0.371578E-01   0.146342E+00  -0.233946E-02  -0.860295E-03  -0.860295E-03   0.858848E-03
   0.420000E+00   0.233866E-02   0.861346E-03   0.861346E-03  -0.857144E-03   0.146370E+00   0.332610E-01  -0.109685E-01   0.145540E+00   0.146370E+00  -0.109685E-01   0.332610E-01   0.145540E+00  -0.233866E-02  -0.861346E-03  -0.861346E-03   0.857144E-03
   0.425000E+00   0.233952E-02   0.860297E-03   0.860297E-03  -0.857718E-03   0.145563E+00   0.295965E-01  -0.102223E-01   0.144671E+00   0.145563E+00  -0.102223E-01   0.295965E-01   0.144671E+00  -0.233952E-02  -0.860297E-03  -0.860297E-03   0.857718E-03
   0.430000E+00   0.233871E-02   0.862876E-03   0.862876E-03  -0.854844E-03   0.144691E+00   0.261714E-01  -0.947565E-02   0.143738E+00   0.144691E+00  -0.947565E-02   0.261714E-01   0.143738E+00  -0.233871E-02  -0.862876E-03  -0.862876E-03   0.854844E-03
   0.435000E+00   0.234095E-02   0.860751E-03   0.860751E-03  -0.855907E-03   0.143759E+00   0.229660E-01  -0.873098E-02   0.142744E+00   0.143759E+00  -0.873098E-02   0.229660E-01   0.142744E+00  -0.234095E-02  -0.860751E-03  -0.860751E-03   0.855907E-03
   0.440000E+00   0.233894E-02   0.862588E-03   0.862588E-03  -0.854194E-03   0.142767E+00   0.199796E-01  -0.798978E-02   0.141695E+00   0.142767E+00  -0.798978E-02   0.199796E-01   0.141695E+00  -0.233894E-02  -0.862588E-03  -0.862588E-03   0.854194E-03
   0.445000E+00   0.234131E-02   0.861061E-03   0.861061E-03  -0.854933E-03   0.141723E+00   0.171996E-01  -0.725061E-02   0.140593E+00   0.141723E+00  -0.725061E-02   0.171996E-01   0.140593E+00  -0.234131E-02  -0.861061E-03  -0.861061E-03   0.854933E-03
   0.450000E+00   0.234080E-02   0.861776E-03   0.861776E-03  -0.854420E-03   0.140629E+00   0.146265E-01  -0.652105E-02   0.139442E+00   0.140629E+00  -0.652105E-02   0.146265E-01   0.139442E+00  -0.234080E-02  -0.861776E-03  -0.861776E-03   0.854420E-03
   0.455000E+00   0.234210E-02   0.861269E-03   0.861269E-03  -0.853949E-03   0.139489E+00   0.122441E-01  -0.579767E-02   0.138245E+00   0.139489E+00  -0.579767E-02   0.122441E-01   0.138245E+00  -0.234210E-02  -0.861269E-03  -0.861269E-03   0.853949E-03
   0.460000E+00   0.234185E-02   0.861151E-03   0.861151E-03  -0.853763E-03   0.138306E+00   0.100448E-01  -0.508305E-02   0.137006E+00   0.138306E+00  -0.508305E-02   0.100448E-01   0.137006E+00  -0.234185E-02  -0.861151E-03  -0.861151E-03   0.853763E-03
   0.465000E+00   0.234276E-02   0.860950E-03   0.860950E-03  -0.853209E-03   0.137084E+00   0.802644E-02  -0.437976E-02   0.135730E+00   0.137084E+00  -0.437976E-02   0.802644E-02   0.135730E+00  -0.234276E-02  -0.860950E-03  -0.860950E-03   0.853209E-03
   0.470000E+00   0.234248E-02   0.861168E-03   0.861168E-03  -0.851639E-03   0.135827E+00   0.617682E-02  -0.368751E-02   0.134419E+00   0.135827E+00  -0.368751E-02   0.617682E-02   0.134419E+00  -0.234248E-02  -0.861168E-03  -0.861168E-03   0.851639E-03
   0.475000E+00   0.234366E-02   0.861303E-03   0.861303E-03  -0.852307E-03   0.134539E+00   0.448784E-02  -0.300896E-02   0.133076E+00   0.134539E+00  -0.300896E-02   0.448784E-02   0.133076E+00  -0.234366E-02  -0.861303E-03  -0.861303E-03   0.852307E-03
   0.480000E+00   0.234294E-02   0.861834E-03   0.861834E-03  -0.851514E-03   0.133223E+00   0.295339E-02  -0.234277E-02   0.131707E+00   0.133223E+00  -0.234277E-02   0.295339E-02   0.131707E+00  -0.234294E-02  -0.861834E-03  -0.861834E-03   0.851514E-03
   0.485000E+00   0.234403E-02   0.861243E-03   0.861243E-03  -0.850605E-03   0.131882E+00   0.156538E-02  -0.169261E-02   0.130313E+00   0.131882E+00  -0.169261E-02   0.156538E-02   0.130313E+00  -0.234403E-02  -0.861243E-03  -0.861243E-03   0.850605E-03
   0.490000E+00   0.234453E-02   0.860983E-03   0.860983E-03  -0.850880E-03   0.130520E+00   0.315809E-03  -0.105922E-02   0.128899E+00   0.130520E+00  -0.105922E-02   0.315809E-03   0.128899E+00  -0.234453E-02  -0.860983E-03  -0.860983E-03   0.850880E-03
   0.495000E+00   0.234503E-02   0.860478E-03   0.860478E-03  -0.850694E-03   0.129140E+00  -0.803227E-03  -0.441327E-03   0.127467E+00   0.129140E+00  -0.441327E-03  -0.803227E-03   0.127467E+00  -0.234503E-02  -0.860478E-03  -0.860478E-03   0.850694E-03
   0.500000E+00   0.234619E-02   0.860178E-03   0.860178E-03  -0.849447E-03   0.127746E+00  -0.180060E-02   0.158313E-03   0.126020E+00   0.127746E+00   0.158313E-03  -0.180060E-02   0.126020E+00  -0.234619E-02  -0.860178E-03  -0.860178E-03   0.849447E-03
   0.505000E+00   0.234561E-02   0.860667E-03   0.860667E-03  -0.848485E-03   0.126341E+00  -0.268098E-02   0.740711E-03   0.124562E+00   0.126341E+00   0.740711E-03  -0.268098E-02   0.124562E+00  -0.234561E-02  -0.860667E-03  -0.860667E-03   0.848485E-03
   0.510000E+00   0.234688E-02   0.860222E-03   0.860222E-03  -0.848257E-03   0.124927E+00  -0.345239E-02   0.130240E-02   0.123096E+00   0.124927E+00   0.130240E-02  -0.345239E-02   0.123096E+00  -0.234688E-02  -0.860222E-03  -0.860222E-03   0.848257E-03
   0.515000E+00   0.234655E-02   0.860200E-03   0.860200E-03  -0.847159E-03   0.123508E+00  -0.412373E-02   0.184645E-02   0.121625E+00   0.123508E+00   0.184645E-02  -0.412373E-02   0.121625E+00  -0.234655E-02  -0.860200E-03  -0.860200E-03   0.847159E-03
   0.520000E+00   0.234721E-02   0.859863E-03   0.859863E-03  -0.847130E-03   0.122086E+00  -0.470085E-02   0.237138E-02   0.120150E+00   0.122086E+00   0.237138E-02  -0.470085E-02   0.120150E+00  -0.234721E-02  -0.859863E-03  -0.859863E-03   0.847130E-03
   0.525000E+00   0.234755E-02   0.859671E-03   0.859671E-03  -0.846617E-03   0.120664E+00  -0.519015E-02   0.287613E-02   0.118675E+00   0.120664E+00   0.287613E-02  -0.519015E-02   0.118675E+00  -0.234755E-02  -0.859671E-03  -0.859671E-03   0.846617E-03
   0.530000E+00   0.234826E-02   0.859689E-03   0.859689E-03  -0.845903E-03   0.119245E+00  -0.559756E-02   0.336127E-02   0.117202E+00   0.119245E+00   0.336127E-02  -0.559756E-02   0.117202E+00  -0.234826E-02  -0.859689E-03  -0.859689E-03   0.845903E-03
   0.535000E+00   0.234872E-02   0.859536E-03   0.859536E-03  -0.845254E-03   0.117831E+00  -0.593063E-02   0.382657E-02   0.115733E+00   0.117831E+00   0.382657E-02  -0.593063E-02   0.115733E+00  -0.234872E-02  -0.859536E-03  -0.859536E-03   0.845254E-03
   0.540000E+00   0.234882E-02   0.859302E-03   0.859302E-03  -0.844666E-03   0.116424E+00  -0.619520E-02   0.427239E-02   0.114271E+00   0.116424E+00   0.427239E-02  -0.619520E-02   0.114271E+00  -0.234882E-02  -0.859302E-03  -0.859302E-03   0.844666E-03
   0.545000E+00   0.234980E-02   0.859198E-03   0.859198E-03  -0.844118E-03   0.115026E+00  -0.639617E-02   0.469832E-02   0.112817E+00   0.115026E+00   0.469832E-02  -0.639617E-02   0.112817E+00  -0.234980E-02  -0.859198E-03  -0.859198E-03   0.844118E-03
   0.550000E+00   0.235037E-02   0.858859E-03   0.858859E-03  -0.843595E-03   0.113640E+00  -0.654030E-02   0.510530E-02   0.111373E+00   0.113640E+00   0.510530E-02  -0.654030E-02   0.111373E+00  -0.235037E-02  -0.858859E-03  -0.858859E-03   0.843595E-03
   0.555000E+00   0.235097E-02   0.858904E-03   0.858904E-03  -0.843432E-03   0.112267E+00  -0.663098E-02   0.549386E-02   0.109942E+00   0.112267E+00   0.549386E-02  -0.663098E-02   0.109942E+00  -0.235097E-02  -0.858904E-03  -0.858904E-03   0.843432E-03
   0.560000E+00   0.235143E-02   0.858247E-03   0.858247E-03  -0.841970E-03   0.110909E+00  -0.667557E-02   0.586452E-02   0.108522E+00   0.110909E+00   0.586452E-02  -0.667557E-02   0.108522E+00  -0.235143E-02  -0.858247E-03  -0.858247E-03   0.841970E-03
   0.565000E+00   0.235204E-02   0.858701E-03   0.858701E-03  -0.841668E-03   0.109566E+00  -0.667679E-02   0.621710E-02   0.107120E+00   0.109566E+00   0.621710E-02  -0.667679E-02   0.107120E+00  -0.235204E-02  -0.858701E-03  -0.858701E-03   0.841668E-03
   0.570000E+00   0.235267E-02   0.858382E-03   0.858382E-03  -0.841537E-03   0.108241E+00  -0.663984E-02   0.655189E-02   0.105732E+00   0.108241E+00   0.655189E-02  -0.663984E-02   0.105732E+00  -0.235267E-02  -0.858382E-03  -0.858382E-03   0.841537E-03
   0.575000E+00   0.235324E-02   0.858247E-03   0.858247E-03  -0.840771E-03   0.106934E+00  -0.656817E-02   0.687135E-02   0.104361E+00   0.106934E+00   0.687135E-02  -0.656817E-02   0.104361E+00  -0.235324E-02  -0.858247E-03  -0.858247E-03   0.840771E-03
   0.580000E+00   0.235368E-02   0.857302E-03   0.857302E-03  -0.839516E-03   0.105647E+00  -0.646870E-02   0.717534E-02   0.103009E+00   0.105647E+00   0.717534E-02  -0.646870E-02   0.103009E+00  -0.235368E-02  -0.857302E-03  -0.857302E-03   0.839516E-03
   0.585000E+00   0.235475E-02   0.856485E-03   0.856485E-03  -0.840062E-03   0.104381E+00  -0.633915E-02   0.746461E-02   0.101674E+00   0.104381E+00   0.746461E-02  -0.633915E-02   0.101674E+00  -0.235475E-02  -0.856485E-03  -0.856485E-03   0.840062E-03
   0.590000E+00   0.235456E-02   0.857190E-03   0.857190E-03  -0.838288E-03   0.103136E+00  -0.618163E-02   0.774017E-02   0.100360E+00   0.103136E+00   0.774017E-02  -0.618163E-02   0.100360E+00  -0.235456E-02  -0.857190E-03  -0.857190E-03   0.838288E-03
   0.595000E+00   0.235480E-02   0.857666E-03   0.857666E-03  -0.837174E-03   0.101913E+00  -0.601319E-02   0.800492E-02   0.990644E-01   0.101913E+00   0.800492E-02  -0.601319E-02   0.990644E-01  -0.235480E-02  -0.857666E-03  -0.857666E-03   0.837174E-03
   0.600000E+00   0.235673E-02   0.856544E-03   0.856544E-03  -0.837342E-03   0.100711E+00  -0.582486E-02   0.825671E-02   0.977891E-01   0.100711E+00   0.825671E-02  -0.582486E-02   0.977891E-01  -0.235673E-02  -0.856544E-03  -0.856544E-03   0.837342E-03
   0.605000E+00   0.235672E-02   0.857440E-03   0.857440E-03  -0.836500E-03   0.995317E-01  -0.561285E-02   0.849962E-02   0.965354E-01   0.995317E-01   0.849962E-02  -0.561285E-02   0.965354E-01  -0.235672E-02  -0.857440E-03  -0.857440E-03   0.836500E-03
   0.610000E+00   0.235614E-02   0.856972E-03   0.856972E-03  -0.835408E-03   0.983749E-01  -0.539323E-02   0.873255E-02   0.953000E-01   0.983749E-01   0.873255E-02  -0.539323E-02   0.953000E-01  -0.235614E-02  -0.856972E-03  -0.856972E-03   0.835408E-03
   0.615000E+00   0.235817E-02   0.856866E-03   0.856866E-03  -0.834717E-03   0.972407E-01  -0.515626E-02   0.895841E-02   0.940863E-01   0.972407E-01   0.895841E-02  -0.515626E-02   0.940863E-01  -0.235817E-02  -0.856866E-03  -0.856866E-03   0.834717E-03
   0.620000E+00   0.235905E-02   0.855809E-03   0.855809E-03  -0.835117E-03   0.961289E-01  -0.492117E-02   0.917716E-02   0.928910E-01   0.961289E-01   0.917716E-02  -0.492117E-02   0.928910E-01  -0.235905E-02  -0.855809E-03  -0.855809E-03   0.835117E-03
   0.625000E+00   0.236008E-02   0.855494E-03   0.855494E-03  -0.834292E-03   0.950383E-01  -0.467013E-02   0.939264E-02   0.917158E-01   0.950383E-01   0.939264E-02  -0.467013E-02   0.917158E-01  -0.236008E-02  -0.855494E-03  -0.855494E-03   0.834292E-03
   0.630000E+00   0.236048E-02   0.855672E-03   0.855672E-03  -0.833967E-03   0.939698E-01  -0.440445E-02   0.960374E-02   0.905602E-01   0.939698E-01   0.960374E-02  -0.440445E-02   0.905602E-01  -0.236048E-02  -0.855672E-03  -0.855672E-03   0.833967E-03
   0.635000E+00   0.236151E-02   0.855051E-03   0.855051E-03  -0.832913E-03   0.929219E-01  -0.414343E-02   0.981240E-02   0.894220E-01   0.929219E-01   0.981240E-02  -0.414343E-02   0.894220E-01  -0.236151E-02  -0.855051E-03  -0.855051E-03   0.832913E-03
   0.640000E+00   0.236050E-02   0.856295E-03   0.856295E-03  -0.830845E-03   0.918947E-01  -0.386822E-02   0.100205E-01   0.883019E-01   0.918947E-01   0.100205E-01  -0.386822E-02   0.883019E-01  -0.236050E-02  -0.856295E-03  -0.856295E-03   0.830845E-03
   0.645000E+00   0.236065E-02   0.856154E-03   0.856154E-03  -0.829517E-03   0.908868E-01  -0.359215E-02   0.102300E-01   0.871994E-01   0.908868E-01   0.102300E-01  -0.359215E-02   0.871994E-01  -0.236065E-02  -0.856154E-03  -0.856154E-03   0.829517E-03
   0.650000E+00   0.236214E-02   0.855464E-03   0.855464E-03  -0.829619E-03   0.898981E-01  -0.331167E-02   0.104416E-01   0.861133E-01   0.898981E-01   0.104416E-01  -0.331167E-02   0.861133E-01  -0.236214E-02  -0.855464E-03  -0.855464E-03   0.829619E-03
   0.655000E+00   0.236222E-02   0.855969E-03   0.855969E-03  -0.827936E-03   0.889265E-01  -0.301905E-02   0.106573E-01   0.850424E-01   0.889265E-01   0.106573E-01  -0.301905E-02   0.850424E-01  -0.236222E-02  -0.855969E-03  -0.855969E-03   0.827936E-03
   0.660000E+00   0.236311E-02   0.855447E-03   0.855447E-03  -0.827199E-03   0.879718E-01  -0.272772E-02   0.108779E-01   0.839861E-01   0.879718E-01   0.108779E-01  -0.272772E-02   0.839861E-01  -0.236311E-02  -0.855447E-03  -0.855447E-03   0.827199E-03
   0.665000E+00   0.236503E-02   0.854678E-03   0.854678E-03  -0.828077E-03   0.870327E-01  -0.243205E-02   0.111044E-01   0.829433E-01   0.870327E-01   0.111044E-01  -0.243205E-02   0.829433E-01  -0.236503E-02  -0.854678E-03  -0.854678E-03   0.828077E-03
   0.670000E+00   0.236419E-02   0.855439E-03   0.855439E-03  -0.826325E-03   0.861083E-01  -0.212740E-02   0.113385E-01   0.819115E-01   0.861083E-01   0.113385E-01  -0.212740E-02   0.819115E-01  -0.236419E-02  -0.855439E-03  -0.855439E-03   0.826325E-03
   0.675000E+00   0.236489E-02   0.855484E-03   0.855484E-03  -0.824744E-03   0.851972E-01  -0.181408E-02   0.115832E-01   0.808907E-01   0.851972E-01   0.115832E-01  -0.181408E-02   0.808907E-01  -0.236489E-02  -0.855484E-03  -0.855484E-03   0.824744E-03
   0.680000E+00   0.236732E-02   0.853649E-03   0.853649E-03  -0.825077E-03   0.842972E-01  -0.148559E-02   0.118373E-01   0.798814E-01   0.842972E-01   0.118373E-01  -0.148559E-02   0.798814E-01  -0.236732E-02  -0.853649E-03  -0.853649E-03   0.825077E-03
   0.685000E+00   0.236672E-02   0.854708E-03   0.854708E-03  -0.823056E-03   0.834093E-01  -0.115829E-02   0.121026E-01   0.788794E-01   0.834093E-01   0.121026E-01  -0.115829E-02   0.788794E-01  -0.236672E-02  -0.854708E-03  -0.854708E-03   0.823056E-03
   0.690000E+00   0.236740E-02   0.854423E-03   0.854423E-03  -0.822400E-03   0.825301E-01  -0.824557E-03   0.123832E-01   0.778853E-01   0.825301E-01   0.123832E-01  -0.824557E-03   0.778853E-01  -0.236740E-02  -0.854423E-03  -0.854423E-03   0.822400E-03
   0.695000E+00   0.236952E-02   0.853666E-03   0.853666E-03  -0.822769E-03   0.816596E-01  -0.473893E-03   0.126757E-01   0.768979E-01   0.816596E-01   0.126757E-01  -0.473893E-03   0.768979E-01  -0.236952E-02  -0.853666E-03  -0.853666E-03   0.822769E-03
   0.700000E+00   0.236928E-02   0.854219E-03   0.854219E-03  -0.820864E-03   0.807945E-01  -0.112668E-03   0.129851E-01   0.759147E-01   0.807945E-01   0.129851E-01  -0.112668E-03   0.759147E-01  -0.236928E-02  -0.854219E-03  -0.854219E-03   0.820864E-03
   0.705000E+00   0.237103E-02   0.852849E-03   0.852849E-03  -0.821424E-03   0.799345E-01   0.257726E-03   0.133103E-01   0.749355E-01   0.799345E-01   0.133103E-01   0.257726E-03   0.749355E-01  -0.237103E-02  -0.852849E-03  -0.852849E-03   0.821424E-03
   0.710000E+00   0.237204E-02   0.852360E-03   0.852360E-03  -0.820129E-03   0.790786E-01   0.634945E-03   0.136530E-01   0.739581E-01   0.790786E-01   0.136530E-01   0.634945E-03   0.739581E-01  -0.237204E-02  -0.852360E-03  -0.852360E-03   0.820129E-03
   0.715000E+00   0.237153E-02   0.853518E-03   0.853518E-03  -0.818695E-03   0.782264E-01   0.103460E-02   0.140173E-01   0.729850E-01   0.782264E-01   0.140173E-01   0.103460E-02   0.729850E-01  -0.237153E-02  -0.853518E-03  -0.853518E-03   0.818695E-03
   0.720000E+00   0.237280E-02   0.852097E-03   0.852097E-03  -0.817831E-03   0.773737E-01   0.144734E-02   0.143939E-01   0.720090E-01   0.773737E-01   0.143939E-01   0.144734E-02   0.720090E-01  -0.237280E-02  -0.852097E-03  -0.852097E-03   0.817831E-03
   0.725000E+00   0.237411E-02   0.853911E-03   0.853911E-03  -0.815083E-03   0.765223E-01   0.187675E-02   0.147918E-01   0.710257E-01   0.765223E-01   0.147918E-01   0.187675E-02   0.710257E-01  -0.237411E-02  -0.853911E-03  -0.853911E-03   0.815083E-03
   0.730000E+00   0.237378E-02   0.853683E-03   0.853683E-03  -0.817136E-03   0.756659E-01   0.232358E-02   0.152129E-01   0.700458E-01   0.756659E-01   0.152129E-01   0.232358E-02   0.700458E-01  -0.237378E-02  -0.853683E-03  -0.853683E-03   0.817136E-03
   0.735000E+00   0.237520E-02   0.853170E-03   0.853170E-03  -0.815715E-03   0.748071E-01   0.278452E-02   0.156549E-01   0.690659E-01   0.748071E-01   0.156549E-01   0.278452E-02   0.690659E-01  -0.237520E-02  -0.853170E-03  -0.853170E-03   0.815715E-03
   0.740000E+00   0.237562E-02   0.850148E-03   0.850148E-03  -0.812379E-03   0.739437E-01   0.327915E-02   0.161190E-01   0.680757E-01   0.739437E-01   0.161190E-01   0.327915E-02   0.680757E-01  -0.237562E-02  -0.850148E-03  -0.850148E-03   0.812379E-03
   0.745000E+00   0.237635E-02   0.856327E-03   0.856327E-03  -0.814730E-03   0.730755E-01   0.378328E-02   0.165999E-01   0.670848E-01   0.730755E-01   0.165999E-01   0.378328E-02   0.670848E-01  -0.237635E-02  -0.856327E-03  -0.856327E-03   0.814730E-03
   0.750000E+00   0.237776E-02   0.855432E-03   0.855432E-03  -0.808352E-03   0.722120E-01   0.429272E-02   0.171126E-01   0.660728E-01   0.722120E-01   0.171126E-01   0.429272E-02   0.660728E-01  -0.237776E-02  -0.855432E-03  -0.855432E-03   0.808352E-03
   0.755000E+00   0.237923E-02   0.851198E-03   0.851198E-03  -0.808821E-03   0.713229E-01   0.485516E-02   0.176399E-01   0.650693E-01   0.713229E-01   0.176399E-01   0.485516E-02   0.650693E-01  -0.237923E-02  -0.851198E-03  -0.851198E-03   0.808821E-03
   0.760000E+00   0.237912E-02   0.849300E-03   0.849300E-03  -0.809796E-03   0.704379E-01   0.541740E-02   0.181859E-01   0.640540E-01   0.704379E-01   0.181859E-01   0.541740E-02   0.640540E-01  -0.237912E-02  -0.849300E-03  -0.849300E-03   0.809796E-03
   0.765000E+00   0.237983E-02   0.851429E-03   0.851429E-03  -0.808774E-03   0.695265E-01   0.602633E-02   0.187545E-01   0.630365E-01   0.695265E-01   0.187545E-01   0.602633E-02   0.630365E-01  -0.237983E-02  -0.851429E-03  -0.851429E-03   0.808774E-03
   0.770000E+00   0.238274E-02   0.849234E-03   0.849234E-03  -0.813289E-03   0.686183E-01   0.663784E-02   0.193505E-01   0.619963E-01   0.686183E-01   0.193505E-01   0.663784E-02   0.619963E-01  -0.238274E-02  -0.849234E-03  -0.849234E-03   0.813289E-03
   0.775000E+00   0.238328E-02   0.850352E-03   0.850352E-03  -0.804916E-03   0.676930E-01   0.728183E-02   0.199650E-01   0.609532E-01   0.676930E-01   0.199650E-01   0.728183E-02   0.609532E-01  -0.238328E-02  -0.850352E-03  -0.850352E-03   0.804916E-03
   0.780000E+00   0.238190E-02   0.846435E-03   0.846435E-03  -0.801167E-03   0.667601E-01   0.794328E-02   0.206039E-01   0.598966E-01   0.667601E-01   0.206039E-01   0.794328E-02   0.598966E-01  -0.238190E-02  -0.846435E-03  -0.846435E-03   0.801167E-03
   0.785000E+00   0.238501E-02   0.849100E-03   0.849100E-03  -0.799535E-03   0.658090E-01   0.862912E-02   0.212613E-01   0.588261E-01   0.658090E-01   0.212613E-01   0.862912E-02   0.588261E-01  -0.238501E-02  -0.849100E-03  -0.849100E-03   0.799535E-03
   0.790000E+00   0.238302E-02   0.853977E-03   0.853977E-03  -0.803502E-03   0.648495E-01   0.934832E-02   0.219389E-01   0.577513E-01   0.648495E-01   0.219389E-01   0.934832E-02   0.577513E-01  -0.238302E-02  -0.853977E-03  -0.853977E-03   0.803502E-03
   0.795000E+00   0.238646E-02   0.850662E-03   0.850662E-03  -0.802534E-03   0.638809E-01   0.100669E-01   0.226420E-01   0.566518E-01   0.638809E-01   0.226420E-01   0.100669E-01   0.566518E-01  -0.238646E-02  -0.850662E-03  -0.850662E-03   0.802534E-03
   0.800000E+00   0.238777E-02   0.846719E-03   0.846719E-03  -0.798079E-03   0.628927E-01   0.108339E-01   0.233524E-01   0.555570E-01   0.628927E-01   0.233524E-01   0.108339E-01   0.555570E-01  -0.238777E-02  -0.846719E-03  -0.846719E-03   0.798079E-03
   0.805000E+00   0.238745E-02   0.851724E-03   0.851724E-03  -0.799624E-03   0.618845E-01   0.116274E-01   0.240833E-01   0.544467E-01   0.618845E-01   0.240833E-01   0.116274E-01   0.544467E-01  -0.238745E-02  -0.851724E-03  -0.851724E-03   0.799624E-03
   0.810000E+00   0.239000E-02   0.851239E-03   0.851239E-03  -0.800644E-03   0.608655E-01   0.124346E-01   0.248385E-01   0.533202E-01   0.608655E-01   0.248385E-01   0.124346E-01   0.533202E-01  -0.239000E-02  -0.851239E-03  -0.851239E-03   0.800644E-03
   0.815000E+00   0.238590E-02   0.844771E-03   0.844771E-03  -0.800545E-03   0.598255E-01   0.132716E-01   0.256031E-01   0.521872E-01   0.598255E-01   0.256031E-01   0.132716E-01   0.521872E-01  -0.238590E-02  -0.844771E-03  -0.844771E-03   0.800545E-03
   0.820000E+00   0.238962E-02   0.847842E-03   0.847842E-03  -0.792717E-03   0.587837E-01   0.140977E-01   0.263792E-01   0.510272E-01   0.587837E-01   0.263792E-01   0.140977E-01   0.510272E-01  -0.238962E-02  -0.847842E-03  -0.847842E-03   0.792717E-03
   0.825000E+00   0.238981E-02   0.851937E-03   0.851937E-03  -0.794640E-03   0.577194E-01   0.149841E-01   0.271667E-01   0.498797E-01   0.577194E-01   0.271667E-01   0.149841E-01   0.498797E-01  -0.238981E-02  -0.851937E-03  -0.851937E-03   0.794640E-03
   0.830000E+00   0.239495E-02   0.848533E-03   0.848533E-03  -0.793676E-03   0.566322E-01   0.158841E-01   0.279738E-01   0.487043E-01   0.566322E-01   0.279738E-01   0.158841E-01   0.487043E-01  -0.239495E-02  -0.848533E-03  -0.848533E-03   0.793676E-03
   0.835000E+00   0.238951E-02   0.843154E-03   0.843154E-03  -0.793164E-03   0.555514E-01   0.167680E-01   0.287915E-01   0.475204E-01   0.555514E-01   0.287915E-01   0.167680E-01   0.475204E-01  -0.238951E-02  -0.843154E-03  -0.843154E-03   0.793164E-03
   0.840000E+00   0.239405E-02   0.845206E-03   0.845206E-03  -0.792535E-03   0.544465E-01   0.177050E-01   0.296118E-01   0.463376E-01   0.544465E-01   0.296118E-01   0.177050E-01   0.463376E-01  -0.239405E-02  -0.845206E-03  -0.845206E-03   0.792535E-03
   0.845000E+00   0.239520E-02   0.848087E-03   0.848087E-03  -0.787255E-03   0.533267E-01   0.186346E-01   0.304369E-01   0.451355E-01   0.533267E-01   0.304369E-01   0.186346E-01   0.451355E-01  -0.239520E-02  -0.848087E-03  -0.848087E-03   0.787255E-03
   0.850000E+00   0.239948E-02   0.845322E-03   0.845322E-03  -0.792664E-03   0.521913E-01   0.196031E-01   0.312617E-01   0.439336E-01   0.521913E-01   0.312617E-01   0.196031E-01   0.439336E-01  -0.239948E-02  -0.845322E-03  -0.845322E-03   0.792664E-03
   0.855000E+00   0.239743E-02   0.846320E-03   0.846320E-03  -0.788093E-03   0.510398E-01   0.205690E-01   0.320995E-01   0.427214E-01   0.510398E-01   0.320995E-01   0.205690E-01   0.427214E-01  -0.239743E-02  -0.846320E-03  -0.846320E-03   0.788093E-03
   0.860000E+00   0.239562E-02   0.844435E-03   0.844435E-03  -0.789003E-03   0.498915E-01   0.215236E-01   0.329302E-01   0.414885E-01   0.498915E-01   0.329302E-01   0.215236E-01   0.414885E-01  -0.239562E-02  -0.844435E-03  -0.844435E-03   0.789003E-03
   0.865000E+00   0.240057E-02   0.843060E-03   0.843060E-03  -0.780788E-03   0.487257E-01   0.225146E-01   0.337680E-01   0.402744E-01   0.487257E-01   0.337680E-01   0.225146E-01   0.402744E-01  -0.240057E-02  -0.843060E-03  -0.843060E-03   0.780788E-03
   0.870000E+00   0.240289E-02   0.841580E-03   0.841580E-03  -0.782830E-03   0.475417E-01   0.234904E-01   0.345958E-01   0.390388E-01   0.475417E-01   0.345958E-01   0.234904E-01   0.390388E-01  -0.240289E-02  -0.841580E-03  -0.841580E-03   0.782830E-03
   0.875000E+00   0.239911E-02   0.843405E-03   0.843405E-03  -0.780484E-03   0.463689E-01   0.244715E-01   0.354249E-01   0.378011E-01   0.463689E-01   0.354249E-01   0.244715E-01   0.378011E-01  -0.239911E-02  -0.843405E-03  -0.843405E-03   0.780484E-03
   0.880000E+00   0.240578E-02   0.841881E-03   0.841881E-03  -0.779145E-03   0.451666E-01   0.254664E-01   0.362484E-01   0.365709E-01   0.451666E-01   0.362484E-01   0.254664E-01   0.365709E-01  -0.240578E-02  -0.841881E-03  -0.841881E-03   0.779145E-03
   0.885000E+00   0.240547E-02   0.844369E-03   0.844369E-03  -0.780241E-03   0.439742E-01   0.264546E-01   0.370582E-01   0.353378E-01   0.439742E-01   0.370582E-01   0.264546E-01   0.353378E-01  -0.240547E-02  -0.844369E-03  -0.844369E-03   0.780241E-03
   0.890000E+00   0.240274E-02   0.846275E-03   0.846275E-03  -0.777160E-03   0.427608E-01   0.274458E-01   0.378565E-01   0.341014E-01   0.427608E-01   0.378565E-01   0.274458E-01   0.341014E-01  -0.240274E-02  -0.846275E-03  -0.846275E-03   0.777160E-03
   0.895000E+00   0.240811E-02   0.836923E-03   0.836923E-03  -0.779344E-03   0.415560E-01   0.284075E-01   0.386374E-01   0.328713E-01   0.415560E-01   0.386374E-01   0.284075E-01   0.328713E-01  -0.240811E-02  -0.836923E-03  -0.836923E-03   0.779344E-03
   0.900000E+00   0.240810E-02   0.839663E-03   0.839663E-03  -0.782208E-03   0.403490E-01   0.293722E-01   0.394099E-01   0.316371E-01   0.403490E-01   0.394099E-01   0.293722E-01   0.316371E-01  -0.240810E-02  -0.839663E-03  -0.839663E-03   0.782208E-03
   0.905000E+00   0.241121E-02   0.845865E-03   0.845865E-03  -0.773198E-03   0.391292E-01   0.303275E-01   0.401581E-01   0.304085E-01   0.391292E-01   0.401581E-01   0.303275E-01   0.304085E-01  -0.241121E-02  -0.845865E-03  -0.845865E-03   0.773198E-03
   0.910000E+00   0.240795E-02   0.844873E-03   0.844873E-03  -0.771790E-03   0.379161E-01   0.312650E-01   0.408922E-01   0.291951E-01   0.379161E-01   0.408922E-01   0.312650E-01   0.291951E-01  -0.240795E-02  -0.844873E-03  -0.844873E-03   0.771790E-03
   0.915000E+00   0.240683E-02   0.838055E-03   0.838055E-03  -0.775433E-03   0.366989E-01   0.322024E-01   0.416061E-01   0.279865E-01   0.366989E-01   0.416061E-01   0.322024E-01   0.279865E-01  -0.240683E-02  -0.838055E-03  -0.838055E-03   0.775433E-03
   0.920000E+00   0.241429E-02   0.838773E-03   0.838773E-03  -0.769610E-03   0.354871E-01   0.330920E-01   0.422888E-01   0.267724E-01   0.354871E-01   0.422888E-01   0.330920E-01   0.267724E-01  -0.241429E-02  -0.838773E-03  -0.838773E-03   0.769610E-03
   0.925000E+00   0.241077E-02   0.836377E-03   0.836377E-03  -0.773835E-03   0.342801E-01   0.339807E-01   0.429556E-01   0.255826E-01   0.342801E-01   0.429556E-01   0.339807E-01   0.255826E-01  -0.241077E-02  -0.836377E-03  -0.836377E-03   0.773835E-03
   0.930000E+00   0.241478E-02   0.842215E-03   0.842215E-03  -0.775654E-03   0.330873E-01   0.348319E-01   0.435843E-01   0.243967E-01   0.330873E-01   0.435843E-01   0.348319E-01   0.243967E-01  -0.241478E-02  -0.842215E-03  -0.842215E-03   0.775654E-03
   0.935000E+00   0.241474E-02   0.837664E-03   0.837664E-03  -0.772588E-03   0.318783E-01   0.356732E-01   0.441889E-01   0.232344E-01   0.318783E-01   0.441889E-01   0.356732E-01   0.232344E-01  -0.241474E-02  -0.837664E-03  -0.837664E-03   0.772588E-03
   0.940000E+00   0.241899E-02   0.834116E-03   0.834116E-03  -0.772202E-03   0.306924E-01   0.364661E-01   0.447595E-01   0.220756E-01   0.306924E-01   0.447595E-01   0.364661E-01   0.220756E-01  -0.241899E-02  -0.834116E-03  -0.834116E-03   0.772202E-03
   0.945000E+00   0.241793E-02   0.840942E-03   0.840942E-03  -0.764107E-03   0.295193E-01   0.372303E-01   0.452981E-01   0.209299E-01   0.295193E-01   0.452981E-01   0.372303E-01   0.209299E-01  -0.241793E-02  -0.840942E-03  -0.840942E-03   0.764107E-03
   0.950000E+00   0.241795E-02   0.841520E-03   0.841520E-03  -0.763917E-03   0.283484E-01   0.379653E-01   0.457965E-01   0.198173E-01   0.283484E-01   0.457965E-01   0.379653E-01   0.198173E-01  -0.241795E-02  -0.841520E-03  -0.841520E-03   0.763917E-03
   0.955000E+00   0.242138E-02   0.833280E-03   0.833280E-03  -0.763275E-03   0.271893E-01   0.386535E-01   0.462639E-01   0.187074E-01   0.271893E-01   0.462639E-01   0.386535E-01   0.187074E-01  -0.242138E-02  -0.833280E-03  -0.833280E-03   0.763275E-03
   0.960000E+00   0.241453E-02   0.839648E-03   0.839648E-03  -0.767850E-03   0.260516E-01   0.393134E-01   0.466930E-01   0.176201E-01   0.260516E-01   0.466930E-01   0.393134E-01   0.176201E-01  -0.241453E-02  -0.839648E-03  -0.839648E-03   0.767850E-03
   0.965000E+00   0.241769E-02   0.840048E-03   0.840048E-03  -0.767342E-03   0.249249E-01   0.399264E-01   0.470739E-01   0.165554E-01   0.249249E-01   0.470739E-01   0.399264E-01   0.165554E-01  -0.241769E-02  -0.840048E-03  -0.840048E-03   0.767342E-03
   0.970000E+00   0.242111E-02   0.833928E-03   0.833928E-03  -0.761479E-03   0.238089E-01   0.404931E-01   0.474173E-01   0.155130E-01   0.238089E-01   0.474173E-01   0.404931E-01   0.155130E-01  -0.242111E-02  -0.833928E-03  -0.833928E-03   0.761479E-03
   0.975000E+00   0.242303E-02   0.832717E-03   0.832717E-03  -0.758028E-03   0.227234E-01   0.410139E-01   0.477242E-01   0.144930E-01   0.227234E-01   0.477242E-01   0.410139E-01   0.144930E-01  -0.242303E-02  -0.832717E-03  -0.832717E-03   0.758028E-03
   0.980000E+00   0.241965E-02   0.839903E-03   0.839903E-03  -0.762782E-03   0.216479E-01   0.414781E-01   0.479765E-01   0.134852E-01   0.216479E-01   0.479765E-01   0.414781E-01   0.134852E-01  -0.241965E-02  -0.839903E-03  -0.839903E-03   0.762782E-03
   0.985000E+00   0.242515E-02   0.830994E-03   0.830994E-03  -0.759561E-03   0.205924E-01   0.419081E-01   0.481928E-01   0.125196E-01   0.205924E-01   0.481928E-01   0.419081E-01   0.125196E-01  -0.242515E-02  -0.830994E-03  -0.830994E-03   0.759561E-03
   0.990000E+00   0.242565E-02   0.839507E-03   0.839507E-03  -0.754219E-03   0.195666E-01   0.422841E-01   0.483541E-01   0.115662E-01   0.195666E-01   0.483541E-01   0.422841E-01   0.115662E-01  -0.242565E-02  -0.839507E-03  -0.839507E-03   0.754219E-03
   0.995000E+00   0.242329E-02   0.832966E-03   0.832966E-03  -0.758658E-03   0.185503E-01   0.426165E-01   0.484711E-01   0.106450E-01   0.185503E-01   0.484711E-01   0.426165E-01   0.106450E-01  -0.242329E-02  -0.832966E-03  -0.832966E-03   0.758658E-03
   0.100000E+01   0.242414E-02   0.834906E-03   0.834906E-03  -0.758807E-03   0.175635E-01   0.428655E-01   0.485346E-01   0.974611E-02   0.175635E-01   0.485346E-01   0.428655E-01   0.974611E-02  -0.242414E-02  -0.834906E-03  -0.834906E-03   0.758807E-03
