 Discretized bath frequencies and couplings
 
   9.21034037197618       0.582513072016944     
   7.01311579463996       0.443548388111279     
   5.99146454710798       0.378933489780209     
   5.31852007386556       0.336372744294842     
   4.81589121730374       0.304583704205615     
   4.41454982637944       0.279200645913198     
   4.08044165705311       0.258069789914390     
   3.79423996977176       0.239968805874544     
   3.54391368386375       0.224136781440947     
   3.32146241364330       0.210067727795063     
   3.12129549652934       0.197408060389178     
   2.93935194011788       0.185900939512147     
   2.77258872223978       0.175353907543473     
   2.61866663996752       0.165619020299950     
   2.47574871200323       0.156580096883169     
   2.34236596300589       0.148144231135046     
   2.21732524904322       0.140235962007533     
   2.09964424899736       0.132793162058107     
   1.98850454668773       0.125764070102677     
   1.88321707971689       0.119105106008725     
   1.78319623856757       0.112779232578370     
   1.68794014058906       0.106754707965725     
   1.59701539243554       0.101004121968879     
   1.51004516855607       9.550364204740082E-002
   1.42669977575493       9.023241657274100E-002
   1.34668910652753       8.517209753528251E-002
   1.26975654487194       8.030645511402242E-002
   1.19567400151124       7.562106367646258E-002
   1.12423783630708       7.110304388939845E-002
   1.05526548416474       6.674084932241876E-002
  0.988592643629560       6.252408863913116E-002
  0.924070919193117       5.844337648351309E-002
  0.861565832184908       5.449020767765429E-002
  0.800955133194250       5.065685048994733E-002
  0.742127362781664       4.693625560648261E-002
  0.684980617893552       4.332197811226225E-002
  0.629421489679400       3.980811031286140E-002
  0.575364144903562       3.638922363780832E-002
  0.522729528268815       3.306031819109658E-002
  0.471444667042140       2.981677877185756E-002
  0.421442062631305       2.665433639428518E-002
  0.372659156382987       2.356903450174229E-002
  0.325037858995550       2.055719920421174E-002
  0.278524134667015       1.761541297750463E-002
  0.233067632511903       1.474049135201449E-002
  0.188621358942483       1.192946219228828E-002
  0.145141385669671       9.179547229381654E-003
  0.102586588775101       6.488145558327652E-003
  6.091841496941715E-002  3.852818855013096E-003
  2.010067170700290E-002  1.271278101868677E-003
