   0.000000E+00   0.000000E+00  -0.769458E-03   0.769458E-03   0.000000E+00   0.421570E-02  -0.501417E-02  -0.880303E-02  -0.289800E-02  -0.421570E-02   0.880303E-02   0.501417E-02   0.289800E-02   0.000000E+00   0.769458E-03  -0.769458E-03   0.000000E+00
   0.500000E-02   0.682468-130  -0.763350E-03   0.763350E-03   0.000000E+00   0.424331E-02  -0.131731E-01  -0.866498E-02  -0.286288E-02  -0.424331E-02   0.866498E-02   0.131731E-01   0.286288E-02  -0.682468-130   0.763350E-03  -0.763350E-03   0.000000E+00
   0.100000E-01  -0.325181-127  -0.757417E-03   0.757417E-03   0.000000E+00   0.426998E-02  -0.213167E-01  -0.852227E-02  -0.283173E-02  -0.426998E-02   0.852227E-02   0.213167E-01   0.283173E-02   0.325181-127   0.757417E-03  -0.757417E-03   0.000000E+00
   0.150000E-01   0.726799-125  -0.752042E-03   0.752042E-03   0.000000E+00   0.429374E-02  -0.294304E-01  -0.837551E-02  -0.280837E-02  -0.429374E-02   0.837551E-02   0.294304E-01   0.280837E-02  -0.726799-125   0.752042E-03  -0.752042E-03   0.000000E+00
   0.200000E-01  -0.101088-122  -0.745966E-03   0.745966E-03   0.000000E+00   0.431199E-02  -0.374985E-01  -0.822441E-02  -0.279336E-02  -0.431199E-02   0.822441E-02   0.374985E-01   0.279336E-02   0.101088-122   0.745966E-03  -0.745966E-03   0.000000E+00
   0.250000E-01   0.121522E-84  -0.740757E-03   0.740757E-03   0.000000E+00   0.432356E-02  -0.455061E-01  -0.807022E-02  -0.278961E-02  -0.432356E-02   0.807022E-02   0.455061E-01   0.278961E-02  -0.121522E-84   0.740757E-03  -0.740757E-03   0.000000E+00
   0.300000E-01  -0.334200E-82  -0.735381E-03   0.735381E-03   0.000000E+00   0.432365E-02  -0.534379E-01  -0.791268E-02  -0.279935E-02  -0.432365E-02   0.791268E-02   0.534379E-01   0.279935E-02   0.334200E-82   0.735381E-03  -0.735381E-03   0.000000E+00
   0.350000E-01   0.410161E-80  -0.731010E-03   0.731010E-03   0.000000E+00   0.431277E-02  -0.612811E-01  -0.775248E-02  -0.282507E-02  -0.431277E-02   0.775248E-02   0.612811E-01   0.282507E-02  -0.410161E-80   0.731010E-03  -0.731010E-03   0.000000E+00
   0.400000E-01  -0.294438E-78  -0.726591E-03   0.726591E-03   0.000000E+00   0.428817E-02  -0.690193E-01  -0.759008E-02  -0.286918E-02  -0.428817E-02   0.759008E-02   0.690193E-01   0.286918E-02   0.294438E-78   0.726591E-03  -0.726591E-03   0.000000E+00
   0.450000E-01   0.141029E-76  -0.722093E-03   0.722093E-03   0.000000E+00   0.424737E-02  -0.766406E-01  -0.742631E-02  -0.293435E-02  -0.424737E-02   0.742631E-02   0.766406E-01   0.293435E-02  -0.141029E-76   0.722093E-03  -0.722093E-03   0.000000E+00
   0.500000E-01  -0.544741E-75  -0.717847E-03   0.717847E-03   0.000000E+00   0.418801E-02  -0.841289E-01  -0.726062E-02  -0.302142E-02  -0.418801E-02   0.726062E-02   0.841289E-01   0.302142E-02   0.544741E-75   0.717847E-03  -0.717847E-03   0.000000E+00
   0.550000E-01   0.225720E-73  -0.713970E-03   0.713970E-03   0.000000E+00   0.410792E-02  -0.914756E-01  -0.709205E-02  -0.313162E-02  -0.410792E-02   0.709205E-02   0.914756E-01   0.313162E-02  -0.225720E-73   0.713970E-03  -0.713970E-03   0.000000E+00
   0.600000E-01  -0.100660E-71  -0.709686E-03   0.709686E-03   0.000000E+00   0.400739E-02  -0.986642E-01  -0.692662E-02  -0.326971E-02  -0.400739E-02   0.692662E-02   0.986642E-01   0.326971E-02   0.100660E-71   0.709686E-03  -0.709686E-03   0.000000E+00
   0.650000E-01   0.366532E-70  -0.706006E-03   0.706006E-03   0.000000E+00   0.388180E-02  -0.105679E+00  -0.675813E-02  -0.343657E-02  -0.388180E-02   0.675813E-02   0.105679E+00   0.343657E-02  -0.366532E-70   0.706006E-03  -0.706006E-03   0.000000E+00
   0.700000E-01  -0.913207E-69  -0.703404E-03   0.703404E-03   0.000000E+00   0.373236E-02  -0.112514E+00  -0.659060E-02  -0.363292E-02  -0.373236E-02   0.659060E-02   0.112514E+00   0.363292E-02   0.913207E-69   0.703404E-03  -0.703404E-03   0.000000E+00
   0.750000E-01   0.138702E-67  -0.701435E-03   0.701435E-03   0.000000E+00   0.355529E-02  -0.119154E+00  -0.642407E-02  -0.386065E-02  -0.355529E-02   0.642407E-02   0.119154E+00   0.386065E-02  -0.138702E-67   0.701435E-03  -0.701435E-03   0.000000E+00
   0.800000E-01  -0.975118E-67  -0.698654E-03   0.698654E-03   0.000000E+00   0.334967E-02  -0.125579E+00  -0.625920E-02  -0.412182E-02  -0.334967E-02   0.625920E-02   0.125579E+00   0.412182E-02   0.975118E-67   0.698654E-03  -0.698654E-03   0.000000E+00
   0.850000E-01  -0.243884E-66  -0.695803E-03   0.695803E-03   0.000000E+00   0.311352E-02  -0.131806E+00  -0.609487E-02  -0.441737E-02  -0.311352E-02   0.609487E-02   0.131806E+00   0.441737E-02   0.243884E-66   0.695803E-03  -0.695803E-03   0.000000E+00
   0.900000E-01   0.650389E-65  -0.693650E-03   0.693650E-03   0.000000E+00   0.284690E-02  -0.137796E+00  -0.593354E-02  -0.474944E-02  -0.284690E-02   0.593354E-02   0.137796E+00   0.474944E-02  -0.650389E-65   0.693650E-03  -0.693650E-03   0.000000E+00
   0.950000E-01   0.156459E-64  -0.692056E-03   0.692056E-03   0.000000E+00   0.254971E-02  -0.143552E+00  -0.577489E-02  -0.512020E-02  -0.254971E-02   0.577489E-02   0.143552E+00   0.512020E-02  -0.156459E-64   0.692056E-03  -0.692056E-03   0.000000E+00
   0.100000E+00  -0.299803E-63  -0.689005E-03   0.689005E-03   0.000000E+00   0.221778E-02  -0.149060E+00  -0.561848E-02  -0.552779E-02  -0.221778E-02   0.561848E-02   0.149060E+00   0.552779E-02   0.299803E-63   0.689005E-03  -0.689005E-03   0.000000E+00
   0.105000E+00  -0.227405E-62  -0.688556E-03   0.688556E-03   0.000000E+00   0.185196E-02  -0.154327E+00  -0.546455E-02  -0.597547E-02  -0.185196E-02   0.546455E-02   0.154327E+00   0.597547E-02   0.227405E-62   0.688556E-03  -0.688556E-03   0.000000E+00
   0.110000E+00  -0.784538E-63  -0.686900E-03   0.686900E-03   0.000000E+00   0.145101E-02  -0.159326E+00  -0.531450E-02  -0.646163E-02  -0.145101E-02   0.531450E-02   0.159326E+00   0.646163E-02   0.784538E-63   0.686900E-03  -0.686900E-03   0.000000E+00
   0.115000E+00   0.999440E-61  -0.684293E-03   0.684293E-03  -0.133859E-94   0.101464E-02  -0.164062E+00  -0.516842E-02  -0.698770E-02  -0.101464E-02   0.516842E-02   0.164062E+00   0.698770E-02  -0.999440E-61   0.684293E-03  -0.684293E-03   0.133859E-94
   0.120000E+00   0.994389E-60  -0.680172E-03   0.680172E-03   0.438226E-92   0.543419E-03  -0.168528E+00  -0.502539E-02  -0.755921E-02  -0.543419E-03   0.502539E-02   0.168528E+00   0.755921E-02  -0.994389E-60   0.680172E-03  -0.680172E-03  -0.438226E-92
   0.125000E+00   0.628332E-59  -0.683084E-03   0.683084E-03  -0.653040E-90   0.297826E-04  -0.172716E+00  -0.488737E-02  -0.816976E-02  -0.297826E-04   0.488737E-02   0.172716E+00   0.816976E-02  -0.628332E-59   0.683084E-03  -0.683084E-03   0.653040E-90
   0.130000E+00   0.312067E-58  -0.684699E-03   0.684699E-03   0.584018E-88  -0.508891E-03  -0.176608E+00  -0.475633E-02  -0.882904E-02   0.508891E-03   0.475633E-02   0.176608E+00   0.882904E-02  -0.312067E-58   0.684699E-03  -0.684699E-03  -0.584018E-88
   0.135000E+00   0.131566E-57  -0.678787E-03   0.678787E-03  -0.347496E-86  -0.109321E-02  -0.180233E+00  -0.462793E-02  -0.952579E-02   0.109321E-02   0.462793E-02   0.180233E+00   0.952579E-02  -0.131566E-57   0.678787E-03  -0.678787E-03   0.347496E-86
   0.140000E+00   0.490027E-57  -0.679205E-03   0.679205E-03   0.143831E-84  -0.171285E-02  -0.183552E+00  -0.450481E-02  -0.102598E-01   0.171285E-02   0.450481E-02   0.183552E+00   0.102598E-01  -0.490027E-57   0.679205E-03  -0.679205E-03  -0.143831E-84
   0.145000E+00   0.165270E-56  -0.685009E-03   0.685009E-03  -0.418958E-83  -0.236571E-02  -0.186584E+00  -0.438755E-02  -0.110430E-01   0.236571E-02   0.438755E-02   0.186584E+00   0.110430E-01  -0.165270E-56   0.685009E-03  -0.685009E-03   0.418958E-83
   0.150000E+00   0.513326E-56  -0.686347E-03   0.686347E-03   0.842515E-82  -0.306270E-02  -0.189321E+00  -0.427651E-02  -0.118644E-01   0.306270E-02   0.427651E-02   0.189321E+00   0.118644E-01  -0.513326E-56   0.686347E-03  -0.686347E-03  -0.842515E-82
   0.155000E+00   0.148650E-55  -0.679471E-03   0.679471E-03   0.433680E-20  -0.378875E-02  -0.191757E+00  -0.416984E-02  -0.127291E-01   0.378875E-02   0.416984E-02   0.191757E+00   0.127291E-01  -0.148650E-55   0.679471E-03  -0.679471E-03  -0.433680E-20
   0.160000E+00   0.405121E-55  -0.679818E-03   0.679818E-03   0.202627E-24  -0.455392E-02  -0.193905E+00  -0.406991E-02  -0.136373E-01   0.455392E-02   0.406991E-02   0.193905E+00   0.136373E-01  -0.405121E-55   0.679818E-03  -0.679818E-03  -0.202627E-24
   0.165000E+00   0.104683E-54  -0.686963E-03   0.686963E-03   0.421325E-24  -0.535339E-02  -0.195747E+00  -0.397565E-02  -0.145842E-01   0.535339E-02   0.397565E-02   0.195747E+00   0.145842E-01  -0.104683E-54   0.686963E-03  -0.686963E-03  -0.421325E-24
   0.170000E+00   0.258015E-54  -0.680555E-03   0.680555E-03   0.639961E-24  -0.618532E-02  -0.197308E+00  -0.388903E-02  -0.155722E-01   0.618532E-02   0.388903E-02   0.197308E+00   0.155722E-01  -0.258015E-54   0.680555E-03  -0.680555E-03  -0.639961E-24
   0.175000E+00   0.609582E-54  -0.681386E-03   0.681386E-03   0.858502E-24  -0.704803E-02  -0.198567E+00  -0.380791E-02  -0.165937E-01   0.704803E-02   0.380791E-02   0.198567E+00   0.165937E-01  -0.609582E-54   0.681386E-03  -0.681386E-03  -0.858502E-24
   0.180000E+00   0.138625E-53  -0.684416E-03   0.684416E-03   0.107691E-23  -0.794992E-02  -0.199547E+00  -0.373298E-02  -0.176611E-01   0.794992E-02   0.373298E-02   0.199547E+00   0.176611E-01  -0.138625E-53   0.684416E-03  -0.684416E-03  -0.107691E-23
   0.185000E+00   0.304506E-53  -0.686745E-03   0.686745E-03   0.433810E-20  -0.886947E-02  -0.200224E+00  -0.366488E-02  -0.187672E-01   0.886947E-02   0.366488E-02   0.200224E+00   0.187672E-01  -0.304506E-53   0.686745E-03  -0.686745E-03  -0.433810E-20
   0.190000E+00   0.648053E-53  -0.691558E-03   0.691558E-03   0.171579E-23  -0.984516E-02  -0.200604E+00  -0.360117E-02  -0.198944E-01   0.984516E-02   0.360117E-02   0.200604E+00   0.198944E-01  -0.648053E-53   0.691558E-03  -0.691558E-03  -0.171579E-23
   0.195000E+00   0.133974E-52  -0.692197E-03   0.692197E-03   0.215226E-23  -0.108347E-01  -0.200711E+00  -0.354522E-02  -0.210565E-01   0.108347E-01   0.354522E-02   0.200711E+00   0.210565E-01  -0.133974E-52   0.692197E-03  -0.692197E-03  -0.215226E-23
   0.200000E+00   0.269658E-52  -0.691112E-03   0.691112E-03   0.258838E-23  -0.118367E-01  -0.200567E+00  -0.349723E-02  -0.222663E-01   0.118367E-01   0.349723E-02   0.200567E+00   0.222663E-01  -0.269658E-52   0.691112E-03  -0.691112E-03  -0.258838E-23
   0.205000E+00   0.529501E-52  -0.689853E-03   0.689853E-03   0.302408E-23  -0.128809E-01  -0.200119E+00  -0.345360E-02  -0.234958E-01   0.128809E-01   0.345360E-02   0.200119E+00   0.234958E-01  -0.529501E-52   0.689853E-03  -0.689853E-03  -0.302408E-23
   0.210000E+00   0.101613E-51  -0.691199E-03   0.691199E-03   0.345929E-23  -0.139462E-01  -0.199428E+00  -0.341446E-02  -0.247579E-01   0.139462E-01   0.341446E-02   0.199428E+00   0.247579E-01  -0.101613E-51   0.691199E-03  -0.691199E-03  -0.345929E-23
   0.215000E+00   0.190877E-51  -0.700960E-03   0.700960E-03   0.389392E-23  -0.150294E-01  -0.198466E+00  -0.338575E-02  -0.260476E-01   0.150294E-01   0.338575E-02   0.198466E+00   0.260476E-01  -0.190877E-51   0.700960E-03  -0.700960E-03  -0.389392E-23
   0.220000E+00   0.351473E-51  -0.696075E-03   0.696075E-03   0.432791E-23  -0.161415E-01  -0.197250E+00  -0.335859E-02  -0.273559E-01   0.161415E-01   0.335859E-02   0.197250E+00   0.273559E-01  -0.351473E-51   0.696075E-03  -0.696075E-03  -0.432791E-23
   0.225000E+00   0.635210E-51  -0.698678E-03   0.698678E-03   0.476118E-23  -0.172706E-01  -0.195798E+00  -0.333900E-02  -0.286871E-01   0.172706E-01   0.333900E-02   0.195798E+00   0.286871E-01  -0.635210E-51   0.698678E-03  -0.698678E-03  -0.476118E-23
   0.230000E+00   0.346944E-19  -0.706959E-03   0.706959E-03  -0.693836E-19  -0.184157E-01  -0.194103E+00  -0.332461E-02  -0.300442E-01   0.184157E-01   0.332461E-02   0.194103E+00   0.300442E-01  -0.346944E-19   0.706959E-03  -0.706959E-03   0.693836E-19
   0.235000E+00   0.162102E-23  -0.704188E-03   0.704188E-03   0.238321E-23  -0.195760E-01  -0.192177E+00  -0.331640E-02  -0.314206E-01   0.195760E-01   0.331640E-02   0.192177E+00   0.314206E-01  -0.162102E-23   0.704188E-03  -0.704188E-03  -0.238321E-23
   0.240000E+00   0.337060E-23  -0.708835E-03   0.708835E-03  -0.685284E-24  -0.207507E-01  -0.190031E+00  -0.331302E-02  -0.328096E-01   0.207507E-01   0.331302E-02   0.190031E+00   0.328096E-01  -0.337060E-23   0.708835E-03  -0.708835E-03   0.685284E-24
   0.245000E+00   0.511969E-23  -0.702458E-03   0.702458E-03   0.433305E-20  -0.219400E-01  -0.187666E+00  -0.331217E-02  -0.342235E-01   0.219400E-01   0.331217E-02   0.187666E+00   0.342235E-01  -0.511969E-23   0.702458E-03  -0.702458E-03  -0.433305E-20
   0.250000E+00   0.686801E-23  -0.711679E-03   0.711679E-03  -0.661933E-23  -0.231313E-01  -0.185102E+00  -0.331966E-02  -0.356377E-01   0.231313E-01   0.331966E-02   0.185102E+00   0.356377E-01  -0.686801E-23   0.711679E-03  -0.711679E-03   0.661933E-23
   0.255000E+00   0.861525E-23  -0.710223E-03   0.710223E-03  -0.946774E-23  -0.243348E-01  -0.182361E+00  -0.332998E-02  -0.370748E-01   0.243348E-01   0.332998E-02   0.182361E+00   0.370748E-01  -0.861525E-23   0.710223E-03  -0.710223E-03   0.946774E-23
   0.260000E+00  -0.173368E-19  -0.713877E-03   0.713877E-03  -0.123147E-22  -0.255409E-01  -0.179421E+00  -0.334375E-02  -0.385071E-01   0.255409E-01   0.334375E-02   0.179421E+00   0.385071E-01   0.173368E-19   0.713877E-03  -0.713877E-03   0.123147E-22
   0.265000E+00   0.260321E-19  -0.715587E-03   0.715587E-03  -0.151597E-22  -0.267481E-01  -0.176332E+00  -0.336270E-02  -0.399593E-01   0.267481E-01   0.336270E-02   0.176332E+00   0.399593E-01  -0.260321E-19   0.715587E-03  -0.715587E-03   0.151597E-22
   0.270000E+00  -0.693754E-19  -0.715394E-03   0.715394E-03  -0.180022E-22  -0.279668E-01  -0.173055E+00  -0.338333E-02  -0.414039E-01   0.279668E-01   0.338333E-02   0.173055E+00   0.414039E-01   0.693754E-19   0.715394E-03  -0.715394E-03   0.180022E-22
   0.275000E+00   0.123134E-22  -0.726391E-03   0.726391E-03  -0.208417E-22  -0.291755E-01  -0.169637E+00  -0.340926E-02  -0.428555E-01   0.291755E-01   0.340926E-02   0.169637E+00   0.428555E-01  -0.123134E-22   0.726391E-03  -0.726391E-03   0.208417E-22
   0.280000E+00   0.109892E-22  -0.724795E-03   0.724795E-03  -0.236779E-22  -0.303846E-01  -0.166078E+00  -0.343905E-02  -0.443068E-01   0.303846E-01   0.343905E-02   0.166078E+00   0.443068E-01  -0.109892E-22   0.724795E-03  -0.724795E-03   0.236779E-22
   0.285000E+00   0.966310E-23  -0.726895E-03   0.726895E-03   0.431029E-20  -0.315838E-01  -0.162379E+00  -0.346935E-02  -0.457513E-01   0.315838E-01   0.346935E-02   0.162379E+00   0.457513E-01  -0.966310E-23   0.726895E-03  -0.726895E-03  -0.431029E-20
   0.290000E+00   0.833514E-23  -0.729004E-03   0.729004E-03  -0.694179E-19  -0.327937E-01  -0.158565E+00  -0.350273E-02  -0.471816E-01   0.327937E-01   0.350273E-02   0.158565E+00   0.471816E-01  -0.833514E-23   0.729004E-03  -0.729004E-03   0.694179E-19
   0.295000E+00  -0.173402E-19  -0.726535E-03   0.726535E-03  -0.349815E-22  -0.339736E-01  -0.154645E+00  -0.353784E-02  -0.486215E-01   0.339736E-01   0.353784E-02   0.154645E+00   0.486215E-01   0.173402E-19   0.726535E-03  -0.726535E-03   0.349815E-22
   0.300000E+00   0.486449E-23  -0.730992E-03   0.730992E-03   0.693477E-19  -0.351524E-01  -0.150630E+00  -0.357528E-02  -0.500456E-01   0.351524E-01   0.357528E-02   0.150630E+00   0.500456E-01  -0.486449E-23   0.730992E-03  -0.730992E-03  -0.693477E-19
   0.305000E+00   0.265785E-23  -0.734934E-03   0.734934E-03  -0.439286E-22  -0.363315E-01  -0.146515E+00  -0.361478E-02  -0.514557E-01   0.363315E-01   0.361478E-02   0.146515E+00   0.514557E-01  -0.265785E-23   0.734934E-03  -0.734934E-03   0.439286E-22
   0.310000E+00   0.450757E-24  -0.736921E-03   0.736921E-03  -0.465131E-22  -0.374806E-01  -0.142328E+00  -0.365513E-02  -0.528454E-01   0.374806E-01   0.365513E-02   0.142328E+00   0.528454E-01  -0.450757E-24   0.736921E-03  -0.736921E-03   0.465131E-22
   0.315000E+00  -0.867536E-20  -0.743600E-03   0.743600E-03  -0.490896E-22  -0.386202E-01  -0.138088E+00  -0.369507E-02  -0.542374E-01   0.386202E-01   0.369507E-02   0.138088E+00   0.542374E-01   0.867536E-20   0.743600E-03  -0.743600E-03   0.490896E-22
   0.320000E+00  -0.436906E-23  -0.742696E-03   0.742696E-03  -0.516575E-22  -0.397400E-01  -0.133771E+00  -0.373635E-02  -0.555854E-01   0.397400E-01   0.373635E-02   0.133771E+00   0.555854E-01   0.436906E-23   0.742696E-03  -0.742696E-03   0.516575E-22
   0.325000E+00  -0.868061E-20  -0.740984E-03   0.740984E-03  -0.542170E-22  -0.408396E-01  -0.129426E+00  -0.377891E-02  -0.569331E-01   0.408396E-01   0.377891E-02   0.129426E+00   0.569331E-01   0.868061E-20   0.740984E-03  -0.740984E-03   0.542170E-22
   0.330000E+00   0.607051E-19  -0.749251E-03   0.749251E-03  -0.694456E-19  -0.419305E-01  -0.125038E+00  -0.382069E-02  -0.582520E-01   0.419305E-01   0.382069E-02   0.125038E+00   0.582520E-01  -0.607051E-19   0.749251E-03  -0.749251E-03   0.694456E-19
   0.335000E+00  -0.103033E-22  -0.751288E-03   0.751288E-03  -0.625494E-22  -0.429914E-01  -0.120636E+00  -0.386364E-02  -0.595569E-01   0.429914E-01   0.386364E-02   0.120636E+00   0.595569E-01   0.103033E-22   0.751288E-03  -0.751288E-03   0.625494E-22
   0.340000E+00  -0.103184E-22  -0.749968E-03   0.749968E-03  -0.685789E-22  -0.440348E-01  -0.116198E+00  -0.390280E-02  -0.608185E-01   0.440348E-01   0.390280E-02   0.116198E+00   0.608185E-01   0.103184E-22   0.749968E-03  -0.749968E-03   0.685789E-22
   0.345000E+00  -0.103314E-22  -0.750228E-03   0.750228E-03   0.209380E-20  -0.450492E-01  -0.111767E+00  -0.394332E-02  -0.620712E-01   0.450492E-01   0.394332E-02   0.111767E+00   0.620712E-01   0.103314E-22   0.750228E-03  -0.750228E-03  -0.209380E-20
   0.350000E+00  -0.868394E-20  -0.749969E-03   0.749969E-03  -0.805015E-22  -0.460351E-01  -0.107333E+00  -0.398434E-02  -0.632876E-01   0.460351E-01   0.398434E-02   0.107333E+00   0.632876E-01   0.868394E-20   0.749969E-03  -0.749969E-03   0.805015E-22
   0.355000E+00  -0.107577E-22  -0.750100E-03   0.750100E-03  -0.863840E-22  -0.469932E-01  -0.102932E+00  -0.402312E-02  -0.644904E-01   0.469932E-01   0.402312E-02   0.102932E+00   0.644904E-01   0.107577E-22   0.750100E-03  -0.750100E-03   0.863840E-22
   0.360000E+00   0.693776E-19  -0.756610E-03   0.756610E-03  -0.673127E-19  -0.479347E-01  -0.985310E-01  -0.406002E-02  -0.656409E-01   0.479347E-01   0.406002E-02   0.985310E-01   0.656409E-01  -0.693776E-19   0.756610E-03  -0.756610E-03   0.673127E-19
   0.365000E+00  -0.868201E-20  -0.761468E-03   0.761468E-03  -0.101245E-21  -0.488503E-01  -0.941752E-01  -0.409439E-02  -0.667718E-01   0.488503E-01   0.409439E-02   0.941752E-01   0.667718E-01   0.868201E-20   0.761468E-03  -0.761468E-03   0.101245E-21
   0.370000E+00   0.346887E-19  -0.761660E-03   0.761660E-03  -0.110471E-21  -0.497183E-01  -0.898624E-01  -0.412973E-02  -0.678674E-01   0.497183E-01   0.412973E-02   0.898624E-01   0.678674E-01  -0.346887E-19   0.761660E-03  -0.761660E-03   0.110471E-21
   0.375000E+00  -0.150834E-23  -0.756152E-03   0.756152E-03   0.204872E-20  -0.505811E-01  -0.855685E-01  -0.416256E-02  -0.689282E-01   0.505811E-01   0.416256E-02   0.855685E-01   0.689282E-01   0.150834E-23   0.756152E-03  -0.756152E-03  -0.204872E-20
   0.380000E+00   0.346973E-19  -0.764927E-03   0.764927E-03  -0.128764E-21  -0.513990E-01  -0.813519E-01  -0.419150E-02  -0.699565E-01   0.513990E-01   0.419150E-02   0.813519E-01   0.699565E-01  -0.346973E-19   0.764927E-03  -0.764927E-03   0.128764E-21
   0.385000E+00   0.104092E-18  -0.767006E-03   0.767006E-03  -0.326638E-19  -0.521913E-01  -0.772075E-01  -0.422026E-02  -0.709556E-01   0.521913E-01   0.422026E-02   0.772075E-01   0.709556E-01  -0.104092E-18   0.767006E-03  -0.767006E-03   0.326638E-19
   0.390000E+00   0.173670E-19  -0.760357E-03   0.760357E-03  -0.148374E-21  -0.529504E-01  -0.731118E-01  -0.424559E-02  -0.719159E-01   0.529504E-01   0.424559E-02   0.731118E-01   0.719159E-01  -0.173670E-19   0.760357E-03  -0.760357E-03   0.148374E-21
   0.395000E+00   0.694208E-19  -0.766950E-03   0.766950E-03  -0.159022E-21  -0.536764E-01  -0.690908E-01  -0.426832E-02  -0.728395E-01   0.536764E-01   0.426832E-02   0.690908E-01   0.728395E-01  -0.694208E-19   0.766950E-03  -0.766950E-03   0.159022E-21
   0.400000E+00   0.347419E-19  -0.764785E-03   0.764785E-03  -0.169644E-21  -0.543785E-01  -0.651530E-01  -0.428935E-02  -0.737296E-01   0.543785E-01   0.428935E-02   0.651530E-01   0.737296E-01  -0.347419E-19   0.764785E-03  -0.764785E-03   0.169644E-21
   0.405000E+00   0.138842E-18  -0.773801E-03   0.773801E-03   0.198816E-20  -0.550489E-01  -0.613027E-01  -0.430767E-02  -0.745863E-01   0.550489E-01   0.430767E-02   0.613027E-01   0.745863E-01  -0.138842E-18   0.773801E-03  -0.773801E-03  -0.198816E-20
   0.410000E+00   0.608040E-19  -0.771930E-03   0.771930E-03   0.197770E-20  -0.556866E-01  -0.575384E-01  -0.432429E-02  -0.754028E-01   0.556866E-01   0.432429E-02   0.575384E-01   0.754028E-01  -0.608040E-19   0.771930E-03  -0.771930E-03  -0.197770E-20
   0.415000E+00   0.695049E-19  -0.772115E-03   0.772115E-03   0.413578E-20  -0.562837E-01  -0.538856E-01  -0.433735E-02  -0.761891E-01   0.562837E-01   0.433735E-02   0.538856E-01   0.761891E-01  -0.695049E-19   0.772115E-03  -0.772115E-03  -0.413578E-20
   0.420000E+00   0.104230E-18  -0.772254E-03   0.772254E-03   0.195730E-20  -0.568611E-01  -0.503098E-01  -0.434700E-02  -0.769261E-01   0.568611E-01   0.434700E-02   0.503098E-01   0.769261E-01  -0.104230E-18   0.772254E-03  -0.772254E-03  -0.195730E-20
   0.425000E+00   0.199675E-18  -0.775236E-03   0.775236E-03   0.863182E-21  -0.574079E-01  -0.468488E-01  -0.435547E-02  -0.776467E-01   0.574079E-01   0.435547E-02   0.468488E-01   0.776467E-01  -0.199675E-18   0.775236E-03  -0.775236E-03  -0.863182E-21
   0.430000E+00   0.696170E-19  -0.776938E-03   0.776938E-03   0.355478E-19  -0.579248E-01  -0.435003E-01  -0.436104E-02  -0.783218E-01   0.579248E-01   0.436104E-02   0.435003E-01   0.783218E-01  -0.696170E-19   0.776938E-03  -0.776938E-03  -0.355478E-19
   0.435000E+00   0.277587E-21  -0.771166E-03   0.771166E-03  -0.685436E-19  -0.584138E-01  -0.402501E-01  -0.436203E-02  -0.789611E-01   0.584138E-01   0.436203E-02   0.402501E-01   0.789611E-01  -0.277587E-21   0.771166E-03  -0.771166E-03   0.685436E-19
   0.440000E+00   0.327226E-21  -0.773740E-03   0.773740E-03   0.366127E-19  -0.588535E-01  -0.371333E-01  -0.436387E-02  -0.795775E-01   0.588535E-01   0.436387E-02   0.371333E-01   0.795775E-01  -0.327226E-21   0.773740E-03  -0.773740E-03  -0.366127E-19
   0.445000E+00   0.697656E-19  -0.770440E-03   0.770440E-03  -0.338699E-19  -0.592869E-01  -0.341078E-01  -0.436088E-02  -0.801597E-01   0.592869E-01   0.436088E-02   0.341078E-01   0.801597E-01  -0.697656E-19   0.770440E-03  -0.770440E-03   0.338699E-19
   0.450000E+00  -0.516121E-19  -0.779994E-03   0.779994E-03  -0.338809E-19  -0.596924E-01  -0.312008E-01  -0.435661E-02  -0.807002E-01   0.596924E-01   0.435661E-02   0.312008E-01   0.807002E-01   0.516121E-19   0.779994E-03  -0.779994E-03   0.338809E-19
   0.455000E+00  -0.342144E-19  -0.781120E-03   0.781120E-03   0.800825E-21  -0.600618E-01  -0.284295E-01  -0.434854E-02  -0.812186E-01   0.600618E-01   0.434854E-02   0.284295E-01   0.812186E-01   0.342144E-19   0.781120E-03  -0.781120E-03  -0.800825E-21
   0.460000E+00   0.352230E-19  -0.776487E-03   0.776487E-03   0.788141E-21  -0.604155E-01  -0.257693E-01  -0.433817E-02  -0.817055E-01   0.604155E-01   0.433817E-02   0.257693E-01   0.817055E-01  -0.352230E-19   0.776487E-03  -0.776487E-03  -0.788141E-21
   0.465000E+00  -0.146873E-18  -0.774752E-03   0.774752E-03  -0.675290E-19  -0.607332E-01  -0.232176E-01  -0.432714E-02  -0.821623E-01   0.607332E-01   0.432714E-02   0.232176E-01   0.821623E-01   0.146873E-18   0.774752E-03  -0.774752E-03   0.675290E-19
   0.470000E+00  -0.340729E-19  -0.778513E-03   0.778513E-03   0.759895E-21  -0.610474E-01  -0.207821E-01  -0.431107E-02  -0.825774E-01   0.610474E-01   0.431107E-02   0.207821E-01   0.825774E-01   0.340729E-19   0.778513E-03  -0.778513E-03  -0.759895E-21
   0.475000E+00  -0.107758E-18  -0.777333E-03   0.777333E-03   0.744086E-21  -0.613163E-01  -0.184782E-01  -0.429534E-02  -0.829832E-01   0.613163E-01   0.429534E-02   0.184782E-01   0.829832E-01   0.107758E-18   0.777333E-03  -0.777333E-03  -0.744086E-21
   0.480000E+00  -0.346246E-18  -0.781748E-03   0.781748E-03   0.354228E-19  -0.615814E-01  -0.162939E-01  -0.427775E-02  -0.833590E-01   0.615814E-01   0.427775E-02   0.162939E-01   0.833590E-01   0.346246E-18   0.781748E-03  -0.781748E-03  -0.354228E-19
   0.485000E+00  -0.346228E-18  -0.774264E-03   0.774264E-03  -0.328958E-19  -0.618240E-01  -0.142059E-01  -0.425691E-02  -0.837039E-01   0.618240E-01   0.425691E-02   0.142059E-01   0.837039E-01   0.346228E-18   0.774264E-03  -0.774264E-03   0.328958E-19
   0.490000E+00  -0.415616E-18  -0.777338E-03   0.777338E-03  -0.241077E-18  -0.620434E-01  -0.122423E-01  -0.423443E-02  -0.840293E-01   0.620434E-01   0.423443E-02   0.122423E-01   0.840293E-01   0.415616E-18   0.777338E-03  -0.777338E-03   0.241077E-18
   0.495000E+00   0.483989E-19  -0.778373E-03   0.778373E-03  -0.102326E-18  -0.622408E-01  -0.104082E-01  -0.421105E-02  -0.843342E-01   0.622408E-01   0.421105E-02   0.104082E-01   0.843342E-01  -0.483989E-19   0.778373E-03  -0.778373E-03   0.102326E-18
   0.500000E+00  -0.138113E-18  -0.779747E-03   0.779747E-03  -0.242220E-18  -0.624264E-01  -0.866278E-02  -0.418521E-02  -0.846188E-01   0.624264E-01   0.418521E-02   0.866278E-02   0.846188E-01   0.138113E-18   0.779747E-03  -0.779747E-03   0.242220E-18
   0.505000E+00  -0.514200E-19  -0.782803E-03   0.782803E-03  -0.138181E-18  -0.626002E-01  -0.704227E-02  -0.415880E-02  -0.848831E-01   0.626002E-01   0.415880E-02   0.704227E-02   0.848831E-01   0.514200E-19   0.782803E-03  -0.782803E-03   0.138181E-18
   0.510000E+00   0.104652E-18  -0.780847E-03   0.780847E-03  -0.172926E-18  -0.627534E-01  -0.552311E-02  -0.413119E-02  -0.851261E-01   0.627534E-01   0.413119E-02   0.552311E-02   0.851261E-01  -0.104652E-18   0.780847E-03  -0.780847E-03   0.172926E-18
   0.515000E+00   0.482175E-19  -0.784134E-03   0.784134E-03  -0.277069E-18  -0.629060E-01  -0.410380E-02  -0.410217E-02  -0.853578E-01   0.629060E-01   0.410217E-02   0.410380E-02   0.853578E-01  -0.482175E-19   0.784134E-03  -0.784134E-03   0.277069E-18
   0.520000E+00   0.452480E-21  -0.782888E-03   0.782888E-03  -0.173059E-18  -0.630391E-01  -0.279094E-02  -0.407123E-02  -0.855770E-01   0.630391E-01   0.407123E-02   0.279094E-02   0.855770E-01  -0.452480E-21   0.782888E-03  -0.782888E-03   0.173059E-18
   0.525000E+00   0.385210E-21  -0.779296E-03   0.779296E-03  -0.190488E-18  -0.631715E-01  -0.156221E-02  -0.404100E-02  -0.857746E-01   0.631715E-01   0.404100E-02   0.156221E-02   0.857746E-01  -0.385210E-21   0.779296E-03  -0.779296E-03   0.190488E-18
   0.530000E+00  -0.387204E-19  -0.775507E-03   0.775507E-03  -0.172146E-18  -0.632852E-01  -0.434401E-03  -0.400908E-02  -0.859686E-01   0.632852E-01   0.400908E-02   0.434401E-03   0.859686E-01   0.387204E-19   0.775507E-03  -0.775507E-03   0.172146E-18
   0.535000E+00   0.782881E-19  -0.782629E-03   0.782629E-03  -0.242714E-18  -0.633902E-01   0.595613E-03  -0.397690E-02  -0.861486E-01   0.633902E-01   0.397690E-02  -0.595613E-03   0.861486E-01  -0.782881E-19   0.782629E-03  -0.782629E-03   0.242714E-18
   0.540000E+00  -0.562433E-19  -0.783737E-03   0.783737E-03  -0.121387E-18  -0.635062E-01   0.154886E-02  -0.394399E-02  -0.863144E-01   0.635062E-01   0.394399E-02  -0.154886E-02   0.863144E-01   0.562433E-19   0.783737E-03  -0.783737E-03   0.121387E-18
   0.545000E+00   0.303926E-19  -0.778872E-03   0.778872E-03   0.102174E-20  -0.636040E-01   0.241931E-02  -0.391088E-02  -0.864748E-01   0.636040E-01   0.391088E-02  -0.241931E-02   0.864748E-01  -0.303926E-19   0.778872E-03  -0.778872E-03  -0.102174E-20
   0.550000E+00  -0.347656E-19  -0.781040E-03   0.781040E-03  -0.276636E-18  -0.637036E-01   0.319883E-02  -0.387801E-02  -0.866395E-01   0.637036E-01   0.387801E-02  -0.319883E-02   0.866395E-01   0.347656E-19   0.781040E-03  -0.781040E-03   0.276636E-18
   0.555000E+00  -0.138964E-18  -0.774209E-03   0.774209E-03  -0.172666E-18  -0.637965E-01   0.392122E-02  -0.384372E-02  -0.867860E-01   0.637965E-01   0.384372E-02  -0.392122E-02   0.867860E-01   0.138964E-18   0.774209E-03  -0.774209E-03   0.172666E-18
   0.560000E+00  -0.104396E-18  -0.777319E-03   0.777319E-03   0.169468E-19  -0.639007E-01   0.457819E-02  -0.381243E-02  -0.869261E-01   0.639007E-01   0.381243E-02  -0.457819E-02   0.869261E-01   0.104396E-18   0.777319E-03  -0.777319E-03  -0.169468E-19
   0.565000E+00   0.646029E-19  -0.783279E-03   0.783279E-03  -0.207601E-18  -0.639987E-01   0.515139E-02  -0.377840E-02  -0.870664E-01   0.639987E-01   0.377840E-02  -0.515139E-02   0.870664E-01  -0.646029E-19   0.783279E-03  -0.783279E-03   0.207601E-18
   0.570000E+00   0.133853E-18  -0.774969E-03   0.774969E-03  -0.227244E-18  -0.641004E-01   0.568643E-02  -0.374605E-02  -0.872064E-01   0.641004E-01   0.374605E-02  -0.568643E-02   0.872064E-01  -0.133853E-18   0.774969E-03  -0.774969E-03   0.227244E-18
   0.575000E+00   0.990195E-19  -0.773239E-03   0.773239E-03  -0.875200E-19  -0.641953E-01   0.614284E-02  -0.371361E-02  -0.873558E-01   0.641953E-01   0.371361E-02  -0.614284E-02   0.873558E-01  -0.990195E-19   0.773239E-03  -0.773239E-03   0.875200E-19
   0.580000E+00   0.150920E-18  -0.772886E-03   0.772886E-03  -0.865785E-19  -0.642941E-01   0.655403E-02  -0.368120E-02  -0.874930E-01   0.642941E-01   0.368120E-02  -0.655403E-02   0.874930E-01  -0.150920E-18   0.772886E-03  -0.772886E-03   0.865785E-19
   0.585000E+00  -0.530504E-19  -0.775704E-03   0.775704E-03  -0.104072E-18  -0.644164E-01   0.693443E-02  -0.365206E-02  -0.876276E-01   0.644164E-01   0.365206E-02  -0.693443E-02   0.876276E-01   0.530504E-19   0.775704E-03  -0.775704E-03   0.104072E-18
   0.590000E+00   0.877445E-19  -0.773487E-03   0.773487E-03  -0.190960E-18  -0.645240E-01   0.724344E-02  -0.362039E-02  -0.877771E-01   0.645240E-01   0.362039E-02  -0.724344E-02   0.877771E-01  -0.877445E-19   0.773487E-03  -0.773487E-03   0.190960E-18
   0.595000E+00  -0.273420E-19  -0.777966E-03   0.777966E-03  -0.139078E-18  -0.646563E-01   0.754734E-02  -0.359132E-02  -0.879210E-01   0.646563E-01   0.359132E-02  -0.754734E-02   0.879210E-01   0.273420E-19   0.777966E-03  -0.777966E-03   0.139078E-18
   0.600000E+00  -0.557005E-19  -0.773825E-03   0.773825E-03   0.144816E-18  -0.647740E-01   0.778538E-02  -0.356071E-02  -0.880778E-01   0.647740E-01   0.356071E-02  -0.778538E-02   0.880778E-01   0.557005E-19   0.773825E-03  -0.773825E-03  -0.144816E-18
   0.605000E+00   0.134933E-18  -0.773775E-03   0.773775E-03   0.190186E-18  -0.649157E-01   0.802279E-02  -0.353476E-02  -0.882279E-01   0.649157E-01   0.353476E-02  -0.802279E-02   0.882279E-01  -0.134933E-18   0.773775E-03  -0.773775E-03  -0.190186E-18
   0.610000E+00  -0.387356E-19  -0.779514E-03   0.779514E-03   0.109789E-18  -0.650540E-01   0.822180E-02  -0.350848E-02  -0.883879E-01   0.650540E-01   0.350848E-02  -0.822180E-02   0.883879E-01   0.387356E-19   0.779514E-03  -0.779514E-03  -0.109789E-18
   0.615000E+00   0.911528E-19  -0.775693E-03   0.775693E-03  -0.966744E-21  -0.652084E-01   0.839456E-02  -0.348272E-02  -0.885572E-01   0.652084E-01   0.348272E-02  -0.839456E-02   0.885572E-01  -0.911528E-19   0.775693E-03  -0.775693E-03   0.966744E-21
   0.620000E+00   0.147306E-18  -0.774924E-03   0.774924E-03   0.111614E-18  -0.653675E-01   0.856216E-02  -0.345934E-02  -0.887262E-01   0.653675E-01   0.345934E-02  -0.856216E-02   0.887262E-01  -0.147306E-18   0.774924E-03  -0.774924E-03  -0.111614E-18
   0.625000E+00   0.125388E-18  -0.777822E-03   0.777822E-03   0.152629E-18  -0.655349E-01   0.871070E-02  -0.343548E-02  -0.888904E-01   0.655349E-01   0.343548E-02  -0.871070E-02   0.888904E-01  -0.125388E-18   0.777822E-03  -0.777822E-03  -0.152629E-18
   0.630000E+00  -0.591707E-19  -0.772018E-03   0.772018E-03   0.256529E-18  -0.657182E-01   0.885131E-02  -0.341470E-02  -0.890712E-01   0.657182E-01   0.341470E-02  -0.885131E-02   0.890712E-01   0.591707E-19   0.772018E-03  -0.772018E-03  -0.256529E-18
   0.635000E+00  -0.143997E-18  -0.777099E-03   0.777099E-03   0.221655E-18  -0.658979E-01   0.897603E-02  -0.339601E-02  -0.892671E-01   0.658979E-01   0.339601E-02  -0.897603E-02   0.892671E-01   0.143997E-18   0.777099E-03  -0.777099E-03  -0.221655E-18
   0.640000E+00   0.400272E-19  -0.769630E-03   0.769630E-03   0.223649E-18  -0.660966E-01   0.910993E-02  -0.337720E-02  -0.894545E-01   0.660966E-01   0.337720E-02  -0.910993E-02   0.894545E-01  -0.400272E-19   0.769630E-03  -0.769630E-03  -0.223649E-18
   0.645000E+00  -0.123221E-19  -0.770156E-03   0.770156E-03   0.160589E-18  -0.662919E-01   0.924397E-02  -0.336189E-02  -0.896549E-01   0.662919E-01   0.336189E-02  -0.924397E-02   0.896549E-01   0.123221E-19   0.770156E-03  -0.770156E-03  -0.160589E-18
   0.650000E+00  -0.224052E-19  -0.774223E-03   0.774223E-03  -0.629306E-19  -0.665154E-01   0.939118E-02  -0.334796E-02  -0.898458E-01   0.665154E-01   0.334796E-02  -0.939118E-02   0.898458E-01   0.224052E-19   0.774223E-03  -0.774223E-03   0.629306E-19
   0.655000E+00  -0.628622E-19  -0.775399E-03   0.775399E-03   0.843347E-19  -0.667275E-01   0.950460E-02  -0.333498E-02  -0.900655E-01   0.667275E-01   0.333498E-02  -0.950460E-02   0.900655E-01   0.628622E-19   0.775399E-03  -0.775399E-03  -0.843347E-19
   0.660000E+00   0.679614E-19  -0.776210E-03   0.776210E-03   0.264127E-18  -0.669590E-01   0.965723E-02  -0.332282E-02  -0.902725E-01   0.669590E-01   0.332282E-02  -0.965723E-02   0.902725E-01  -0.679614E-19   0.776210E-03  -0.776210E-03  -0.264127E-18
   0.665000E+00   0.421018E-18  -0.772178E-03   0.772178E-03   0.492807E-19  -0.671894E-01   0.982407E-02  -0.331502E-02  -0.904964E-01   0.671894E-01   0.331502E-02  -0.982407E-02   0.904964E-01  -0.421018E-18   0.772178E-03  -0.772178E-03  -0.492807E-19
   0.670000E+00   0.105658E-18  -0.775840E-03   0.775840E-03   0.170541E-18  -0.674304E-01   0.998516E-02  -0.330621E-02  -0.907245E-01   0.674304E-01   0.330621E-02  -0.998516E-02   0.907245E-01  -0.105658E-18   0.775840E-03  -0.775840E-03  -0.170541E-18
   0.675000E+00  -0.790742E-19  -0.772693E-03   0.772693E-03  -0.226109E-19  -0.676704E-01   0.101555E-01  -0.330211E-02  -0.909473E-01   0.676704E-01   0.330211E-02  -0.101555E-01   0.909473E-01   0.790742E-19   0.772693E-03  -0.772693E-03   0.226109E-19
   0.680000E+00   0.836648E-19  -0.775245E-03   0.775245E-03   0.986560E-19  -0.679222E-01   0.103470E-01  -0.329734E-02  -0.911814E-01   0.679222E-01   0.329734E-02  -0.103470E-01   0.911814E-01  -0.836648E-19   0.775245E-03  -0.775245E-03  -0.986560E-19
   0.685000E+00   0.951448E-19  -0.770991E-03   0.770991E-03  -0.229288E-19  -0.681744E-01   0.105647E-01  -0.329748E-02  -0.914071E-01   0.681744E-01   0.329748E-02  -0.105647E-01   0.914071E-01  -0.951448E-19   0.770991E-03  -0.770991E-03   0.229288E-19
   0.690000E+00  -0.310804E-19  -0.770433E-03   0.770433E-03   0.167744E-18  -0.684386E-01   0.107996E-01  -0.329814E-02  -0.916421E-01   0.684386E-01   0.329814E-02  -0.107996E-01   0.916421E-01   0.310804E-19   0.770433E-03  -0.770433E-03  -0.167744E-18
   0.695000E+00   0.465065E-19  -0.768063E-03   0.768063E-03   0.254340E-18  -0.686954E-01   0.110558E-01  -0.329977E-02  -0.918648E-01   0.686954E-01   0.329977E-02  -0.110558E-01   0.918648E-01  -0.465065E-19   0.768063E-03  -0.768063E-03  -0.254340E-18
   0.700000E+00   0.145757E-18  -0.772385E-03   0.772385E-03   0.323597E-18  -0.689544E-01   0.113072E-01  -0.330516E-02  -0.921047E-01   0.689544E-01   0.330516E-02  -0.113072E-01   0.921047E-01  -0.145757E-18   0.772385E-03  -0.772385E-03  -0.323597E-18
   0.705000E+00   0.190802E-18  -0.765899E-03   0.765899E-03   0.167360E-18  -0.692175E-01   0.116079E-01  -0.331275E-02  -0.923294E-01   0.692175E-01   0.331275E-02  -0.116079E-01   0.923294E-01  -0.190802E-18   0.765899E-03  -0.765899E-03  -0.167360E-18
   0.710000E+00   0.402803E-18  -0.772058E-03   0.772058E-03   0.132556E-18  -0.694741E-01   0.119179E-01  -0.332119E-02  -0.925483E-01   0.694741E-01   0.332119E-02  -0.119179E-01   0.925483E-01  -0.402803E-18   0.772058E-03  -0.772058E-03  -0.132556E-18
   0.715000E+00   0.618617E-19  -0.766345E-03   0.766345E-03   0.405382E-18  -0.697161E-01   0.122342E-01  -0.333192E-02  -0.927791E-01   0.697161E-01   0.333192E-02  -0.122342E-01   0.927791E-01  -0.618617E-19   0.766345E-03  -0.766345E-03  -0.405382E-18
   0.720000E+00   0.179694E-19  -0.765297E-03   0.765297E-03   0.240733E-18  -0.699720E-01   0.125788E-01  -0.334759E-02  -0.929922E-01   0.699720E-01   0.334759E-02  -0.125788E-01   0.929922E-01  -0.179694E-19   0.765297E-03  -0.765297E-03  -0.240733E-18
   0.725000E+00   0.217460E-19  -0.763378E-03   0.763378E-03   0.257959E-18  -0.702056E-01   0.129458E-01  -0.336272E-02  -0.932031E-01   0.702056E-01   0.336272E-02  -0.129458E-01   0.932031E-01  -0.217460E-19   0.763378E-03  -0.763378E-03  -0.257959E-18
   0.730000E+00   0.261853E-18  -0.762045E-03   0.762045E-03   0.236151E-18  -0.704455E-01   0.133163E-01  -0.337892E-02  -0.934026E-01   0.704455E-01   0.337892E-02  -0.133163E-01   0.934026E-01  -0.261853E-18   0.762045E-03  -0.762045E-03  -0.236151E-18
   0.735000E+00   0.103805E-20  -0.770808E-03   0.770808E-03   0.209990E-18  -0.706725E-01   0.137272E-01  -0.339974E-02  -0.935891E-01   0.706725E-01   0.339974E-02  -0.137272E-01   0.935891E-01  -0.103805E-20   0.770808E-03  -0.770808E-03  -0.209990E-18
   0.740000E+00   0.282296E-18  -0.763165E-03   0.763165E-03   0.335590E-18  -0.708883E-01   0.141307E-01  -0.342155E-02  -0.937701E-01   0.708883E-01   0.342155E-02  -0.141307E-01   0.937701E-01  -0.282296E-18   0.763165E-03  -0.763165E-03  -0.335590E-18
   0.745000E+00   0.626870E-20  -0.764616E-03   0.764616E-03   0.322400E-18  -0.710926E-01   0.145708E-01  -0.344711E-02  -0.939353E-01   0.710926E-01   0.344711E-02  -0.145708E-01   0.939353E-01  -0.626870E-20   0.764616E-03  -0.764616E-03  -0.322400E-18
   0.750000E+00   0.187758E-18  -0.770643E-03   0.770643E-03   0.343893E-18  -0.712770E-01   0.150006E-01  -0.347401E-02  -0.940923E-01   0.712770E-01   0.347401E-02  -0.150006E-01   0.940923E-01  -0.187758E-18   0.770643E-03  -0.770643E-03  -0.343893E-18
   0.755000E+00  -0.492738E-19  -0.766716E-03   0.766716E-03   0.252633E-18  -0.714424E-01   0.154541E-01  -0.350267E-02  -0.942296E-01   0.714424E-01   0.350267E-02  -0.154541E-01   0.942296E-01   0.492738E-19   0.766716E-03  -0.766716E-03  -0.252633E-18
   0.760000E+00   0.866419E-19  -0.766342E-03   0.766342E-03   0.356531E-18  -0.715995E-01   0.159155E-01  -0.353372E-02  -0.943459E-01   0.715995E-01   0.353372E-02  -0.159155E-01   0.943459E-01  -0.866419E-19   0.766342E-03  -0.766342E-03  -0.356531E-18
   0.765000E+00   0.320118E-18  -0.758026E-03   0.758026E-03   0.360958E-18  -0.717400E-01   0.163876E-01  -0.356472E-02  -0.944486E-01   0.717400E-01   0.356472E-02  -0.163876E-01   0.944486E-01  -0.320118E-18   0.758026E-03  -0.758026E-03  -0.360958E-18
   0.770000E+00  -0.362312E-19  -0.767258E-03   0.767258E-03   0.286775E-18  -0.718525E-01   0.168556E-01  -0.360140E-02  -0.945385E-01   0.718525E-01   0.360140E-02  -0.168556E-01   0.945385E-01   0.362312E-19   0.767258E-03  -0.767258E-03  -0.286775E-18
   0.775000E+00   0.485598E-18  -0.759517E-03   0.759517E-03   0.512105E-18  -0.719510E-01   0.173326E-01  -0.363721E-02  -0.945910E-01   0.719510E-01   0.363721E-02  -0.173326E-01   0.945910E-01  -0.485598E-18   0.759517E-03  -0.759517E-03  -0.512105E-18
   0.780000E+00   0.456627E-18  -0.758269E-03   0.758269E-03   0.373144E-18  -0.720240E-01   0.178226E-01  -0.367676E-02  -0.946269E-01   0.720240E-01   0.367676E-02  -0.178226E-01   0.946269E-01  -0.456627E-18   0.758269E-03  -0.758269E-03  -0.373144E-18
   0.785000E+00   0.553416E-18  -0.763003E-03   0.763003E-03   0.303288E-18  -0.720642E-01   0.182984E-01  -0.371570E-02  -0.946426E-01   0.720642E-01   0.371570E-02  -0.182984E-01   0.946426E-01  -0.553416E-18   0.763003E-03  -0.763003E-03  -0.303288E-18
   0.790000E+00   0.166629E-18  -0.756224E-03   0.756224E-03   0.580924E-18  -0.720914E-01   0.187763E-01  -0.375855E-02  -0.946278E-01   0.720914E-01   0.375855E-02  -0.187763E-01   0.946278E-01  -0.166629E-18   0.756224E-03  -0.756224E-03  -0.580924E-18
   0.795000E+00   0.395639E-18  -0.758402E-03   0.758402E-03   0.632775E-18  -0.720873E-01   0.192581E-01  -0.380204E-02  -0.945800E-01   0.720873E-01   0.380204E-02  -0.192581E-01   0.945800E-01  -0.395639E-18   0.758402E-03  -0.758402E-03  -0.632775E-18
   0.800000E+00   0.533543E-18  -0.761033E-03   0.761033E-03   0.545852E-18  -0.720426E-01   0.197088E-01  -0.384785E-02  -0.945179E-01   0.720426E-01   0.384785E-02  -0.197088E-01   0.945179E-01  -0.533543E-18   0.761033E-03  -0.761033E-03  -0.545852E-18
   0.805000E+00   0.324480E-18  -0.764628E-03   0.764628E-03   0.545668E-18  -0.719790E-01   0.201725E-01  -0.389454E-02  -0.944190E-01   0.719790E-01   0.389454E-02  -0.201725E-01   0.944190E-01  -0.324480E-18   0.764628E-03  -0.764628E-03  -0.545668E-18
   0.810000E+00   0.427641E-18  -0.759652E-03   0.759652E-03   0.701613E-18  -0.718761E-01   0.206139E-01  -0.394592E-02  -0.942829E-01   0.718761E-01   0.394592E-02  -0.206139E-01   0.942829E-01  -0.427641E-18   0.759652E-03  -0.759652E-03  -0.701613E-18
   0.815000E+00   0.374644E-18  -0.756586E-03   0.756586E-03   0.632043E-18  -0.717367E-01   0.210341E-01  -0.399544E-02  -0.941260E-01   0.717367E-01   0.399544E-02  -0.210341E-01   0.941260E-01  -0.374644E-18   0.756586E-03  -0.756586E-03  -0.632043E-18
   0.820000E+00   0.508090E-18  -0.754939E-03   0.754939E-03   0.631874E-18  -0.715715E-01   0.214400E-01  -0.404691E-02  -0.939270E-01   0.715715E-01   0.404691E-02  -0.214400E-01   0.939270E-01  -0.508090E-18   0.754939E-03  -0.754939E-03  -0.631874E-18
   0.825000E+00   0.355282E-18  -0.753204E-03   0.753204E-03   0.683761E-18  -0.713720E-01   0.218355E-01  -0.409897E-02  -0.936834E-01   0.713720E-01   0.409897E-02  -0.218355E-01   0.936834E-01  -0.355282E-18   0.753204E-03  -0.753204E-03  -0.683761E-18
   0.830000E+00   0.337150E-18  -0.753814E-03   0.753814E-03   0.683625E-18  -0.711280E-01   0.222134E-01  -0.415341E-02  -0.934146E-01   0.711280E-01   0.415341E-02  -0.222134E-01   0.934146E-01  -0.337150E-18   0.753814E-03  -0.753814E-03  -0.683625E-18
   0.835000E+00   0.205678E-18  -0.752194E-03   0.752194E-03   0.757230E-18  -0.708511E-01   0.225364E-01  -0.420786E-02  -0.931183E-01   0.708511E-01   0.420786E-02  -0.225364E-01   0.931183E-01  -0.205678E-18   0.752194E-03  -0.752194E-03  -0.757230E-18
   0.840000E+00  -0.860152E-19  -0.751824E-03   0.751824E-03   0.579315E-18  -0.705338E-01   0.228633E-01  -0.426421E-02  -0.927708E-01   0.705338E-01   0.426421E-02  -0.228633E-01   0.927708E-01   0.860152E-19   0.751824E-03  -0.751824E-03  -0.579315E-18
   0.845000E+00  -0.911283E-20  -0.752225E-03   0.752225E-03   0.613907E-18  -0.701759E-01   0.231529E-01  -0.432007E-02  -0.923818E-01   0.701759E-01   0.432007E-02  -0.231529E-01   0.923818E-01   0.911283E-20   0.752225E-03  -0.752225E-03  -0.613907E-18
   0.850000E+00   0.194061E-18  -0.750798E-03   0.750798E-03   0.687529E-18  -0.697788E-01   0.233919E-01  -0.437729E-02  -0.919686E-01   0.697788E-01   0.437729E-02  -0.233919E-01   0.919686E-01  -0.194061E-18   0.750798E-03  -0.750798E-03  -0.687529E-18
   0.855000E+00   0.383374E-18  -0.752957E-03   0.752957E-03   0.786920E-18  -0.693440E-01   0.236229E-01  -0.443372E-02  -0.914987E-01   0.693440E-01   0.443372E-02  -0.236229E-01   0.914987E-01  -0.383374E-18   0.752957E-03  -0.752957E-03  -0.786920E-18
   0.860000E+00   0.290761E-18  -0.755166E-03   0.755166E-03   0.717726E-18  -0.688622E-01   0.238025E-01  -0.449309E-02  -0.910005E-01   0.688622E-01   0.449309E-02  -0.238025E-01   0.910005E-01  -0.290761E-18   0.755166E-03  -0.755166E-03  -0.717726E-18
   0.865000E+00   0.259649E-18  -0.753860E-03   0.753860E-03   0.613477E-18  -0.683458E-01   0.239624E-01  -0.455036E-02  -0.904504E-01   0.683458E-01   0.455036E-02  -0.239624E-01   0.904504E-01  -0.259649E-18   0.753860E-03  -0.753860E-03  -0.613477E-18
   0.870000E+00   0.444474E-18  -0.746493E-03   0.746493E-03   0.786982E-18  -0.677845E-01   0.240760E-01  -0.460835E-02  -0.898679E-01   0.677845E-01   0.460835E-02  -0.240760E-01   0.898679E-01  -0.444474E-18   0.746493E-03  -0.746493E-03  -0.786982E-18
   0.875000E+00   0.205755E-18  -0.751444E-03   0.751444E-03   0.682572E-18  -0.671806E-01   0.241299E-01  -0.466691E-02  -0.892492E-01   0.671806E-01   0.466691E-02  -0.241299E-01   0.892492E-01  -0.205755E-18   0.751444E-03  -0.751444E-03  -0.682572E-18
   0.880000E+00   0.204115E-18  -0.752091E-03   0.752091E-03   0.786884E-18  -0.665445E-01   0.241754E-01  -0.472495E-02  -0.885728E-01   0.665445E-01   0.472495E-02  -0.241754E-01   0.885728E-01  -0.204115E-18   0.752091E-03  -0.752091E-03  -0.786884E-18
   0.885000E+00   0.271022E-18  -0.750874E-03   0.750874E-03   0.102862E-17  -0.658589E-01   0.241671E-01  -0.478049E-02  -0.878551E-01   0.658589E-01   0.478049E-02  -0.241671E-01   0.878551E-01  -0.271022E-18   0.750874E-03  -0.750874E-03  -0.102862E-17
   0.890000E+00   0.460410E-18  -0.747183E-03   0.747183E-03   0.923136E-18  -0.651220E-01   0.240982E-01  -0.483855E-02  -0.871062E-01   0.651220E-01   0.483855E-02  -0.240982E-01   0.871062E-01  -0.460410E-18   0.747183E-03  -0.747183E-03  -0.923136E-18
   0.895000E+00   0.124752E-18  -0.744378E-03   0.744378E-03   0.116765E-17  -0.643503E-01   0.239970E-01  -0.489299E-02  -0.863085E-01   0.643503E-01   0.489299E-02  -0.239970E-01   0.863085E-01  -0.124752E-18   0.744378E-03  -0.744378E-03  -0.116765E-17
   0.900000E+00   0.301213E-18  -0.745807E-03   0.745807E-03   0.956996E-18  -0.635460E-01   0.238528E-01  -0.494704E-02  -0.854782E-01   0.635460E-01   0.494704E-02  -0.238528E-01   0.854782E-01  -0.301213E-18   0.745807E-03  -0.745807E-03  -0.956996E-18
   0.905000E+00   0.125820E-18  -0.741819E-03   0.741819E-03   0.101068E-17  -0.626955E-01   0.236607E-01  -0.500172E-02  -0.845978E-01   0.626955E-01   0.500172E-02  -0.236607E-01   0.845978E-01  -0.125820E-18   0.741819E-03  -0.741819E-03  -0.101068E-17
   0.910000E+00   0.295988E-18  -0.745789E-03   0.745789E-03   0.120209E-17  -0.618032E-01   0.234300E-01  -0.505596E-02  -0.836811E-01   0.618032E-01   0.505596E-02  -0.234300E-01   0.836811E-01  -0.295988E-18   0.745789E-03  -0.745789E-03  -0.120209E-17
   0.915000E+00   0.828694E-19  -0.739064E-03   0.739064E-03   0.842754E-18  -0.608774E-01   0.231467E-01  -0.510823E-02  -0.827185E-01   0.608774E-01   0.510823E-02  -0.231467E-01   0.827185E-01  -0.828694E-19   0.739064E-03  -0.739064E-03  -0.842754E-18
   0.920000E+00  -0.290390E-19  -0.743893E-03   0.743893E-03   0.907555E-18  -0.599133E-01   0.228117E-01  -0.515744E-02  -0.817233E-01   0.599133E-01   0.515744E-02  -0.228117E-01   0.817233E-01   0.290390E-19   0.743893E-03  -0.743893E-03  -0.907555E-18
   0.925000E+00   0.284196E-19  -0.741579E-03   0.741579E-03   0.820718E-18  -0.589092E-01   0.224451E-01  -0.520590E-02  -0.806955E-01   0.589092E-01   0.520590E-02  -0.224451E-01   0.806955E-01  -0.284196E-19   0.741579E-03  -0.741579E-03  -0.820718E-18
   0.930000E+00  -0.131534E-18  -0.745482E-03   0.745482E-03   0.907032E-18  -0.578682E-01   0.220239E-01  -0.525302E-02  -0.796203E-01   0.578682E-01   0.525302E-02  -0.220239E-01   0.796203E-01   0.131534E-18   0.745482E-03  -0.745482E-03  -0.907032E-18
   0.935000E+00   0.234240E-18  -0.735838E-03   0.735838E-03   0.767846E-18  -0.567985E-01   0.215539E-01  -0.529699E-02  -0.785078E-01   0.567985E-01   0.529699E-02  -0.215539E-01   0.785078E-01  -0.234240E-18   0.735838E-03  -0.735838E-03  -0.767846E-18
   0.940000E+00   0.525832E-19  -0.737942E-03   0.737942E-03   0.889958E-18  -0.556934E-01   0.210509E-01  -0.534007E-02  -0.773692E-01   0.556934E-01   0.534007E-02  -0.210509E-01   0.773692E-01  -0.525832E-19   0.737942E-03  -0.737942E-03  -0.889958E-18
   0.945000E+00   0.860196E-19  -0.739062E-03   0.739062E-03   0.769215E-18  -0.545571E-01   0.204959E-01  -0.537983E-02  -0.761933E-01   0.545571E-01   0.537983E-02  -0.204959E-01   0.761933E-01  -0.860196E-19   0.739062E-03  -0.739062E-03  -0.769215E-18
   0.950000E+00   0.110207E-18  -0.738465E-03   0.738465E-03   0.682622E-18  -0.533905E-01   0.199025E-01  -0.541856E-02  -0.749854E-01   0.533905E-01   0.541856E-02  -0.199025E-01   0.749854E-01  -0.110207E-18   0.738465E-03  -0.738465E-03  -0.682622E-18
   0.955000E+00   0.289669E-18  -0.737367E-03   0.737367E-03   0.735216E-18  -0.521969E-01   0.192654E-01  -0.545396E-02  -0.737453E-01   0.521969E-01   0.545396E-02  -0.192654E-01   0.737453E-01  -0.289669E-18   0.737367E-03  -0.737367E-03  -0.735216E-18
   0.960000E+00   0.374520E-19  -0.735960E-03   0.735960E-03   0.565405E-18  -0.509753E-01   0.185952E-01  -0.548734E-02  -0.724782E-01   0.509753E-01   0.548734E-02  -0.185952E-01   0.724782E-01  -0.374520E-19   0.735960E-03  -0.735960E-03  -0.565405E-18
   0.965000E+00   0.258446E-18  -0.736521E-03   0.736521E-03   0.701601E-18  -0.497289E-01   0.178856E-01  -0.551944E-02  -0.711851E-01   0.497289E-01   0.551944E-02  -0.178856E-01   0.711851E-01  -0.258446E-18   0.736521E-03  -0.736521E-03  -0.701601E-18
   0.970000E+00   0.326128E-18  -0.735208E-03   0.735208E-03   0.734929E-18  -0.484608E-01   0.171402E-01  -0.554673E-02  -0.698648E-01   0.484608E-01   0.554673E-02  -0.171402E-01   0.698648E-01  -0.326128E-18   0.735208E-03  -0.735208E-03  -0.734929E-18
   0.975000E+00   0.342549E-18  -0.734202E-03   0.734202E-03   0.596805E-18  -0.471718E-01   0.163535E-01  -0.557283E-02  -0.685214E-01   0.471718E-01   0.557283E-02  -0.163535E-01   0.685214E-01  -0.342549E-18   0.734202E-03  -0.734202E-03  -0.596805E-18
   0.980000E+00   0.995404E-19  -0.733660E-03   0.733660E-03   0.528047E-18  -0.458650E-01   0.155458E-01  -0.559566E-02  -0.671568E-01   0.458650E-01   0.559566E-02  -0.155458E-01   0.671568E-01  -0.995404E-19   0.733660E-03  -0.733660E-03  -0.528047E-18
   0.985000E+00   0.148422E-18  -0.733766E-03   0.733766E-03   0.738442E-18  -0.445415E-01   0.147007E-01  -0.561585E-02  -0.657729E-01   0.445415E-01   0.561585E-02  -0.147007E-01   0.657729E-01  -0.148422E-18   0.733766E-03  -0.733766E-03  -0.738442E-18
   0.990000E+00   0.198214E-18  -0.734705E-03   0.734705E-03   0.780776E-18  -0.432053E-01   0.138257E-01  -0.563210E-02  -0.643718E-01   0.432053E-01   0.563210E-02  -0.138257E-01   0.643718E-01  -0.198214E-18   0.734705E-03  -0.734705E-03  -0.780776E-18
   0.995000E+00   0.400023E-18  -0.732554E-03   0.732554E-03   0.621564E-18  -0.418542E-01   0.129270E-01  -0.564744E-02  -0.629573E-01   0.418542E-01   0.564744E-02  -0.129270E-01   0.629573E-01  -0.400023E-18   0.732554E-03  -0.732554E-03  -0.621564E-18
   0.100000E+01   0.520873E-18  -0.732405E-03   0.732405E-03   0.717657E-18  -0.404963E-01   0.120078E-01  -0.565959E-02  -0.615282E-01   0.404963E-01   0.565959E-02  -0.120078E-01   0.615282E-01  -0.520873E-18   0.732405E-03  -0.732405E-03  -0.717657E-18
