   0.000000E+00   0.128000E-03   0.752000E-03   0.752000E-03  -0.164800E-02  -0.192130E-02   0.818790E+00  -0.852740E-02   0.525130E-02  -0.192130E-02  -0.852740E-02   0.818790E+00   0.525130E-02  -0.128000E-03  -0.752000E-03  -0.752000E-03   0.164800E-02
   0.500000E-02   0.122236E-03   0.770897E-03   0.770897E-03  -0.164877E-02  -0.190354E-02   0.818561E+00  -0.873490E-02   0.545006E-02  -0.190354E-02  -0.873490E-02   0.818561E+00   0.545006E-02  -0.122236E-03  -0.770897E-03  -0.770897E-03   0.164877E-02
   0.100000E-01   0.124939E-03   0.791221E-03   0.791221E-03  -0.164790E-02  -0.171991E-02   0.817724E+00  -0.893849E-02   0.578293E-02  -0.171991E-02  -0.893849E-02   0.817724E+00   0.578293E-02  -0.124939E-03  -0.791221E-03  -0.791221E-03   0.164790E-02
   0.150000E-01   0.128068E-03   0.811194E-03   0.811194E-03  -0.164747E-02  -0.139033E-02   0.816357E+00  -0.920823E-02   0.627995E-02  -0.139033E-02  -0.920823E-02   0.816357E+00   0.627995E-02  -0.128068E-03  -0.811194E-03  -0.811194E-03   0.164747E-02
   0.200000E-01   0.129548E-03   0.833159E-03   0.833159E-03  -0.165560E-02  -0.914699E-03   0.814411E+00  -0.948416E-02   0.693121E-02  -0.914699E-03  -0.948416E-02   0.814411E+00   0.693121E-02  -0.129548E-03  -0.833159E-03  -0.833159E-03   0.165560E-02
   0.250000E-01   0.127267E-03   0.859583E-03   0.859583E-03  -0.165043E-02  -0.282886E-03   0.811904E+00  -0.980620E-02   0.771689E-02  -0.282886E-03  -0.980620E-02   0.811904E+00   0.771689E-02  -0.127267E-03  -0.859583E-03  -0.859583E-03   0.165043E-02
   0.300000E-01   0.123069E-03   0.879057E-03   0.879057E-03  -0.164415E-02   0.505258E-03   0.808835E+00  -0.101542E-01   0.865720E-02   0.505258E-03  -0.101542E-01   0.808835E+00   0.865720E-02  -0.123069E-03  -0.879057E-03  -0.879057E-03   0.164415E-02
   0.350000E-01   0.126761E-03   0.892289E-03   0.892289E-03  -0.164698E-02   0.143991E-02   0.805219E+00  -0.105350E-01   0.974241E-02   0.143991E-02  -0.105350E-01   0.805219E+00   0.974241E-02  -0.126761E-03  -0.892289E-03  -0.892289E-03   0.164698E-02
   0.400000E-01   0.122124E-03   0.916103E-03   0.916103E-03  -0.164321E-02   0.252127E-02   0.801025E+00  -0.109403E-01   0.109629E-01   0.252127E-02  -0.109403E-01   0.801025E+00   0.109629E-01  -0.122124E-03  -0.916103E-03  -0.916103E-03   0.164321E-02
   0.450000E-01   0.122896E-03   0.937444E-03   0.937444E-03  -0.164712E-02   0.373957E-02   0.796340E+00  -0.113678E-01   0.123389E-01   0.373957E-02  -0.113678E-01   0.796340E+00   0.123389E-01  -0.122896E-03  -0.937444E-03  -0.937444E-03   0.164712E-02
   0.500000E-01   0.124781E-03   0.961365E-03   0.961365E-03  -0.164506E-02   0.511502E-02   0.791085E+00  -0.118320E-01   0.138411E-01   0.511502E-02  -0.118320E-01   0.791085E+00   0.138411E-01  -0.124781E-03  -0.961365E-03  -0.961365E-03   0.164506E-02
   0.550000E-01   0.127440E-03   0.979039E-03   0.979039E-03  -0.164738E-02   0.660792E-02   0.785336E+00  -0.123096E-01   0.154798E-01   0.660792E-02  -0.123096E-01   0.785336E+00   0.154798E-01  -0.127440E-03  -0.979039E-03  -0.979039E-03   0.164738E-02
   0.600000E-01   0.128518E-03   0.993729E-03   0.993729E-03  -0.164250E-02   0.824851E-02   0.779058E+00  -0.128198E-01   0.172457E-01   0.824851E-02  -0.128198E-01   0.779058E+00   0.172457E-01  -0.128518E-03  -0.993729E-03  -0.993729E-03   0.164250E-02
   0.650000E-01   0.127621E-03   0.101682E-02   0.101682E-02  -0.164085E-02   0.100171E-01   0.772266E+00  -0.133503E-01   0.191292E-01   0.100171E-01  -0.133503E-01   0.772266E+00   0.191292E-01  -0.127621E-03  -0.101682E-02  -0.101682E-02   0.164085E-02
   0.700000E-01   0.128325E-03   0.103582E-02   0.103582E-02  -0.164689E-02   0.119141E-01   0.765016E+00  -0.138993E-01   0.211511E-01   0.119141E-01  -0.138993E-01   0.765016E+00   0.211511E-01  -0.128325E-03  -0.103582E-02  -0.103582E-02   0.164689E-02
   0.750000E-01   0.122183E-03   0.106029E-02   0.106029E-02  -0.164313E-02   0.139297E-01   0.757281E+00  -0.144640E-01   0.232821E-01   0.139297E-01  -0.144640E-01   0.757281E+00   0.232821E-01  -0.122183E-03  -0.106029E-02  -0.106029E-02   0.164313E-02
   0.800000E-01   0.126710E-03   0.107394E-02   0.107394E-02  -0.163806E-02   0.160643E-01   0.749076E+00  -0.150517E-01   0.255228E-01   0.160643E-01  -0.150517E-01   0.749076E+00   0.255228E-01  -0.126710E-03  -0.107394E-02  -0.107394E-02   0.163806E-02
   0.850000E-01   0.127396E-03   0.109253E-02   0.109253E-02  -0.163825E-02   0.183084E-01   0.740454E+00  -0.156506E-01   0.278840E-01   0.183084E-01  -0.156506E-01   0.740454E+00   0.278840E-01  -0.127396E-03  -0.109253E-02  -0.109253E-02   0.163825E-02
   0.900000E-01   0.131714E-03   0.110990E-02   0.110990E-02  -0.163225E-02   0.206722E-01   0.731377E+00  -0.162568E-01   0.303265E-01   0.206722E-01  -0.162568E-01   0.731377E+00   0.303265E-01  -0.131714E-03  -0.110990E-02  -0.110990E-02   0.163225E-02
   0.950000E-01   0.129123E-03   0.112802E-02   0.112802E-02  -0.163067E-02   0.231162E-01   0.721899E+00  -0.168863E-01   0.328813E-01   0.231162E-01  -0.168863E-01   0.721899E+00   0.328813E-01  -0.129123E-03  -0.112802E-02  -0.112802E-02   0.163067E-02
   0.100000E+00   0.133054E-03   0.115493E-02   0.115493E-02  -0.162812E-02   0.256708E-01   0.712012E+00  -0.175162E-01   0.355290E-01   0.256708E-01  -0.175162E-01   0.712012E+00   0.355290E-01  -0.133054E-03  -0.115493E-02  -0.115493E-02   0.162812E-02
   0.105000E+00   0.134912E-03   0.117069E-02   0.117069E-02  -0.162722E-02   0.283164E-01   0.701758E+00  -0.181535E-01   0.382607E-01   0.283164E-01  -0.181535E-01   0.701758E+00   0.382607E-01  -0.134912E-03  -0.117069E-02  -0.117069E-02   0.162722E-02
   0.110000E+00   0.136091E-03   0.118549E-02   0.118549E-02  -0.163062E-02   0.310535E-01   0.691120E+00  -0.188050E-01   0.410671E-01   0.310535E-01  -0.188050E-01   0.691120E+00   0.410671E-01  -0.136091E-03  -0.118549E-02  -0.118549E-02   0.163062E-02
   0.115000E+00   0.137971E-03   0.119956E-02   0.119956E-02  -0.163096E-02   0.338725E-01   0.680148E+00  -0.194457E-01   0.439494E-01   0.338725E-01  -0.194457E-01   0.680148E+00   0.439494E-01  -0.137971E-03  -0.119956E-02  -0.119956E-02   0.163096E-02
   0.120000E+00   0.133927E-03   0.122119E-02   0.122119E-02  -0.162292E-02   0.367538E-01   0.668852E+00  -0.201004E-01   0.469083E-01   0.367538E-01  -0.201004E-01   0.668852E+00   0.469083E-01  -0.133927E-03  -0.122119E-02  -0.122119E-02   0.162292E-02
   0.125000E+00   0.141292E-03   0.123472E-02   0.123472E-02  -0.162519E-02   0.397080E-01   0.657248E+00  -0.207491E-01   0.499149E-01   0.397080E-01  -0.207491E-01   0.657248E+00   0.499149E-01  -0.141292E-03  -0.123472E-02  -0.123472E-02   0.162519E-02
   0.130000E+00   0.145443E-03   0.125658E-02   0.125658E-02  -0.161448E-02   0.427154E-01   0.645373E+00  -0.213941E-01   0.529903E-01   0.427154E-01  -0.213941E-01   0.645373E+00   0.529903E-01  -0.145443E-03  -0.125658E-02  -0.125658E-02   0.161448E-02
   0.135000E+00   0.145741E-03   0.126921E-02   0.126921E-02  -0.161149E-02   0.457866E-01   0.633207E+00  -0.220417E-01   0.561053E-01   0.457866E-01  -0.220417E-01   0.633207E+00   0.561053E-01  -0.145741E-03  -0.126921E-02  -0.126921E-02   0.161149E-02
   0.140000E+00   0.143487E-03   0.129309E-02   0.129309E-02  -0.160887E-02   0.489020E-01   0.620801E+00  -0.226766E-01   0.592708E-01   0.489020E-01  -0.226766E-01   0.620801E+00   0.592708E-01  -0.143487E-03  -0.129309E-02  -0.129309E-02   0.160887E-02
   0.145000E+00   0.150044E-03   0.130875E-02   0.130875E-02  -0.160932E-02   0.520521E-01   0.608176E+00  -0.233062E-01   0.624680E-01   0.520521E-01  -0.233062E-01   0.608176E+00   0.624680E-01  -0.150044E-03  -0.130875E-02  -0.130875E-02   0.160932E-02
   0.150000E+00   0.154730E-03   0.131875E-02   0.131875E-02  -0.160356E-02   0.552473E-01   0.595332E+00  -0.239242E-01   0.656878E-01   0.552473E-01  -0.239242E-01   0.595332E+00   0.656878E-01  -0.154730E-03  -0.131875E-02  -0.131875E-02   0.160356E-02
   0.155000E+00   0.158880E-03   0.133367E-02   0.133367E-02  -0.160427E-02   0.584684E-01   0.582298E+00  -0.245357E-01   0.689311E-01   0.584684E-01  -0.245357E-01   0.582298E+00   0.689311E-01  -0.158880E-03  -0.133367E-02  -0.133367E-02   0.160427E-02
   0.160000E+00   0.155857E-03   0.135211E-02   0.135211E-02  -0.159617E-02   0.617054E-01   0.569113E+00  -0.251260E-01   0.721891E-01   0.617054E-01  -0.251260E-01   0.569113E+00   0.721891E-01  -0.155857E-03  -0.135211E-02  -0.135211E-02   0.159617E-02
   0.165000E+00   0.160997E-03   0.137067E-02   0.137067E-02  -0.159593E-02   0.649592E-01   0.555787E+00  -0.257000E-01   0.754625E-01   0.649592E-01  -0.257000E-01   0.555787E+00   0.754625E-01  -0.160997E-03  -0.137067E-02  -0.137067E-02   0.159593E-02
   0.170000E+00   0.161672E-03   0.138397E-02   0.138397E-02  -0.159222E-02   0.682301E-01   0.542317E+00  -0.262603E-01   0.787223E-01   0.682301E-01  -0.262603E-01   0.542317E+00   0.787223E-01  -0.161672E-03  -0.138397E-02  -0.138397E-02   0.159222E-02
   0.175000E+00   0.169270E-03   0.139261E-02   0.139261E-02  -0.158769E-02   0.714985E-01   0.528747E+00  -0.268054E-01   0.819895E-01   0.714985E-01  -0.268054E-01   0.528747E+00   0.819895E-01  -0.169270E-03  -0.139261E-02  -0.139261E-02   0.158769E-02
   0.180000E+00   0.173153E-03   0.140921E-02   0.140921E-02  -0.158299E-02   0.747649E-01   0.515104E+00  -0.273182E-01   0.852449E-01   0.747649E-01  -0.273182E-01   0.515104E+00   0.852449E-01  -0.173153E-03  -0.140921E-02  -0.140921E-02   0.158299E-02
   0.185000E+00   0.176750E-03   0.142239E-02   0.142239E-02  -0.157280E-02   0.780098E-01   0.501395E+00  -0.278223E-01   0.884794E-01   0.780098E-01  -0.278223E-01   0.501395E+00   0.884794E-01  -0.176750E-03  -0.142239E-02  -0.142239E-02   0.157280E-02
   0.190000E+00   0.177412E-03   0.143683E-02   0.143683E-02  -0.157568E-02   0.812537E-01   0.487631E+00  -0.282933E-01   0.916939E-01   0.812537E-01  -0.282933E-01   0.487631E+00   0.916939E-01  -0.177412E-03  -0.143683E-02  -0.143683E-02   0.157568E-02
   0.195000E+00   0.186512E-03   0.144312E-02   0.144312E-02  -0.156415E-02   0.844571E-01   0.473859E+00  -0.287451E-01   0.948789E-01   0.844571E-01  -0.287451E-01   0.473859E+00   0.948789E-01  -0.186512E-03  -0.144312E-02  -0.144312E-02   0.156415E-02
   0.200000E+00   0.191648E-03   0.145576E-02   0.145576E-02  -0.156687E-02   0.876502E-01   0.460061E+00  -0.291621E-01   0.980155E-01   0.876502E-01  -0.291621E-01   0.460061E+00   0.980155E-01  -0.191648E-03  -0.145576E-02  -0.145576E-02   0.156687E-02
   0.205000E+00   0.196286E-03   0.147330E-02   0.147330E-02  -0.155839E-02   0.907934E-01   0.446282E+00  -0.295581E-01   0.101114E+00   0.907934E-01  -0.295581E-01   0.446282E+00   0.101114E+00  -0.196286E-03  -0.147330E-02  -0.147330E-02   0.155839E-02
   0.210000E+00   0.197852E-03   0.148031E-02   0.148031E-02  -0.154720E-02   0.938974E-01   0.432554E+00  -0.299182E-01   0.104176E+00   0.938974E-01  -0.299182E-01   0.432554E+00   0.104176E+00  -0.197852E-03  -0.148031E-02  -0.148031E-02   0.154720E-02
   0.215000E+00   0.199906E-03   0.149523E-02   0.149523E-02  -0.154782E-02   0.969623E-01   0.418855E+00  -0.302467E-01   0.107171E+00   0.969623E-01  -0.302467E-01   0.418855E+00   0.107171E+00  -0.199906E-03  -0.149523E-02  -0.149523E-02   0.154782E-02
   0.220000E+00   0.205974E-03   0.150655E-02   0.150655E-02  -0.153467E-02   0.999686E-01   0.405233E+00  -0.305463E-01   0.110111E+00   0.999686E-01  -0.305463E-01   0.405233E+00   0.110111E+00  -0.205974E-03  -0.150655E-02  -0.150655E-02   0.153467E-02
   0.225000E+00   0.213599E-03   0.151866E-02   0.151866E-02  -0.153616E-02   0.102917E+00   0.391697E+00  -0.308222E-01   0.112995E+00   0.102917E+00  -0.308222E-01   0.391697E+00   0.112995E+00  -0.213599E-03  -0.151866E-02  -0.151866E-02   0.153616E-02
   0.230000E+00   0.216398E-03   0.152992E-02   0.152992E-02  -0.152670E-02   0.105807E+00   0.378256E+00  -0.310583E-01   0.115794E+00   0.105807E+00  -0.310583E-01   0.378256E+00   0.115794E+00  -0.216398E-03  -0.152992E-02  -0.152992E-02   0.152670E-02
   0.235000E+00   0.228008E-03   0.153867E-02   0.153867E-02  -0.152070E-02   0.108640E+00   0.364930E+00  -0.312589E-01   0.118528E+00   0.108640E+00  -0.312589E-01   0.364930E+00   0.118528E+00  -0.228008E-03  -0.153867E-02  -0.153867E-02   0.152070E-02
   0.240000E+00   0.234086E-03   0.154116E-02   0.154116E-02  -0.151446E-02   0.111385E+00   0.351757E+00  -0.314274E-01   0.121189E+00   0.111385E+00  -0.314274E-01   0.351757E+00   0.121189E+00  -0.234086E-03  -0.154116E-02  -0.154116E-02   0.151446E-02
   0.245000E+00   0.240303E-03   0.155364E-02   0.155364E-02  -0.150431E-02   0.114054E+00   0.338725E+00  -0.315565E-01   0.123756E+00   0.114054E+00  -0.315565E-01   0.338725E+00   0.123756E+00  -0.240303E-03  -0.155364E-02  -0.155364E-02   0.150431E-02
   0.250000E+00   0.240404E-03   0.156426E-02   0.156426E-02  -0.150451E-02   0.116645E+00   0.325856E+00  -0.316541E-01   0.126239E+00   0.116645E+00  -0.316541E-01   0.325856E+00   0.126239E+00  -0.240404E-03  -0.156426E-02  -0.156426E-02   0.150451E-02
   0.255000E+00   0.250162E-03   0.156907E-02   0.156907E-02  -0.149129E-02   0.119161E+00   0.313157E+00  -0.317104E-01   0.128640E+00   0.119161E+00  -0.317104E-01   0.313157E+00   0.128640E+00  -0.250162E-03  -0.156907E-02  -0.156907E-02   0.149129E-02
   0.260000E+00   0.253357E-03   0.157609E-02   0.157609E-02  -0.148883E-02   0.121590E+00   0.300639E+00  -0.317313E-01   0.130927E+00   0.121590E+00  -0.317313E-01   0.300639E+00   0.130927E+00  -0.253357E-03  -0.157609E-02  -0.157609E-02   0.148883E-02
   0.265000E+00   0.263838E-03   0.158327E-02   0.158327E-02  -0.148130E-02   0.123913E+00   0.288331E+00  -0.317199E-01   0.133131E+00   0.123913E+00  -0.317199E-01   0.288331E+00   0.133131E+00  -0.263838E-03  -0.158327E-02  -0.158327E-02   0.148130E-02
   0.270000E+00   0.267428E-03   0.159651E-02   0.159651E-02  -0.147482E-02   0.126161E+00   0.276231E+00  -0.316701E-01   0.135233E+00   0.126161E+00  -0.316701E-01   0.276231E+00   0.135233E+00  -0.267428E-03  -0.159651E-02  -0.159651E-02   0.147482E-02
   0.275000E+00   0.280015E-03   0.160167E-02   0.160167E-02  -0.146546E-02   0.128302E+00   0.264362E+00  -0.315771E-01   0.137222E+00   0.128302E+00  -0.315771E-01   0.264362E+00   0.137222E+00  -0.280015E-03  -0.160167E-02  -0.160167E-02   0.146546E-02
   0.280000E+00   0.283560E-03   0.160847E-02   0.160847E-02  -0.145527E-02   0.130349E+00   0.252722E+00  -0.314631E-01   0.139118E+00   0.130349E+00  -0.314631E-01   0.252722E+00   0.139118E+00  -0.283560E-03  -0.160847E-02  -0.160847E-02   0.145527E-02
   0.285000E+00   0.294038E-03   0.161262E-02   0.161262E-02  -0.145024E-02   0.132289E+00   0.241330E+00  -0.313031E-01   0.140901E+00   0.132289E+00  -0.313031E-01   0.241330E+00   0.140901E+00  -0.294038E-03  -0.161262E-02  -0.161262E-02   0.145024E-02
   0.290000E+00   0.295388E-03   0.162174E-02   0.162174E-02  -0.144427E-02   0.134125E+00   0.230178E+00  -0.311108E-01   0.142580E+00   0.134125E+00  -0.311108E-01   0.230178E+00   0.142580E+00  -0.295388E-03  -0.162174E-02  -0.162174E-02   0.144427E-02
   0.295000E+00   0.303665E-03   0.162134E-02   0.162134E-02  -0.143333E-02   0.135855E+00   0.219296E+00  -0.308801E-01   0.144146E+00   0.135855E+00  -0.308801E-01   0.219296E+00   0.144146E+00  -0.303665E-03  -0.162134E-02  -0.162134E-02   0.143333E-02
   0.300000E+00   0.312999E-03   0.162886E-02   0.162886E-02  -0.142136E-02   0.137480E+00   0.208684E+00  -0.306144E-01   0.145599E+00   0.137480E+00  -0.306144E-01   0.208684E+00   0.145599E+00  -0.312999E-03  -0.162886E-02  -0.162886E-02   0.142136E-02
   0.305000E+00   0.317384E-03   0.163170E-02   0.163170E-02  -0.141217E-02   0.139000E+00   0.198343E+00  -0.303190E-01   0.146937E+00   0.139000E+00  -0.303190E-01   0.198343E+00   0.146937E+00  -0.317384E-03  -0.163170E-02  -0.163170E-02   0.141217E-02
   0.310000E+00   0.322974E-03   0.164519E-02   0.164519E-02  -0.141151E-02   0.140413E+00   0.188265E+00  -0.299874E-01   0.148151E+00   0.140413E+00  -0.299874E-01   0.188265E+00   0.148151E+00  -0.322974E-03  -0.164519E-02  -0.164519E-02   0.141151E-02
   0.315000E+00   0.331989E-03   0.164850E-02   0.164850E-02  -0.140123E-02   0.141710E+00   0.178488E+00  -0.296216E-01   0.149260E+00   0.141710E+00  -0.296216E-01   0.178488E+00   0.149260E+00  -0.331989E-03  -0.164850E-02  -0.164850E-02   0.140123E-02
   0.320000E+00   0.340613E-03   0.164681E-02   0.164681E-02  -0.138702E-02   0.142900E+00   0.168985E+00  -0.292285E-01   0.150254E+00   0.142900E+00  -0.292285E-01   0.168985E+00   0.150254E+00  -0.340613E-03  -0.164681E-02  -0.164681E-02   0.138702E-02
   0.325000E+00   0.355100E-03   0.165519E-02   0.165519E-02  -0.138453E-02   0.143978E+00   0.159788E+00  -0.288103E-01   0.151142E+00   0.143978E+00  -0.288103E-01   0.159788E+00   0.151142E+00  -0.355100E-03  -0.165519E-02  -0.165519E-02   0.138453E-02
   0.330000E+00   0.357664E-03   0.166262E-02   0.166262E-02  -0.137551E-02   0.144947E+00   0.150877E+00  -0.283506E-01   0.151913E+00   0.144947E+00  -0.283506E-01   0.150877E+00   0.151913E+00  -0.357664E-03  -0.166262E-02  -0.166262E-02   0.137551E-02
   0.335000E+00   0.364586E-03   0.166101E-02   0.166101E-02  -0.136559E-02   0.145813E+00   0.142254E+00  -0.278749E-01   0.152558E+00   0.145813E+00  -0.278749E-01   0.142254E+00   0.152558E+00  -0.364586E-03  -0.166101E-02  -0.166101E-02   0.136559E-02
   0.340000E+00   0.378204E-03   0.166523E-02   0.166523E-02  -0.135632E-02   0.146567E+00   0.133934E+00  -0.273668E-01   0.153095E+00   0.146567E+00  -0.273668E-01   0.133934E+00   0.153095E+00  -0.378204E-03  -0.166523E-02  -0.166523E-02   0.135632E-02
   0.345000E+00   0.384867E-03   0.166908E-02   0.166908E-02  -0.135326E-02   0.147213E+00   0.125924E+00  -0.268396E-01   0.153528E+00   0.147213E+00  -0.268396E-01   0.125924E+00   0.153528E+00  -0.384867E-03  -0.166908E-02  -0.166908E-02   0.135326E-02
   0.350000E+00   0.390995E-03   0.167121E-02   0.167121E-02  -0.134200E-02   0.147751E+00   0.118201E+00  -0.262762E-01   0.153849E+00   0.147751E+00  -0.262762E-01   0.118201E+00   0.153849E+00  -0.390995E-03  -0.167121E-02  -0.167121E-02   0.134200E-02
   0.355000E+00   0.399018E-03   0.167423E-02   0.167423E-02  -0.133207E-02   0.148184E+00   0.110775E+00  -0.257034E-01   0.154060E+00   0.148184E+00  -0.257034E-01   0.110775E+00   0.154060E+00  -0.399018E-03  -0.167423E-02  -0.167423E-02   0.133207E-02
   0.360000E+00   0.403319E-03   0.167770E-02   0.167770E-02  -0.132191E-02   0.148513E+00   0.103650E+00  -0.251053E-01   0.154170E+00   0.148513E+00  -0.251053E-01   0.103650E+00   0.154170E+00  -0.403319E-03  -0.167770E-02  -0.167770E-02   0.132191E-02
   0.365000E+00   0.415288E-03   0.167811E-02   0.167811E-02  -0.131494E-02   0.148741E+00   0.968210E-01  -0.244870E-01   0.154173E+00   0.148741E+00  -0.244870E-01   0.968210E-01   0.154173E+00  -0.415288E-03  -0.167811E-02  -0.167811E-02   0.131494E-02
   0.370000E+00   0.422485E-03   0.168083E-02   0.168083E-02  -0.130662E-02   0.148868E+00   0.902856E-01  -0.238528E-01   0.154073E+00   0.148868E+00  -0.238528E-01   0.902856E-01   0.154073E+00  -0.422485E-03  -0.168083E-02  -0.168083E-02   0.130662E-02
   0.375000E+00   0.431379E-03   0.168226E-02   0.168226E-02  -0.129733E-02   0.148898E+00   0.840304E-01  -0.232008E-01   0.153874E+00   0.148898E+00  -0.232008E-01   0.840304E-01   0.153874E+00  -0.431379E-03  -0.168226E-02  -0.168226E-02   0.129733E-02
   0.380000E+00   0.439441E-03   0.168470E-02   0.168470E-02  -0.128845E-02   0.148832E+00   0.780691E-01  -0.225354E-01   0.153579E+00   0.148832E+00  -0.225354E-01   0.780691E-01   0.153579E+00  -0.439441E-03  -0.168470E-02  -0.168470E-02   0.128845E-02
   0.385000E+00   0.446255E-03   0.168728E-02   0.168728E-02  -0.127938E-02   0.148674E+00   0.723937E-01  -0.218576E-01   0.153189E+00   0.148674E+00  -0.218576E-01   0.723937E-01   0.153189E+00  -0.446255E-03  -0.168728E-02  -0.168728E-02   0.127938E-02
   0.390000E+00   0.455362E-03   0.168817E-02   0.168817E-02  -0.127046E-02   0.148425E+00   0.669863E-01  -0.211681E-01   0.152709E+00   0.148425E+00  -0.211681E-01   0.669863E-01   0.152709E+00  -0.455362E-03  -0.168817E-02  -0.168817E-02   0.127046E-02
   0.395000E+00   0.462352E-03   0.168954E-02   0.168954E-02  -0.126100E-02   0.148090E+00   0.618592E-01  -0.204704E-01   0.152141E+00   0.148090E+00  -0.204704E-01   0.618592E-01   0.152141E+00  -0.462352E-03  -0.168954E-02  -0.168954E-02   0.126100E-02
   0.400000E+00   0.470779E-03   0.169141E-02   0.169141E-02  -0.125331E-02   0.147669E+00   0.570047E-01  -0.197636E-01   0.151488E+00   0.147669E+00  -0.197636E-01   0.570047E-01   0.151488E+00  -0.470779E-03  -0.169141E-02  -0.169141E-02   0.125331E-02
   0.405000E+00   0.479206E-03   0.169177E-02   0.169177E-02  -0.124472E-02   0.147167E+00   0.524034E-01  -0.190510E-01   0.150753E+00   0.147167E+00  -0.190510E-01   0.524034E-01   0.150753E+00  -0.479206E-03  -0.169177E-02  -0.169177E-02   0.124472E-02
   0.410000E+00   0.488246E-03   0.169155E-02   0.169155E-02  -0.123648E-02   0.146587E+00   0.480630E-01  -0.183349E-01   0.149941E+00   0.146587E+00  -0.183349E-01   0.480630E-01   0.149941E+00  -0.488246E-03  -0.169155E-02  -0.169155E-02   0.123648E-02
   0.415000E+00   0.494572E-03   0.169363E-02   0.169363E-02  -0.122689E-02   0.145931E+00   0.439742E-01  -0.176167E-01   0.149055E+00   0.145931E+00  -0.176167E-01   0.439742E-01   0.149055E+00  -0.494572E-03  -0.169363E-02  -0.169363E-02   0.122689E-02
   0.420000E+00   0.502798E-03   0.169487E-02   0.169487E-02  -0.121817E-02   0.145206E+00   0.401260E-01  -0.168955E-01   0.148096E+00   0.145206E+00  -0.168955E-01   0.401260E-01   0.148096E+00  -0.502798E-03  -0.169487E-02  -0.169487E-02   0.121817E-02
   0.425000E+00   0.510503E-03   0.169511E-02   0.169511E-02  -0.120960E-02   0.144411E+00   0.365204E-01  -0.161779E-01   0.147073E+00   0.144411E+00  -0.161779E-01   0.365204E-01   0.147073E+00  -0.510503E-03  -0.169511E-02  -0.169511E-02   0.120960E-02
   0.430000E+00   0.519320E-03   0.169505E-02   0.169505E-02  -0.120248E-02   0.143551E+00   0.331456E-01  -0.154607E-01   0.145985E+00   0.143551E+00  -0.154607E-01   0.331456E-01   0.145985E+00  -0.519320E-03  -0.169505E-02  -0.169505E-02   0.120248E-02
   0.435000E+00   0.527884E-03   0.169544E-02   0.169544E-02  -0.119399E-02   0.142633E+00   0.299829E-01  -0.147478E-01   0.144838E+00   0.142633E+00  -0.147478E-01   0.299829E-01   0.144838E+00  -0.527884E-03  -0.169544E-02  -0.169544E-02   0.119399E-02
   0.440000E+00   0.535929E-03   0.169594E-02   0.169594E-02  -0.118542E-02   0.141655E+00   0.270526E-01  -0.140399E-01   0.143636E+00   0.141655E+00  -0.140399E-01   0.270526E-01   0.143636E+00  -0.535929E-03  -0.169594E-02  -0.169594E-02   0.118542E-02
   0.445000E+00   0.543093E-03   0.169722E-02   0.169722E-02  -0.117708E-02   0.140623E+00   0.243141E-01  -0.133387E-01   0.142381E+00   0.140623E+00  -0.133387E-01   0.243141E-01   0.142381E+00  -0.543093E-03  -0.169722E-02  -0.169722E-02   0.117708E-02
   0.450000E+00   0.549914E-03   0.169794E-02   0.169794E-02  -0.116715E-02   0.139543E+00   0.217839E-01  -0.126463E-01   0.141077E+00   0.139543E+00  -0.126463E-01   0.217839E-01   0.141077E+00  -0.549914E-03  -0.169794E-02  -0.169794E-02   0.116715E-02
   0.455000E+00   0.559082E-03   0.169666E-02   0.169666E-02  -0.116088E-02   0.138417E+00   0.194406E-01  -0.119619E-01   0.139729E+00   0.138417E+00  -0.119619E-01   0.194406E-01   0.139729E+00  -0.559082E-03  -0.169666E-02  -0.169666E-02   0.116088E-02
   0.460000E+00   0.565238E-03   0.169793E-02   0.169793E-02  -0.115156E-02   0.137247E+00   0.172840E-01  -0.112888E-01   0.138342E+00   0.137247E+00  -0.112888E-01   0.172840E-01   0.138342E+00  -0.565238E-03  -0.169793E-02  -0.169793E-02   0.115156E-02
   0.465000E+00   0.573021E-03   0.169832E-02   0.169832E-02  -0.114345E-02   0.136038E+00   0.153048E-01  -0.106286E-01   0.136918E+00   0.136038E+00  -0.106286E-01   0.153048E-01   0.136918E+00  -0.573021E-03  -0.169832E-02  -0.169832E-02   0.114345E-02
   0.470000E+00   0.582022E-03   0.169642E-02   0.169642E-02  -0.113672E-02   0.134793E+00   0.134906E-01  -0.997905E-02   0.135460E+00   0.134793E+00  -0.997905E-02   0.134906E-01   0.135460E+00  -0.582022E-03  -0.169642E-02  -0.169642E-02   0.113672E-02
   0.475000E+00   0.589877E-03   0.169671E-02   0.169671E-02  -0.112968E-02   0.133517E+00   0.118375E-01  -0.934493E-02   0.133973E+00   0.133517E+00  -0.934493E-02   0.118375E-01   0.133973E+00  -0.589877E-03  -0.169671E-02  -0.169671E-02   0.112968E-02
   0.480000E+00   0.595230E-03   0.169764E-02   0.169764E-02  -0.111967E-02   0.132213E+00   0.103353E-01  -0.872503E-02   0.132459E+00   0.132213E+00  -0.872503E-02   0.103353E-01   0.132459E+00  -0.595230E-03  -0.169764E-02  -0.169764E-02   0.111967E-02
   0.485000E+00   0.603616E-03   0.169675E-02   0.169675E-02  -0.111293E-02   0.130883E+00   0.898085E-02  -0.812280E-02   0.130924E+00   0.130883E+00  -0.812280E-02   0.898085E-02   0.130924E+00  -0.603616E-03  -0.169675E-02  -0.169675E-02   0.111293E-02
   0.490000E+00   0.611666E-03   0.169654E-02   0.169654E-02  -0.110674E-02   0.129532E+00   0.776021E-02  -0.753548E-02   0.129371E+00   0.129532E+00  -0.753548E-02   0.776021E-02   0.129371E+00  -0.611666E-03  -0.169654E-02  -0.169654E-02   0.110674E-02
   0.495000E+00   0.618015E-03   0.169742E-02   0.169742E-02  -0.109744E-02   0.128163E+00   0.666540E-02  -0.696526E-02   0.127800E+00   0.128163E+00  -0.696526E-02   0.666540E-02   0.127800E+00  -0.618015E-03  -0.169742E-02  -0.169742E-02   0.109744E-02
   0.500000E+00   0.626243E-03   0.169588E-02   0.169588E-02  -0.109136E-02   0.126778E+00   0.569443E-02  -0.641223E-02   0.126218E+00   0.126778E+00  -0.641223E-02   0.569443E-02   0.126218E+00  -0.626243E-03  -0.169588E-02  -0.169588E-02   0.109136E-02
   0.505000E+00   0.631878E-03   0.169719E-02   0.169719E-02  -0.108283E-02   0.125382E+00   0.483503E-02  -0.587813E-02   0.124627E+00   0.125382E+00  -0.587813E-02   0.483503E-02   0.124627E+00  -0.631878E-03  -0.169719E-02  -0.169719E-02   0.108283E-02
   0.510000E+00   0.639895E-03   0.169647E-02   0.169647E-02  -0.107558E-02   0.123977E+00   0.408231E-02  -0.536349E-02   0.123030E+00   0.123977E+00  -0.536349E-02   0.408231E-02   0.123030E+00  -0.639895E-03  -0.169647E-02  -0.169647E-02   0.107558E-02
   0.515000E+00   0.646813E-03   0.169632E-02   0.169632E-02  -0.106828E-02   0.122565E+00   0.342712E-02  -0.486579E-02   0.121430E+00   0.122565E+00  -0.486579E-02   0.342712E-02   0.121430E+00  -0.646813E-03  -0.169632E-02  -0.169632E-02   0.106828E-02
   0.520000E+00   0.652947E-03   0.169612E-02   0.169612E-02  -0.106103E-02   0.121150E+00   0.286484E-02  -0.438797E-02   0.119829E+00   0.121150E+00  -0.438797E-02   0.286484E-02   0.119829E+00  -0.652947E-03  -0.169612E-02  -0.169612E-02   0.106103E-02
   0.525000E+00   0.660212E-03   0.169597E-02   0.169597E-02  -0.105392E-02   0.119735E+00   0.238658E-02  -0.392929E-02   0.118231E+00   0.119735E+00  -0.392929E-02   0.238658E-02   0.118231E+00  -0.660212E-03  -0.169597E-02  -0.169597E-02   0.105392E-02
   0.530000E+00   0.666717E-03   0.169573E-02   0.169573E-02  -0.104694E-02   0.118322E+00   0.198722E-02  -0.348942E-02   0.116637E+00   0.118322E+00  -0.348942E-02   0.198722E-02   0.116637E+00  -0.666717E-03  -0.169573E-02  -0.169573E-02   0.104694E-02
   0.535000E+00   0.673214E-03   0.169553E-02   0.169553E-02  -0.104005E-02   0.116911E+00   0.165854E-02  -0.306882E-02   0.115051E+00   0.116911E+00  -0.306882E-02   0.165854E-02   0.115051E+00  -0.673214E-03  -0.169553E-02  -0.169553E-02   0.104005E-02
   0.540000E+00   0.680002E-03   0.169514E-02   0.169514E-02  -0.103304E-02   0.115508E+00   0.139633E-02  -0.266663E-02   0.113474E+00   0.115508E+00  -0.266663E-02   0.139633E-02   0.113474E+00  -0.680002E-03  -0.169514E-02  -0.169514E-02   0.103304E-02
   0.545000E+00   0.686546E-03   0.169518E-02   0.169518E-02  -0.102629E-02   0.114114E+00   0.119456E-02  -0.228267E-02   0.111908E+00   0.114114E+00  -0.228267E-02   0.119456E-02   0.111908E+00  -0.686546E-03  -0.169518E-02  -0.169518E-02   0.102629E-02
   0.550000E+00   0.693077E-03   0.169456E-02   0.169456E-02  -0.102007E-02   0.112730E+00   0.104724E-02  -0.191713E-02   0.110357E+00   0.112730E+00  -0.191713E-02   0.104724E-02   0.110357E+00  -0.693077E-03  -0.169456E-02  -0.169456E-02   0.102007E-02
   0.555000E+00   0.699286E-03   0.169457E-02   0.169457E-02  -0.101351E-02   0.111357E+00   0.948206E-03  -0.156833E-02   0.108819E+00   0.111357E+00  -0.156833E-02   0.948206E-03   0.108819E+00  -0.699286E-03  -0.169457E-02  -0.169457E-02   0.101351E-02
   0.560000E+00   0.705533E-03   0.169499E-02   0.169499E-02  -0.100614E-02   0.109999E+00   0.894527E-03  -0.123715E-02   0.107299E+00   0.109999E+00  -0.123715E-02   0.894527E-03   0.107299E+00  -0.705533E-03  -0.169499E-02  -0.169499E-02   0.100614E-02
   0.565000E+00   0.711695E-03   0.169474E-02   0.169474E-02  -0.100007E-02   0.108655E+00   0.880436E-03  -0.921189E-03   0.105798E+00   0.108655E+00  -0.921189E-03   0.880436E-03   0.105798E+00  -0.711695E-03  -0.169474E-02  -0.169474E-02   0.100007E-02
   0.570000E+00   0.717981E-03   0.169478E-02   0.169478E-02  -0.993459E-03   0.107328E+00   0.902265E-03  -0.621678E-03   0.104315E+00   0.107328E+00  -0.621678E-03   0.902265E-03   0.104315E+00  -0.717981E-03  -0.169478E-02  -0.169478E-02   0.993459E-03
   0.575000E+00   0.724003E-03   0.169429E-02   0.169429E-02  -0.987322E-03   0.106019E+00   0.956343E-03  -0.335457E-03   0.102854E+00   0.106019E+00  -0.335457E-03   0.956343E-03   0.102854E+00  -0.724003E-03  -0.169429E-02  -0.169429E-02   0.987322E-03
   0.580000E+00   0.730267E-03   0.169422E-02   0.169422E-02  -0.980809E-03   0.104728E+00   0.102822E-02  -0.633524E-04   0.101413E+00   0.104728E+00  -0.633524E-04   0.102822E-02   0.101413E+00  -0.730267E-03  -0.169422E-02  -0.169422E-02   0.980809E-03
   0.585000E+00   0.736323E-03   0.169402E-02   0.169402E-02  -0.974621E-03   0.103457E+00   0.113407E-02   0.196196E-03   0.999957E-01   0.103457E+00   0.196196E-03   0.113407E-02   0.999957E-01  -0.736323E-03  -0.169402E-02  -0.169402E-02   0.974621E-03
   0.590000E+00   0.740514E-03   0.169547E-02   0.169547E-02  -0.967195E-03   0.102206E+00   0.126073E-02   0.443992E-03   0.986021E-01   0.102206E+00   0.443992E-03   0.126073E-02   0.986021E-01  -0.740514E-03  -0.169547E-02  -0.169547E-02   0.967195E-03
   0.595000E+00   0.746970E-03   0.169444E-02   0.169444E-02  -0.961961E-03   0.100975E+00   0.140060E-02   0.681942E-03   0.972322E-01   0.100975E+00   0.681942E-03   0.140060E-02   0.972322E-01  -0.746970E-03  -0.169444E-02  -0.169444E-02   0.961961E-03
   0.600000E+00   0.754017E-03   0.169257E-02   0.169257E-02  -0.957542E-03   0.997664E-01   0.154880E-02   0.911032E-03   0.958866E-01   0.997664E-01   0.911032E-03   0.154880E-02   0.958866E-01  -0.754017E-03  -0.169257E-02  -0.169257E-02   0.957542E-03
   0.605000E+00   0.759981E-03   0.169351E-02   0.169351E-02  -0.950561E-03   0.985789E-01   0.172162E-02   0.113224E-02   0.945642E-01   0.985789E-01   0.113224E-02   0.172162E-02   0.945642E-01  -0.759981E-03  -0.169351E-02  -0.169351E-02   0.950561E-03
   0.610000E+00   0.764129E-03   0.169499E-02   0.169499E-02  -0.943634E-03   0.974126E-01   0.190271E-02   0.134731E-02   0.932669E-01   0.974126E-01   0.134731E-02   0.190271E-02   0.932669E-01  -0.764129E-03  -0.169499E-02  -0.169499E-02   0.943634E-03
   0.615000E+00   0.771761E-03   0.169265E-02   0.169265E-02  -0.939458E-03   0.962664E-01   0.209190E-02   0.155528E-02   0.919954E-01   0.962664E-01   0.155528E-02   0.209190E-02   0.919954E-01  -0.771761E-03  -0.169265E-02  -0.169265E-02   0.939458E-03
   0.620000E+00   0.776134E-03   0.169421E-02   0.169421E-02  -0.932687E-03   0.951436E-01   0.227887E-02   0.176100E-02   0.907477E-01   0.951436E-01   0.176100E-02   0.227887E-02   0.907477E-01  -0.776134E-03  -0.169421E-02  -0.169421E-02   0.932687E-03
   0.625000E+00   0.781540E-03   0.169343E-02   0.169343E-02  -0.926910E-03   0.940398E-01   0.248223E-02   0.196556E-02   0.895244E-01   0.940398E-01   0.196556E-02   0.248223E-02   0.895244E-01  -0.781540E-03  -0.169343E-02  -0.169343E-02   0.926910E-03
   0.630000E+00   0.786208E-03   0.169403E-02   0.169403E-02  -0.921806E-03   0.929575E-01   0.268869E-02   0.216578E-02   0.883246E-01   0.929575E-01   0.216578E-02   0.268869E-02   0.883246E-01  -0.786208E-03  -0.169403E-02  -0.169403E-02   0.921806E-03
   0.635000E+00   0.792426E-03   0.169373E-02   0.169373E-02  -0.917157E-03   0.918942E-01   0.290086E-02   0.236894E-02   0.871481E-01   0.918942E-01   0.236894E-02   0.290086E-02   0.871481E-01  -0.792426E-03  -0.169373E-02  -0.169373E-02   0.917157E-03
   0.640000E+00   0.798459E-03   0.169230E-02   0.169230E-02  -0.911629E-03   0.908513E-01   0.311335E-02   0.257459E-02   0.859950E-01   0.908513E-01   0.257459E-02   0.311335E-02   0.859950E-01  -0.798459E-03  -0.169230E-02  -0.169230E-02   0.911629E-03
   0.645000E+00   0.803569E-03   0.169355E-02   0.169355E-02  -0.905879E-03   0.898275E-01   0.332470E-02   0.278212E-02   0.848629E-01   0.898275E-01   0.278212E-02   0.332470E-02   0.848629E-01  -0.803569E-03  -0.169355E-02  -0.169355E-02   0.905879E-03
   0.650000E+00   0.808966E-03   0.169326E-02   0.169326E-02  -0.900568E-03   0.888213E-01   0.354038E-02   0.299610E-02   0.837529E-01   0.888213E-01   0.299610E-02   0.354038E-02   0.837529E-01  -0.808966E-03  -0.169326E-02  -0.169326E-02   0.900568E-03
   0.655000E+00   0.813897E-03   0.169316E-02   0.169316E-02  -0.895438E-03   0.878312E-01   0.376805E-02   0.321399E-02   0.826628E-01   0.878312E-01   0.321399E-02   0.376805E-02   0.826628E-01  -0.813897E-03  -0.169316E-02  -0.169316E-02   0.895438E-03
   0.660000E+00   0.818647E-03   0.169403E-02   0.169403E-02  -0.889223E-03   0.868587E-01   0.398830E-02   0.344224E-02   0.815917E-01   0.868587E-01   0.344224E-02   0.398830E-02   0.815917E-01  -0.818647E-03  -0.169403E-02  -0.169403E-02   0.889223E-03
   0.665000E+00   0.824448E-03   0.169376E-02   0.169376E-02  -0.884603E-03   0.858994E-01   0.422351E-02   0.367829E-02   0.805405E-01   0.858994E-01   0.367829E-02   0.422351E-02   0.805405E-01  -0.824448E-03  -0.169376E-02  -0.169376E-02   0.884603E-03
   0.670000E+00   0.829569E-03   0.169411E-02   0.169411E-02  -0.879347E-03   0.849538E-01   0.445823E-02   0.392462E-02   0.795061E-01   0.849538E-01   0.392462E-02   0.445823E-02   0.795061E-01  -0.829569E-03  -0.169411E-02  -0.169411E-02   0.879347E-03
   0.675000E+00   0.834277E-03   0.169384E-02   0.169384E-02  -0.874118E-03   0.840213E-01   0.469607E-02   0.418269E-02   0.784886E-01   0.840213E-01   0.418269E-02   0.469607E-02   0.784886E-01  -0.834277E-03  -0.169384E-02  -0.169384E-02   0.874118E-03
   0.680000E+00   0.839827E-03   0.169376E-02   0.169376E-02  -0.869622E-03   0.831006E-01   0.494451E-02   0.445495E-02   0.774847E-01   0.831006E-01   0.445495E-02   0.494451E-02   0.774847E-01  -0.839827E-03  -0.169376E-02  -0.169376E-02   0.869622E-03
   0.685000E+00   0.844465E-03   0.169473E-02   0.169473E-02  -0.863551E-03   0.821901E-01   0.519300E-02   0.474086E-02   0.764944E-01   0.821901E-01   0.474086E-02   0.519300E-02   0.764944E-01  -0.844465E-03  -0.169473E-02  -0.169473E-02   0.863551E-03
   0.690000E+00   0.849432E-03   0.169458E-02   0.169458E-02  -0.858597E-03   0.812884E-01   0.545601E-02   0.504189E-02   0.755178E-01   0.812884E-01   0.504189E-02   0.545601E-02   0.755178E-01  -0.849432E-03  -0.169458E-02  -0.169458E-02   0.858597E-03
   0.695000E+00   0.854002E-03   0.169413E-02   0.169413E-02  -0.854432E-03   0.803930E-01   0.572102E-02   0.536041E-02   0.745516E-01   0.803930E-01   0.536041E-02   0.572102E-02   0.745516E-01  -0.854002E-03  -0.169413E-02  -0.169413E-02   0.854432E-03
   0.700000E+00   0.858497E-03   0.169514E-02   0.169514E-02  -0.848777E-03   0.795044E-01   0.600758E-02   0.569595E-02   0.735969E-01   0.795044E-01   0.569595E-02   0.600758E-02   0.735969E-01  -0.858497E-03  -0.169514E-02  -0.169514E-02   0.848777E-03
   0.705000E+00   0.864175E-03   0.169442E-02   0.169442E-02  -0.844341E-03   0.786211E-01   0.629822E-02   0.605091E-02   0.726496E-01   0.786211E-01   0.605091E-02   0.629822E-02   0.726496E-01  -0.864175E-03  -0.169442E-02  -0.169442E-02   0.844341E-03
   0.710000E+00   0.868339E-03   0.169583E-02   0.169583E-02  -0.838724E-03   0.777406E-01   0.659435E-02   0.642572E-02   0.717056E-01   0.777406E-01   0.642572E-02   0.659435E-02   0.717056E-01  -0.868339E-03  -0.169583E-02  -0.169583E-02   0.838724E-03
   0.715000E+00   0.872377E-03   0.169612E-02   0.169612E-02  -0.833665E-03   0.768623E-01   0.690962E-02   0.682180E-02   0.707718E-01   0.768623E-01   0.682180E-02   0.690962E-02   0.707718E-01  -0.872377E-03  -0.169612E-02  -0.169612E-02   0.833665E-03
   0.720000E+00   0.877574E-03   0.169604E-02   0.169604E-02  -0.832850E-03   0.759847E-01   0.724861E-02   0.723255E-02   0.698481E-01   0.759847E-01   0.723255E-02   0.724861E-02   0.698481E-01  -0.877574E-03  -0.169604E-02  -0.169604E-02   0.832850E-03
   0.725000E+00   0.883251E-03   0.169442E-02   0.169442E-02  -0.825898E-03   0.751094E-01   0.758983E-02   0.767437E-02   0.689174E-01   0.751094E-01   0.767437E-02   0.758983E-02   0.689174E-01  -0.883251E-03  -0.169442E-02  -0.169442E-02   0.825898E-03
   0.730000E+00   0.886763E-03   0.170100E-02   0.170100E-02  -0.821464E-03   0.742267E-01   0.795689E-02   0.813769E-02   0.679927E-01   0.742267E-01   0.813769E-02   0.795689E-02   0.679927E-01  -0.886763E-03  -0.170100E-02  -0.170100E-02   0.821464E-03
   0.735000E+00   0.892413E-03   0.169857E-02   0.169857E-02  -0.821154E-03   0.733492E-01   0.833634E-02   0.861692E-02   0.670686E-01   0.733492E-01   0.861692E-02   0.833634E-02   0.670686E-01  -0.892413E-03  -0.169857E-02  -0.169857E-02   0.821154E-03
   0.740000E+00   0.896592E-03   0.169689E-02   0.169689E-02  -0.814606E-03   0.724503E-01   0.874482E-02   0.912641E-02   0.661552E-01   0.724503E-01   0.912641E-02   0.874482E-02   0.661552E-01  -0.896592E-03  -0.169689E-02  -0.169689E-02   0.814606E-03
   0.745000E+00   0.900680E-03   0.169767E-02   0.169767E-02  -0.809453E-03   0.715644E-01   0.916803E-02   0.965153E-02   0.652222E-01   0.715644E-01   0.965153E-02   0.916803E-02   0.652222E-01  -0.900680E-03  -0.169767E-02  -0.169767E-02   0.809453E-03
   0.750000E+00   0.906095E-03   0.169264E-02   0.169264E-02  -0.803314E-03   0.706709E-01   0.961361E-02   0.102057E-01   0.642995E-01   0.706709E-01   0.102057E-01   0.961361E-02   0.642995E-01  -0.906095E-03  -0.169264E-02  -0.169264E-02   0.803314E-03
   0.755000E+00   0.911292E-03   0.169748E-02   0.169748E-02  -0.799794E-03   0.697593E-01   0.100783E-01   0.107832E-01   0.633669E-01   0.697593E-01   0.107832E-01   0.100783E-01   0.633669E-01  -0.911292E-03  -0.169748E-02  -0.169748E-02   0.799794E-03
   0.760000E+00   0.913666E-03   0.169793E-02   0.169793E-02  -0.792439E-03   0.688390E-01   0.105790E-01   0.113883E-01   0.624342E-01   0.688390E-01   0.113883E-01   0.105790E-01   0.624342E-01  -0.913666E-03  -0.169793E-02  -0.169793E-02   0.792439E-03
   0.765000E+00   0.919596E-03   0.170166E-02   0.170166E-02  -0.792829E-03   0.679193E-01   0.110913E-01   0.120064E-01   0.614912E-01   0.679193E-01   0.120064E-01   0.110913E-01   0.614912E-01  -0.919596E-03  -0.170166E-02  -0.170166E-02   0.792829E-03
   0.770000E+00   0.922555E-03   0.169833E-02   0.169833E-02  -0.780591E-03   0.669798E-01   0.116331E-01   0.126508E-01   0.605377E-01   0.669798E-01   0.126508E-01   0.116331E-01   0.605377E-01  -0.922555E-03  -0.169833E-02  -0.169833E-02   0.780591E-03
   0.775000E+00   0.929004E-03   0.169556E-02   0.169556E-02  -0.777234E-03   0.660298E-01   0.122012E-01   0.133258E-01   0.595934E-01   0.660298E-01   0.133258E-01   0.122012E-01   0.595934E-01  -0.929004E-03  -0.169556E-02  -0.169556E-02   0.777234E-03
   0.780000E+00   0.935386E-03   0.170304E-02   0.170304E-02  -0.772254E-03   0.650787E-01   0.127836E-01   0.140146E-01   0.586279E-01   0.650787E-01   0.140146E-01   0.127836E-01   0.586279E-01  -0.935386E-03  -0.170304E-02  -0.170304E-02   0.772254E-03
   0.785000E+00   0.931236E-03   0.169838E-02   0.169838E-02  -0.767237E-03   0.641058E-01   0.133980E-01   0.147305E-01   0.576511E-01   0.641058E-01   0.147305E-01   0.133980E-01   0.576511E-01  -0.931236E-03  -0.169838E-02  -0.169838E-02   0.767237E-03
   0.790000E+00   0.941023E-03   0.169716E-02   0.169716E-02  -0.765704E-03   0.631206E-01   0.140386E-01   0.154607E-01   0.566727E-01   0.631206E-01   0.154607E-01   0.140386E-01   0.566727E-01  -0.941023E-03  -0.169716E-02  -0.169716E-02   0.765704E-03
   0.795000E+00   0.941205E-03   0.170299E-02   0.170299E-02  -0.763116E-03   0.621324E-01   0.146952E-01   0.162165E-01   0.556722E-01   0.621324E-01   0.162165E-01   0.146952E-01   0.556722E-01  -0.941205E-03  -0.170299E-02  -0.170299E-02   0.763116E-03
   0.800000E+00   0.950376E-03   0.169741E-02   0.169741E-02  -0.757019E-03   0.611207E-01   0.153860E-01   0.169811E-01   0.546694E-01   0.611207E-01   0.169811E-01   0.153860E-01   0.546694E-01  -0.950376E-03  -0.169741E-02  -0.169741E-02   0.757019E-03
   0.805000E+00   0.953066E-03   0.170597E-02   0.170597E-02  -0.750944E-03   0.601047E-01   0.160979E-01   0.177687E-01   0.536540E-01   0.601047E-01   0.177687E-01   0.160979E-01   0.536540E-01  -0.953066E-03  -0.170597E-02  -0.170597E-02   0.750944E-03
   0.810000E+00   0.959793E-03   0.170822E-02   0.170822E-02  -0.754310E-03   0.590638E-01   0.168371E-01   0.185743E-01   0.526356E-01   0.590638E-01   0.185743E-01   0.168371E-01   0.526356E-01  -0.959793E-03  -0.170822E-02  -0.170822E-02   0.754310E-03
   0.815000E+00   0.957161E-03   0.170765E-02   0.170765E-02  -0.742625E-03   0.580074E-01   0.176038E-01   0.193991E-01   0.516037E-01   0.580074E-01   0.193991E-01   0.176038E-01   0.516037E-01  -0.957161E-03  -0.170765E-02  -0.170765E-02   0.742625E-03
   0.820000E+00   0.959704E-03   0.170974E-02   0.170974E-02  -0.739375E-03   0.569448E-01   0.183952E-01   0.202273E-01   0.505580E-01   0.569448E-01   0.202273E-01   0.183952E-01   0.505580E-01  -0.959704E-03  -0.170974E-02  -0.170974E-02   0.739375E-03
   0.825000E+00   0.967940E-03   0.170402E-02   0.170402E-02  -0.733929E-03   0.558555E-01   0.192085E-01   0.210728E-01   0.495079E-01   0.558555E-01   0.210728E-01   0.192085E-01   0.495079E-01  -0.967940E-03  -0.170402E-02  -0.170402E-02   0.733929E-03
   0.830000E+00   0.968479E-03   0.170398E-02   0.170398E-02  -0.731750E-03   0.547688E-01   0.200328E-01   0.219278E-01   0.484431E-01   0.547688E-01   0.219278E-01   0.200328E-01   0.484431E-01  -0.968479E-03  -0.170398E-02  -0.170398E-02   0.731750E-03
   0.835000E+00   0.979920E-03   0.171101E-02   0.171101E-02  -0.730389E-03   0.536641E-01   0.208747E-01   0.227973E-01   0.473632E-01   0.536641E-01   0.227973E-01   0.208747E-01   0.473632E-01  -0.979920E-03  -0.171101E-02  -0.171101E-02   0.730389E-03
   0.840000E+00   0.976836E-03   0.171055E-02   0.171055E-02  -0.723271E-03   0.525408E-01   0.217363E-01   0.236603E-01   0.462777E-01   0.525408E-01   0.236603E-01   0.217363E-01   0.462777E-01  -0.976836E-03  -0.171055E-02  -0.171055E-02   0.723271E-03
   0.845000E+00   0.979835E-03   0.171208E-02   0.171208E-02  -0.719757E-03   0.513981E-01   0.226410E-01   0.245447E-01   0.451860E-01   0.513981E-01   0.245447E-01   0.226410E-01   0.451860E-01  -0.979835E-03  -0.171208E-02  -0.171208E-02   0.719757E-03
   0.850000E+00   0.987518E-03   0.170693E-02   0.170693E-02  -0.717348E-03   0.502657E-01   0.235203E-01   0.254206E-01   0.440777E-01   0.502657E-01   0.254206E-01   0.235203E-01   0.440777E-01  -0.987518E-03  -0.170693E-02  -0.170693E-02   0.717348E-03
   0.855000E+00   0.994463E-03   0.171052E-02   0.171052E-02  -0.719475E-03   0.491128E-01   0.244325E-01   0.263007E-01   0.429623E-01   0.491128E-01   0.263007E-01   0.244325E-01   0.429623E-01  -0.994463E-03  -0.171052E-02  -0.171052E-02   0.719475E-03
   0.860000E+00   0.989283E-03   0.171426E-02   0.171426E-02  -0.713555E-03   0.479388E-01   0.253572E-01   0.271871E-01   0.418392E-01   0.479388E-01   0.271871E-01   0.253572E-01   0.418392E-01  -0.989283E-03  -0.171426E-02  -0.171426E-02   0.713555E-03
   0.865000E+00   0.992574E-03   0.171751E-02   0.171751E-02  -0.709033E-03   0.467633E-01   0.262917E-01   0.280636E-01   0.407180E-01   0.467633E-01   0.280636E-01   0.262917E-01   0.407180E-01  -0.992574E-03  -0.171751E-02  -0.171751E-02   0.709033E-03
   0.870000E+00   0.998912E-03   0.171567E-02   0.171567E-02  -0.709340E-03   0.455756E-01   0.272357E-01   0.289320E-01   0.395780E-01   0.455756E-01   0.289320E-01   0.272357E-01   0.395780E-01  -0.998912E-03  -0.171567E-02  -0.171567E-02   0.709340E-03
   0.875000E+00   0.998914E-03   0.171802E-02   0.171802E-02  -0.703991E-03   0.443852E-01   0.281776E-01   0.298050E-01   0.384388E-01   0.443852E-01   0.298050E-01   0.281776E-01   0.384388E-01  -0.998914E-03  -0.171802E-02  -0.171802E-02   0.703991E-03
   0.880000E+00   0.100112E-02   0.171595E-02   0.171595E-02  -0.700383E-03   0.431816E-01   0.291271E-01   0.306645E-01   0.372998E-01   0.431816E-01   0.306645E-01   0.291271E-01   0.372998E-01  -0.100112E-02  -0.171595E-02  -0.171595E-02   0.700383E-03
   0.885000E+00   0.101211E-02   0.172285E-02   0.172285E-02  -0.693892E-03   0.419743E-01   0.300845E-01   0.315112E-01   0.361503E-01   0.419743E-01   0.315112E-01   0.300845E-01   0.361503E-01  -0.101211E-02  -0.172285E-02  -0.172285E-02   0.693892E-03
   0.890000E+00   0.101055E-02   0.171998E-02   0.171998E-02  -0.692032E-03   0.407627E-01   0.310277E-01   0.323387E-01   0.349999E-01   0.407627E-01   0.323387E-01   0.310277E-01   0.349999E-01  -0.101055E-02  -0.171998E-02  -0.171998E-02   0.692032E-03
   0.895000E+00   0.101701E-02   0.171666E-02   0.171666E-02  -0.694290E-03   0.395564E-01   0.319762E-01   0.331588E-01   0.338480E-01   0.395564E-01   0.331588E-01   0.319762E-01   0.338480E-01  -0.101701E-02  -0.171666E-02  -0.171666E-02   0.694290E-03
   0.900000E+00   0.101599E-02   0.172827E-02   0.172827E-02  -0.684151E-03   0.383449E-01   0.329006E-01   0.339521E-01   0.326940E-01   0.383449E-01   0.339521E-01   0.329006E-01   0.326940E-01  -0.101599E-02  -0.172827E-02  -0.172827E-02   0.684151E-03
   0.905000E+00   0.101802E-02   0.172412E-02   0.172412E-02  -0.681100E-03   0.371179E-01   0.338385E-01   0.347421E-01   0.315474E-01   0.371179E-01   0.347421E-01   0.338385E-01   0.315474E-01  -0.101802E-02  -0.172412E-02  -0.172412E-02   0.681100E-03
   0.910000E+00   0.102367E-02   0.172355E-02   0.172355E-02  -0.684613E-03   0.359048E-01   0.347616E-01   0.354986E-01   0.304076E-01   0.359048E-01   0.354986E-01   0.347616E-01   0.304076E-01  -0.102367E-02  -0.172355E-02  -0.172355E-02   0.684613E-03
   0.915000E+00   0.102745E-02   0.173188E-02   0.173188E-02  -0.678196E-03   0.346854E-01   0.356594E-01   0.362230E-01   0.292641E-01   0.346854E-01   0.362230E-01   0.356594E-01   0.292641E-01  -0.102745E-02  -0.173188E-02  -0.173188E-02   0.678196E-03
   0.920000E+00   0.103183E-02   0.172643E-02   0.172643E-02  -0.673379E-03   0.334792E-01   0.365316E-01   0.369370E-01   0.281162E-01   0.334792E-01   0.369370E-01   0.365316E-01   0.281162E-01  -0.103183E-02  -0.172643E-02  -0.172643E-02   0.673379E-03
   0.925000E+00   0.103333E-02   0.173054E-02   0.173054E-02  -0.675765E-03   0.322759E-01   0.373969E-01   0.376129E-01   0.269936E-01   0.322759E-01   0.376129E-01   0.373969E-01   0.269936E-01  -0.103333E-02  -0.173054E-02  -0.173054E-02   0.675765E-03
   0.930000E+00   0.103243E-02   0.173357E-02   0.173357E-02  -0.674897E-03   0.310653E-01   0.382468E-01   0.382604E-01   0.258656E-01   0.310653E-01   0.382604E-01   0.382468E-01   0.258656E-01  -0.103243E-02  -0.173357E-02  -0.173357E-02   0.674897E-03
   0.935000E+00   0.103555E-02   0.173883E-02   0.173883E-02  -0.666300E-03   0.298869E-01   0.390521E-01   0.388797E-01   0.247417E-01   0.298869E-01   0.388797E-01   0.390521E-01   0.247417E-01  -0.103555E-02  -0.173883E-02  -0.173883E-02   0.666300E-03
   0.940000E+00   0.103311E-02   0.173569E-02   0.173569E-02  -0.669612E-03   0.286907E-01   0.398523E-01   0.394524E-01   0.236415E-01   0.286907E-01   0.394524E-01   0.398523E-01   0.236415E-01  -0.103311E-02  -0.173569E-02  -0.173569E-02   0.669612E-03
   0.945000E+00   0.104352E-02   0.173551E-02   0.173551E-02  -0.662483E-03   0.275263E-01   0.406050E-01   0.400020E-01   0.225545E-01   0.275263E-01   0.400020E-01   0.406050E-01   0.225545E-01  -0.104352E-02  -0.173551E-02  -0.173551E-02   0.662483E-03
   0.950000E+00   0.103717E-02   0.173766E-02   0.173766E-02  -0.664544E-03   0.263535E-01   0.413558E-01   0.405036E-01   0.214802E-01   0.263535E-01   0.405036E-01   0.413558E-01   0.214802E-01  -0.103717E-02  -0.173766E-02  -0.173766E-02   0.664544E-03
   0.955000E+00   0.104040E-02   0.174551E-02   0.174551E-02  -0.661459E-03   0.252123E-01   0.420312E-01   0.409719E-01   0.204082E-01   0.252123E-01   0.409719E-01   0.420312E-01   0.204082E-01  -0.104040E-02  -0.174551E-02  -0.174551E-02   0.661459E-03
   0.960000E+00   0.104354E-02   0.174847E-02   0.174847E-02  -0.652928E-03   0.240724E-01   0.427030E-01   0.413961E-01   0.193681E-01   0.240724E-01   0.413961E-01   0.427030E-01   0.193681E-01  -0.104354E-02  -0.174847E-02  -0.174847E-02   0.652928E-03
   0.965000E+00   0.104690E-02   0.174595E-02   0.174595E-02  -0.658689E-03   0.229437E-01   0.433294E-01   0.417785E-01   0.183395E-01   0.229437E-01   0.417785E-01   0.433294E-01   0.183395E-01  -0.104690E-02  -0.174595E-02  -0.174595E-02   0.658689E-03
   0.970000E+00   0.104875E-02   0.174936E-02   0.174936E-02  -0.656494E-03   0.218462E-01   0.439061E-01   0.421145E-01   0.173220E-01   0.218462E-01   0.421145E-01   0.439061E-01   0.173220E-01  -0.104875E-02  -0.174936E-02  -0.174936E-02   0.656494E-03
   0.975000E+00   0.104934E-02   0.174813E-02   0.174813E-02  -0.656116E-03   0.207599E-01   0.444495E-01   0.424085E-01   0.163253E-01   0.207599E-01   0.424085E-01   0.444495E-01   0.163253E-01  -0.104934E-02  -0.174813E-02  -0.174813E-02   0.656116E-03
   0.980000E+00   0.105488E-02   0.175571E-02   0.175571E-02  -0.653368E-03   0.197046E-01   0.449312E-01   0.426497E-01   0.153592E-01   0.197046E-01   0.426497E-01   0.449312E-01   0.153592E-01  -0.105488E-02  -0.175571E-02  -0.175571E-02   0.653368E-03
   0.985000E+00   0.105754E-02   0.174959E-02   0.174959E-02  -0.650097E-03   0.186504E-01   0.453924E-01   0.428474E-01   0.144133E-01   0.186504E-01   0.428474E-01   0.453924E-01   0.144133E-01  -0.105754E-02  -0.174959E-02  -0.174959E-02   0.650097E-03
   0.990000E+00   0.105547E-02   0.175122E-02   0.175122E-02  -0.644175E-03   0.176274E-01   0.457946E-01   0.429909E-01   0.134774E-01   0.176274E-01   0.429909E-01   0.457946E-01   0.134774E-01  -0.105547E-02  -0.175122E-02  -0.175122E-02   0.644175E-03
   0.995000E+00   0.105880E-02   0.176010E-02   0.176010E-02  -0.645516E-03   0.166356E-01   0.461373E-01   0.430916E-01   0.125814E-01   0.166356E-01   0.430916E-01   0.461373E-01   0.125814E-01  -0.105880E-02  -0.176010E-02  -0.176010E-02   0.645516E-03
   0.100000E+01   0.105561E-02   0.175778E-02   0.175778E-02  -0.642061E-03   0.156652E-01   0.464317E-01   0.431386E-01   0.116951E-01   0.156652E-01   0.431386E-01   0.464317E-01   0.116951E-01  -0.105561E-02  -0.175778E-02  -0.175778E-02   0.642061E-03
